TN:
SF:components\FeatureCard.js
FN:4,FeatureCard
FNF:1
FNH:1
FNDA:5,FeatureCard
DA:5,5
DA:14,1
LF:2
LH:2
BRF:0
BRH:0
end_of_record
TN:
SF:components\FloatingLanguageSwitcher.js
FN:10,normalizeLanguage
FN:15,FloatingLanguageSwitcher
FN:20,(anonymous_2)
FN:24,(anonymous_3)
FN:25,(anonymous_4)
FN:26,(anonymous_5)
FN:30,(anonymous_6)
FN:52,(anonymous_7)
FN:67,(anonymous_8)
FN:69,(anonymous_9)
FNF:10
FNH:10
FNDA:39,normalizeLanguage
FNDA:22,FloatingLanguageSwitcher
FNDA:11,(anonymous_2)
FNDA:13,(anonymous_3)
FNDA:15,(anonymous_4)
FNDA:26,(anonymous_5)
FNDA:2,(anonymous_6)
FNDA:26,(anonymous_7)
FNDA:6,(anonymous_8)
FNDA:1,(anonymous_9)
DA:5,2
DA:11,39
DA:12,39
DA:16,22
DA:17,22
DA:18,22
DA:20,22
DA:21,11
DA:24,22
DA:25,15
DA:26,26
DA:27,13
DA:30,22
DA:31,2
DA:33,2
DA:34,2
DA:35,2
DA:37,2
DA:38,2
DA:39,2
DA:42,0
DA:44,2
DA:48,22
DA:53,26
DA:54,26
DA:56,26
DA:68,6
DA:69,4
DA:70,1
DA:72,4
DA:73,4
DA:76,2
DA:93,2
LF:33
LH:32
BRDA:11,0,0,39
BRDA:11,0,1,0
BRDA:12,1,0,2
BRDA:12,1,1,37
BRDA:15,2,0,11
BRDA:27,3,0,13
BRDA:27,3,1,0
BRDA:37,4,0,2
BRDA:37,4,1,2
BRDA:38,5,0,2
BRDA:38,5,1,0
BRDA:49,6,0,22
BRDA:49,6,1,11
BRDA:50,7,0,22
BRDA:50,7,1,11
BRDA:52,8,0,4
BRDA:52,8,1,18
BRDA:54,9,0,26
BRDA:54,9,1,18
BRDA:61,10,0,18
BRDA:61,10,1,8
BRDA:66,11,0,26
BRDA:66,11,1,22
BRDA:68,12,0,4
BRDA:68,12,1,2
BRDA:79,13,0,26
BRDA:79,13,1,22
BRF:27
BRH:24
end_of_record
TN:
SF:components\Footer.js
FN:5,Footer
FN:7,(anonymous_1)
FNF:2
FNH:2
FNDA:4,Footer
FNDA:1,(anonymous_1)
DA:6,4
DA:7,4
DA:8,1
DA:9,1
DA:12,4
DA:58,1
LF:6
LH:6
BRDA:8,0,0,0
BRDA:8,0,1,1
BRF:2
BRH:1
end_of_record
TN:
SF:components\StudentCard.js
FN:5,StudentCard
FN:10,(anonymous_1)
FN:24,(anonymous_2)
FNF:3
FNH:3
FNDA:7,StudentCard
FNDA:1,(anonymous_1)
FNDA:1,(anonymous_2)
DA:6,7
DA:7,7
DA:8,7
DA:10,7
DA:11,1
DA:12,1
DA:24,7
DA:25,1
DA:26,1
DA:38,7
DA:80,1
LF:11
LH:11
BRF:0
BRH:0
end_of_record
TN:
SF:components\AdaptiveTest\PersonalityQuestionCard.js
FN:6,safeNum
FN:11,PersonalityQuestionCard
FN:28,(anonymous_2)
FN:39,(anonymous_3)
FN:44,(anonymous_4)
FN:54,(anonymous_5)
FN:62,renderScale10
FN:65,(anonymous_7)
FN:69,(anonymous_8)
FN:74,(anonymous_9)
FN:75,(anonymous_10)
FN:89,renderMultipleChoice
FN:100,(anonymous_12)
FN:107,(anonymous_13)
FN:108,(anonymous_14)
FN:123,renderOpenEnded
FN:142,renderByType
FNF:17
FNH:16
FNDA:4,safeNum
FNDA:11,PersonalityQuestionCard
FNDA:8,(anonymous_2)
FNDA:0,(anonymous_3)
FNDA:11,(anonymous_4)
FNDA:11,(anonymous_5)
FNDA:2,renderScale10
FNDA:20,(anonymous_7)
FNDA:20,(anonymous_8)
FNDA:2,(anonymous_9)
FNDA:20,(anonymous_10)
FNDA:3,renderMultipleChoice
FNDA:2,(anonymous_12)
FNDA:1,(anonymous_13)
FNDA:2,(anonymous_14)
FNDA:2,renderOpenEnded
FNDA:11,renderByType
DA:7,4
DA:8,4
DA:25,11
DA:28,11
DA:29,8
DA:30,8
DA:34,11
DA:35,11
DA:36,11
DA:37,11
DA:39,4
DA:42,11
DA:44,11
DA:45,11
DA:47,10
DA:54,11
DA:55,11
DA:56,11
DA:57,8
DA:63,2
DA:64,2
DA:65,20
DA:67,2
DA:70,20
DA:71,20
DA:74,2
DA:75,20
DA:90,3
DA:91,2
DA:98,1
DA:101,2
DA:102,2
DA:104,2
DA:107,1
DA:108,2
DA:124,2
DA:143,11
DA:145,2
DA:147,3
DA:149,2
DA:155,2
DA:165,2
DA:178,11
DA:188,1
LF:44
LH:44
BRDA:6,0,0,0
BRDA:8,1,0,4
BRDA:8,1,1,0
BRDA:13,2,0,0
BRDA:30,3,0,0
BRDA:30,3,1,8
BRDA:30,4,0,8
BRDA:30,4,1,8
BRDA:36,5,0,4
BRDA:36,5,1,7
BRDA:37,6,0,4
BRDA:37,6,1,7
BRDA:45,7,0,1
BRDA:45,7,1,10
BRDA:48,8,0,10
BRDA:48,8,1,0
BRDA:48,8,2,0
BRDA:48,9,0,6
BRDA:48,9,1,4
BRDA:56,10,0,3
BRDA:56,10,1,8
BRDA:77,11,0,20
BRDA:77,11,1,0
BRDA:78,12,0,20
BRDA:78,12,1,0
BRDA:78,12,2,0
BRDA:81,13,0,20
BRDA:81,13,1,0
BRDA:90,14,0,2
BRDA:90,14,1,1
BRDA:93,15,0,1
BRDA:93,15,1,1
BRDA:101,16,0,2
BRDA:101,16,1,0
BRDA:101,16,2,0
BRDA:101,17,0,2
BRDA:101,17,1,0
BRDA:110,18,0,2
BRDA:110,18,1,0
BRDA:111,19,0,2
BRDA:111,19,1,0
BRDA:111,19,2,0
BRDA:114,20,0,2
BRDA:114,20,1,0
BRDA:115,21,0,2
BRDA:115,21,1,0
BRDA:131,22,0,1
BRDA:131,22,1,1
BRDA:135,23,0,1
BRDA:135,23,1,1
BRDA:143,24,0,2
BRDA:143,24,1,3
BRDA:143,24,2,2
BRDA:143,24,3,1
BRDA:143,24,4,2
BRDA:143,24,5,2
BRDA:159,25,0,1
BRDA:159,25,1,1
BRDA:169,26,0,2
BRDA:169,26,1,0
BRDA:180,27,0,7
BRDA:180,27,1,4
BRF:62
BRH:43
end_of_record
TN:
SF:components\AdaptiveTest\ProgressIndicator.js
FN:15,clamp
FN:19,abilityColorFromPercent
FN:25,ProgressIndicator
FN:44,(anonymous_3)
FN:49,(anonymous_4)
FN:56,(anonymous_5)
FN:69,(anonymous_6)
FN:75,(anonymous_7)
FNF:8
FNH:8
FNDA:4,clamp
FNDA:3,abilityColorFromPercent
FNDA:3,ProgressIndicator
FNDA:11,(anonymous_3)
FNDA:3,(anonymous_4)
FNDA:3,(anonymous_5)
FNDA:3,(anonymous_6)
FNDA:3,(anonymous_7)
DA:16,4
DA:20,3
DA:21,3
DA:22,0
DA:40,3
DA:41,3
DA:44,3
DA:45,11
DA:46,11
DA:49,3
DA:50,3
DA:51,1
DA:54,3
DA:56,3
DA:57,3
DA:64,3
DA:69,3
DA:70,3
DA:71,3
DA:74,3
DA:75,3
DA:79,3
DA:80,3
DA:82,3
DA:86,3
DA:151,1
LF:26
LH:25
BRDA:20,0,0,0
BRDA:20,0,1,3
BRDA:21,1,0,3
BRDA:21,1,1,0
BRDA:26,2,0,2
BRDA:27,3,0,2
BRDA:30,4,0,3
BRDA:31,5,0,3
BRDA:34,6,0,2
BRDA:35,7,0,2
BRDA:36,8,0,2
BRDA:46,9,0,0
BRDA:46,9,1,11
BRDA:46,10,0,11
BRDA:46,10,1,11
BRDA:50,11,0,2
BRDA:50,11,1,1
BRDA:71,12,0,3
BRDA:71,12,1,0
BRDA:80,13,0,1
BRDA:80,13,1,2
BRDA:82,14,0,1
BRDA:82,14,1,2
BRDA:84,15,0,1
BRDA:84,15,1,1
BRDA:104,16,0,3
BRDA:104,16,1,0
BRDA:123,17,0,2
BRDA:123,17,1,1
BRDA:133,18,0,2
BRDA:133,18,1,1
BRDA:143,19,0,2
BRDA:143,19,1,1
BRF:33
BRH:28
end_of_record
TN:
SF:components\AdaptiveTest\QuestionCard.js
FN:32,seededShuffle
FN:39,rand
FN:52,isHe
FN:56,QuestionCard
FN:78,(anonymous_4)
FN:83,(anonymous_5)
FN:89,(anonymous_6)
FN:98,(anonymous_7)
FN:108,(anonymous_8)
FN:109,(anonymous_9)
FN:120,(anonymous_10)
FN:147,(anonymous_11)
FN:167,(anonymous_12)
FN:185,(anonymous_13)
FN:198,(anonymous_14)
FN:209,(anonymous_15)
FN:215,(anonymous_16)
FN:218,(anonymous_17)
FN:296,(anonymous_18)
FN:338,(anonymous_19)
FNF:20
FNH:13
FNDA:1,seededShuffle
FNDA:0,rand
FNDA:1,isHe
FNDA:1,QuestionCard
FNDA:1,(anonymous_4)
FNDA:3,(anonymous_5)
FNDA:1,(anonymous_6)
FNDA:1,(anonymous_7)
FNDA:1,(anonymous_8)
FNDA:4,(anonymous_9)
FNDA:4,(anonymous_10)
FNDA:1,(anonymous_11)
FNDA:1,(anonymous_12)
FNDA:0,(anonymous_13)
FNDA:0,(anonymous_14)
FNDA:0,(anonymous_15)
FNDA:4,(anonymous_16)
FNDA:0,(anonymous_17)
FNDA:0,(anonymous_18)
FNDA:0,(anonymous_19)
DA:33,1
DA:35,1
DA:36,1
DA:37,1
DA:40,0
DA:41,0
DA:44,1
DA:45,0
DA:46,0
DA:49,1
DA:53,1
DA:72,1
DA:75,1
DA:76,1
DA:77,1
DA:78,1
DA:83,1
DA:84,3
DA:85,3
DA:89,1
DA:90,1
DA:91,1
DA:93,1
DA:94,0
DA:95,0
DA:98,1
DA:99,1
DA:100,1
DA:102,1
DA:103,0
DA:104,0
DA:108,1
DA:109,1
DA:110,4
DA:111,0
DA:112,0
DA:115,1
DA:120,4
DA:123,1
DA:128,1
DA:146,1
DA:147,1
DA:148,1
DA:149,1
DA:157,1
DA:161,1
DA:164,1
DA:165,1
DA:167,1
DA:168,1
DA:170,0
DA:171,0
DA:173,0
DA:180,0
DA:181,0
DA:182,0
DA:185,1
DA:186,0
DA:187,0
DA:188,0
DA:189,0
DA:190,0
DA:198,1
DA:199,0
DA:200,0
DA:201,0
DA:204,0
DA:205,0
DA:206,0
DA:209,1
DA:210,0
DA:214,1
DA:215,4
DA:218,1
DA:219,0
DA:220,0
DA:221,0
DA:222,0
DA:229,1
DA:231,1
DA:236,1
DA:240,1
DA:297,0
DA:298,0
DA:300,0
DA:304,0
DA:310,0
DA:311,0
DA:312,0
DA:319,0
DA:329,0
DA:339,0
DA:340,0
DA:341,0
DA:394,1
LF:95
LH:51
BRDA:36,0,0,1
BRDA:36,0,1,0
BRDA:53,1,0,1
BRDA:53,1,1,0
BRDA:62,2,0,0
BRDA:63,3,0,1
BRDA:69,4,0,1
BRDA:75,5,0,1
BRDA:75,5,1,0
BRDA:78,6,0,1
BRDA:78,6,1,1
BRDA:78,6,2,0
BRDA:85,7,0,0
BRDA:85,7,1,3
BRDA:85,8,0,3
BRDA:85,8,1,3
BRDA:93,9,0,1
BRDA:93,9,1,0
BRDA:93,10,0,1
BRDA:93,10,1,0
BRDA:93,10,2,0
BRDA:94,11,0,0
BRDA:94,11,1,0
BRDA:94,12,0,0
BRDA:94,12,1,0
BRDA:94,12,2,0
BRDA:95,13,0,0
BRDA:95,13,1,0
BRDA:95,13,2,0
BRDA:102,14,0,1
BRDA:102,14,1,0
BRDA:102,15,0,1
BRDA:102,15,1,1
BRDA:102,15,2,1
BRDA:103,16,0,0
BRDA:103,16,1,0
BRDA:103,17,0,0
BRDA:103,17,1,0
BRDA:103,17,2,0
BRDA:104,18,0,0
BRDA:104,18,1,0
BRDA:104,18,2,0
BRDA:110,19,0,4
BRDA:110,19,1,0
BRDA:110,20,0,4
BRDA:110,20,1,4
BRDA:110,20,2,4
BRDA:111,21,0,0
BRDA:111,21,1,0
BRDA:111,22,0,0
BRDA:111,22,1,0
BRDA:111,22,2,0
BRDA:112,23,0,0
BRDA:112,23,1,0
BRDA:112,23,2,0
BRDA:120,24,0,4
BRDA:120,24,1,4
BRDA:123,25,0,1
BRDA:123,25,1,0
BRDA:123,25,2,0
BRDA:123,25,3,0
BRDA:168,26,0,1
BRDA:168,26,1,0
BRDA:170,27,0,0
BRDA:170,27,1,0
BRDA:180,28,0,0
BRDA:180,28,1,0
BRDA:181,29,0,0
BRDA:181,29,1,0
BRDA:186,30,0,0
BRDA:186,30,1,0
BRDA:199,31,0,0
BRDA:199,31,1,0
BRDA:200,32,0,0
BRDA:200,32,1,0
BRDA:204,33,0,0
BRDA:204,33,1,0
BRDA:205,34,0,0
BRDA:205,34,1,0
BRDA:205,35,0,0
BRDA:205,35,1,0
BRDA:210,36,0,0
BRDA:210,36,1,0
BRDA:210,37,0,0
BRDA:210,37,1,0
BRDA:210,37,2,0
BRDA:220,38,0,0
BRDA:220,38,1,0
BRDA:229,39,0,1
BRDA:229,39,1,0
BRDA:233,40,0,1
BRDA:233,40,1,0
BRDA:236,41,0,0
BRDA:236,41,1,1
BRDA:237,42,0,0
BRDA:237,42,1,0
BRDA:238,43,0,1
BRDA:238,43,1,0
BRDA:250,44,0,1
BRDA:250,44,1,0
BRDA:251,45,0,1
BRDA:251,45,1,0
BRDA:254,46,0,1
BRDA:254,46,1,0
BRDA:281,47,0,1
BRDA:281,47,1,0
BRDA:286,48,0,1
BRDA:286,48,1,1
BRDA:286,48,2,0
BRDA:286,48,3,0
BRDA:298,49,0,0
BRDA:298,49,1,0
BRDA:311,50,0,0
BRDA:311,50,1,0
BRDA:313,51,0,0
BRDA:313,51,1,0
BRDA:320,52,0,0
BRDA:320,52,1,0
BRDA:322,53,0,0
BRDA:322,53,1,0
BRDA:339,54,0,0
BRDA:339,54,1,0
BRDA:346,55,0,0
BRDA:346,55,1,0
BRDA:347,56,0,0
BRDA:347,56,1,0
BRDA:347,56,2,0
BRDA:348,57,0,0
BRDA:348,57,1,0
BRDA:348,57,2,0
BRDA:349,58,0,0
BRDA:349,58,1,0
BRDA:354,59,0,0
BRDA:354,59,1,0
BRDA:368,60,0,1
BRDA:368,60,1,0
BRDA:368,60,2,0
BRDA:368,61,0,0
BRDA:368,61,1,0
BRDA:372,62,0,0
BRDA:372,62,1,0
BRDA:380,63,0,0
BRDA:380,63,1,0
BRDA:385,64,0,0
BRDA:385,64,1,0
BRF:145
BRH:35
end_of_record
TN:
SF:components\AdaptiveTest\RadarChart.js
FN:26,safeNum
FN:31,isHe
FN:35,getSubjectNameByLang
FN:48,RadarChart
FN:52,(anonymous_4)
FN:60,(anonymous_5)
FN:70,(anonymous_6)
FN:79,(anonymous_7)
FN:102,(anonymous_8)
FN:107,(anonymous_9)
FN:150,(anonymous_10)
FN:170,(anonymous_11)
FN:189,(anonymous_12)
FN:206,(anonymous_13)
FN:224,(anonymous_14)
FNF:15
FNH:15
FNDA:39,safeNum
FNDA:2,isHe
FNDA:10,getSubjectNameByLang
FNDA:5,RadarChart
FNDA:14,(anonymous_4)
FNDA:5,(anonymous_5)
FNDA:3,(anonymous_6)
FNDA:3,(anonymous_7)
FNDA:4,(anonymous_8)
FNDA:14,(anonymous_9)
FNDA:15,(anonymous_10)
FNDA:15,(anonymous_11)
FNDA:7,(anonymous_12)
FNDA:7,(anonymous_13)
FNDA:7,(anonymous_14)
DA:19,1
DA:20,1
DA:21,1
DA:22,1
DA:24,1
DA:27,39
DA:28,39
DA:32,2
DA:36,10
DA:37,10
DA:39,10
DA:40,8
DA:42,2
DA:43,2
DA:45,0
DA:49,5
DA:50,5
DA:52,5
DA:53,14
DA:54,14
DA:60,5
DA:61,5
DA:63,3
DA:69,1
DA:70,3
DA:79,3
DA:82,2
DA:85,5
DA:86,2
DA:101,3
DA:102,4
DA:105,3
DA:107,3
DA:108,14
DA:109,14
DA:110,14
DA:117,3
DA:124,3
DA:129,3
DA:134,3
DA:139,3
DA:151,15
DA:152,15
DA:171,15
DA:172,15
DA:190,7
DA:207,7
DA:208,7
DA:209,7
DA:225,7
DA:226,7
DA:227,7
DA:229,7
DA:230,7
DA:231,7
DA:233,7
DA:273,1
LF:57
LH:56
BRDA:26,0,0,39
BRDA:28,1,0,39
BRDA:28,1,1,0
BRDA:32,2,0,2
BRDA:32,2,1,0
BRDA:37,3,0,10
BRDA:37,3,1,10
BRDA:39,4,0,8
BRDA:39,4,1,2
BRDA:40,5,0,8
BRDA:40,5,1,0
BRDA:40,5,2,0
BRDA:40,5,3,0
BRDA:42,6,0,2
BRDA:42,6,1,0
BRDA:43,7,0,2
BRDA:43,7,1,0
BRDA:43,7,2,0
BRDA:43,7,3,0
BRDA:45,8,0,0
BRDA:45,8,1,0
BRDA:45,8,2,0
BRDA:45,8,3,0
BRDA:54,9,0,0
BRDA:54,9,1,14
BRDA:54,10,0,14
BRDA:54,10,1,14
BRDA:61,11,0,2
BRDA:61,11,1,3
BRDA:61,12,0,5
BRDA:61,12,1,2
BRDA:63,13,0,1
BRDA:63,13,1,2
BRDA:64,14,0,3
BRDA:64,14,1,1
BRDA:64,14,2,1
BRDA:64,14,3,1
BRDA:74,15,0,3
BRDA:74,15,1,0
BRDA:75,16,0,3
BRDA:75,16,1,0
BRDA:76,17,0,3
BRDA:76,17,1,0
BRDA:79,18,0,3
BRDA:79,18,1,0
BRDA:85,19,0,2
BRDA:85,19,1,3
BRDA:91,20,0,1
BRDA:91,20,1,1
BRDA:119,21,0,2
BRDA:119,21,1,1
BRDA:126,22,0,2
BRDA:126,22,1,1
BRDA:131,23,0,2
BRDA:131,23,1,1
BRDA:136,24,0,2
BRDA:136,24,1,1
BRDA:230,25,0,1
BRDA:230,25,1,6
BRDA:231,26,0,1
BRDA:231,26,1,6
BRF:61
BRH:43
end_of_record
TN:
SF:components\AdaptiveTest\ReviewAnswersScreen.js
FN:19,ReviewAnswersScreen
FN:26,(anonymous_1)
FN:29,(anonymous_2)
FN:39,(anonymous_3)
FN:42,(anonymous_4)
FN:96,(anonymous_5)
FN:127,(anonymous_6)
FN:132,(anonymous_7)
FN:134,(anonymous_8)
FN:139,(anonymous_9)
FN:200,(anonymous_10)
FNF:11
FNH:10
FNDA:11,ReviewAnswersScreen
FNDA:5,(anonymous_1)
FNDA:0,(anonymous_2)
FNDA:6,(anonymous_3)
FNDA:6,(anonymous_4)
FNDA:1,(anonymous_5)
FNDA:6,(anonymous_6)
FNDA:9,(anonymous_7)
FNDA:1,(anonymous_8)
FNDA:1,(anonymous_9)
FNDA:1,(anonymous_10)
DA:20,11
DA:23,11
DA:26,11
DA:27,5
DA:28,5
DA:29,0
DA:34,11
DA:36,11
DA:37,11
DA:39,11
DA:40,6
DA:42,6
DA:43,6
DA:44,6
DA:46,6
DA:47,1
DA:51,1
DA:54,5
DA:55,0
DA:59,0
DA:62,5
DA:84,4
DA:85,0
DA:89,0
DA:92,4
DA:95,4
DA:97,1
DA:98,1
DA:100,1
DA:102,1
DA:116,4
DA:118,0
DA:123,5
DA:127,6
DA:128,6
DA:132,11
DA:133,9
DA:134,9
DA:135,9
DA:136,9
DA:139,11
DA:140,1
DA:143,11
DA:144,6
DA:152,5
DA:153,4
DA:167,1
DA:201,1
DA:245,1
LF:49
LH:43
BRDA:19,0,0,0
BRDA:27,1,0,0
BRDA:27,1,1,5
BRDA:28,2,0,0
BRDA:28,2,1,5
BRDA:46,3,0,1
BRDA:46,3,1,5
BRDA:48,4,0,1
BRDA:48,4,1,0
BRDA:49,5,0,1
BRDA:49,5,1,0
BRDA:54,6,0,0
BRDA:54,6,1,5
BRDA:56,7,0,0
BRDA:56,7,1,0
BRDA:57,8,0,0
BRDA:57,8,1,0
BRDA:84,9,0,0
BRDA:84,9,1,4
BRDA:86,10,0,0
BRDA:86,10,1,0
BRDA:87,11,0,0
BRDA:87,11,1,0
BRDA:92,12,0,0
BRDA:92,12,1,4
BRDA:95,13,0,4
BRDA:95,13,1,0
BRDA:95,14,0,4
BRDA:95,14,1,0
BRDA:97,15,0,1
BRDA:97,15,1,0
BRDA:98,16,0,0
BRDA:98,16,1,1
BRDA:119,17,0,0
BRDA:119,17,1,0
BRDA:120,18,0,0
BRDA:120,18,1,0
BRDA:123,19,0,5
BRDA:123,19,1,0
BRDA:134,20,0,1
BRDA:134,20,1,0
BRDA:143,21,0,6
BRDA:143,21,1,5
BRDA:152,22,0,4
BRDA:152,22,1,1
BRDA:217,23,0,1
BRDA:217,23,1,0
BRDA:226,24,0,1
BRDA:226,24,1,0
BRDA:229,25,0,1
BRDA:229,25,1,0
BRDA:231,26,0,1
BRDA:231,26,1,0
BRF:53
BRH:23
end_of_record
TN:
SF:components\Admin\AdminLayout.js
FN:40,useAdminLocale
FN:47,adminLabel
FN:51,useAdminBreakpoints
FN:61,AdminShell
FN:69,(anonymous_4)
FN:73,(anonymous_5)
FN:77,(anonymous_6)
FN:111,(anonymous_7)
FN:117,(anonymous_8)
FN:133,(anonymous_9)
FN:148,(anonymous_10)
FN:171,(anonymous_11)
FN:172,(anonymous_12)
FN:185,(anonymous_13)
FN:206,(anonymous_14)
FN:216,AdminCard
FN:235,StatCard
FN:250,FilterBar
FN:267,(anonymous_18)
FN:275,(anonymous_19)
FN:280,(anonymous_20)
FN:289,(anonymous_21)
FN:295,(anonymous_22)
FN:317,AdminTable
FN:325,(anonymous_24)
FN:326,(anonymous_25)
FN:327,(anonymous_26)
FN:332,(anonymous_27)
FN:335,(anonymous_28)
FN:365,(anonymous_29)
FN:371,(anonymous_30)
FN:375,(anonymous_31)
FN:378,(anonymous_32)
FN:396,StatusBadge
FN:410,LoadingState
FN:420,ErrorState
FN:430,EmptyState
FN:440,ChartCard
FN:443,(anonymous_38)
FN:449,(anonymous_39)
FN:465,FormInput
FN:484,formatCell
FNF:42
FNH:12
FNDA:8,useAdminLocale
FNDA:0,adminLabel
FNDA:52,useAdminBreakpoints
FNDA:8,AdminShell
FNDA:4,(anonymous_4)
FNDA:0,(anonymous_5)
FNDA:1,(anonymous_6)
FNDA:0,(anonymous_7)
FNDA:0,(anonymous_8)
FNDA:0,(anonymous_9)
FNDA:0,(anonymous_10)
FNDA:0,(anonymous_11)
FNDA:0,(anonymous_12)
FNDA:0,(anonymous_13)
FNDA:0,(anonymous_14)
FNDA:12,AdminCard
FNDA:16,StatCard
FNDA:0,FilterBar
FNDA:0,(anonymous_18)
FNDA:0,(anonymous_19)
FNDA:0,(anonymous_20)
FNDA:0,(anonymous_21)
FNDA:0,(anonymous_22)
FNDA:0,AdminTable
FNDA:0,(anonymous_24)
FNDA:0,(anonymous_25)
FNDA:0,(anonymous_26)
FNDA:0,(anonymous_27)
FNDA:0,(anonymous_28)
FNDA:0,(anonymous_29)
FNDA:0,(anonymous_30)
FNDA:0,(anonymous_31)
FNDA:0,(anonymous_32)
FNDA:0,StatusBadge
FNDA:3,LoadingState
FNDA:3,ErrorState
FNDA:0,EmptyState
FNDA:8,ChartCard
FNDA:8,(anonymous_38)
FNDA:8,(anonymous_39)
FNDA:0,FormInput
FNDA:0,formatCell
DA:22,1
DA:41,8
DA:42,8
DA:43,8
DA:44,8
DA:48,0
DA:52,52
DA:53,52
DA:62,8
DA:63,8
DA:64,8
DA:65,8
DA:66,8
DA:68,8
DA:69,4
DA:73,8
DA:74,0
DA:77,8
DA:78,1
DA:79,1
DA:80,1
DA:82,0
DA:86,8
DA:87,8
DA:88,0
DA:95,8
DA:96,0
DA:103,8
DA:104,2
DA:111,6
DA:112,0
DA:113,0
DA:118,0
DA:119,0
DA:133,6
DA:134,0
DA:148,0
DA:153,6
DA:171,0
DA:172,0
DA:185,0
DA:206,0
DA:217,12
DA:218,12
DA:219,12
DA:236,16
DA:237,16
DA:238,16
DA:251,0
DA:252,0
DA:253,0
DA:254,0
DA:268,0
DA:269,0
DA:270,0
DA:271,0
DA:276,0
DA:277,0
DA:278,0
DA:280,0
DA:290,0
DA:291,0
DA:296,0
DA:297,0
DA:318,0
DA:319,0
DA:320,0
DA:322,0
DA:323,0
DA:326,0
DA:327,0
DA:328,0
DA:332,0
DA:336,0
DA:361,0
DA:366,0
DA:372,0
DA:375,0
DA:379,0
DA:397,0
DA:398,0
DA:399,0
DA:400,0
DA:401,0
DA:402,0
DA:403,0
DA:411,3
DA:412,3
DA:421,3
DA:422,3
DA:431,0
DA:432,0
DA:441,8
DA:442,8
DA:443,8
DA:444,8
DA:450,8
DA:466,0
DA:467,0
DA:485,0
DA:486,0
DA:487,0
DA:488,0
DA:491,1
LF:104
LH:43
BRDA:42,0,0,8
BRDA:42,0,1,0
BRDA:43,1,0,8
BRDA:43,1,1,8
BRDA:44,2,0,8
BRDA:44,2,1,0
BRDA:48,3,0,0
BRDA:48,3,1,0
BRDA:48,4,0,0
BRDA:48,4,1,0
BRDA:48,5,0,0
BRDA:48,5,1,0
BRDA:56,6,0,52
BRDA:56,6,1,0
BRDA:69,7,0,4
BRDA:69,7,1,4
BRDA:69,7,2,4
BRDA:69,7,3,0
BRDA:74,8,0,0
BRDA:74,8,1,0
BRDA:82,9,0,0
BRDA:82,9,1,0
BRDA:86,10,0,8
BRDA:86,10,1,8
BRDA:86,10,2,0
BRDA:87,11,0,0
BRDA:87,11,1,8
BRDA:95,12,0,0
BRDA:95,12,1,8
BRDA:95,13,0,8
BRDA:95,13,1,0
BRDA:103,14,0,2
BRDA:103,14,1,6
BRDA:111,15,0,0
BRDA:116,16,0,0
BRDA:116,16,1,0
BRDA:116,17,0,0
BRDA:116,17,1,0
BRDA:123,18,0,0
BRDA:123,18,1,0
BRDA:123,19,0,0
BRDA:123,19,1,0
BRDA:124,20,0,0
BRDA:124,20,1,0
BRDA:125,21,0,0
BRDA:125,21,1,0
BRDA:133,22,0,0
BRDA:134,23,0,0
BRDA:134,23,1,0
BRDA:135,24,0,0
BRDA:135,24,1,0
BRDA:139,25,0,0
BRDA:139,25,1,0
BRDA:147,26,0,0
BRDA:147,26,1,0
BRDA:154,27,0,6
BRDA:154,27,1,6
BRDA:155,28,0,6
BRDA:155,28,1,0
BRDA:156,29,0,0
BRDA:156,29,1,0
BRDA:162,30,0,6
BRDA:162,30,1,6
BRDA:163,31,0,6
BRDA:163,31,1,6
BRDA:164,32,0,6
BRDA:164,32,1,6
BRDA:165,33,0,6
BRDA:165,33,1,6
BRDA:166,34,0,6
BRDA:166,34,1,6
BRDA:168,35,0,6
BRDA:168,35,1,6
BRDA:180,36,0,6
BRDA:180,36,1,6
BRDA:182,37,0,6
BRDA:182,37,1,6
BRDA:183,38,0,6
BRDA:183,38,1,0
BRDA:185,39,0,6
BRDA:185,39,1,6
BRDA:188,40,0,6
BRDA:188,40,1,6
BRDA:192,41,0,6
BRDA:192,41,1,6
BRDA:199,42,0,6
BRDA:199,42,1,6
BRDA:204,43,0,6
BRDA:204,43,1,6
BRDA:204,43,2,0
BRDA:220,44,0,12
BRDA:220,44,1,12
BRDA:221,45,0,12
BRDA:221,45,1,0
BRDA:221,45,2,12
BRDA:222,46,0,12
BRDA:222,46,1,12
BRDA:224,47,0,12
BRDA:224,47,1,12
BRDA:225,48,0,12
BRDA:225,48,1,4
BRDA:235,49,0,0
BRDA:239,50,0,16
BRDA:239,50,1,0
BRDA:239,51,0,16
BRDA:239,51,1,16
BRDA:245,52,0,16
BRDA:245,52,1,2
BRDA:250,53,0,0
BRDA:255,54,0,0
BRDA:255,54,1,0
BRDA:256,55,0,0
BRDA:256,55,1,0
BRDA:268,56,0,0
BRDA:268,56,1,0
BRDA:269,57,0,0
BRDA:269,57,1,0
BRDA:272,58,0,0
BRDA:272,58,1,0
BRDA:274,59,0,0
BRDA:274,59,1,0
BRDA:274,60,0,0
BRDA:274,60,1,0
BRDA:276,61,0,0
BRDA:276,61,1,0
BRDA:280,62,0,0
BRDA:280,62,1,0
BRDA:284,63,0,0
BRDA:284,63,1,0
BRDA:286,64,0,0
BRDA:286,64,1,0
BRDA:286,64,2,0
BRDA:290,65,0,0
BRDA:290,65,1,0
BRDA:294,66,0,0
BRDA:294,66,1,0
BRDA:300,67,0,0
BRDA:300,67,1,0
BRDA:317,68,0,0
BRDA:317,69,0,0
BRDA:320,70,0,0
BRDA:320,70,1,0
BRDA:322,71,0,0
BRDA:322,71,1,0
BRDA:330,72,0,0
BRDA:330,72,1,0
BRDA:333,73,0,0
BRDA:333,73,1,0
BRDA:339,74,0,0
BRDA:339,74,1,0
BRDA:349,75,0,0
BRDA:349,75,1,0
BRDA:351,76,0,0
BRDA:351,76,1,0
BRDA:366,77,0,0
BRDA:366,77,1,0
BRDA:373,78,0,0
BRDA:373,78,1,0
BRDA:376,79,0,0
BRDA:376,79,1,0
BRDA:379,80,0,0
BRDA:379,80,1,0
BRDA:380,81,0,0
BRDA:380,81,1,0
BRDA:398,82,0,0
BRDA:398,82,1,0
BRDA:401,83,0,0
BRDA:401,83,1,0
BRDA:401,84,0,0
BRDA:401,84,1,0
BRDA:402,85,0,0
BRDA:402,85,1,0
BRDA:402,86,0,0
BRDA:402,86,1,0
BRDA:405,87,0,0
BRDA:405,87,1,0
BRDA:410,88,0,3
BRDA:425,89,0,3
BRDA:425,89,1,0
BRDA:430,90,0,0
BRDA:440,91,0,0
BRDA:440,92,0,0
BRDA:443,93,0,8
BRDA:443,93,1,0
BRDA:445,94,0,8
BRDA:445,94,1,8
BRDA:448,95,0,8
BRDA:448,95,1,8
BRDA:453,96,0,8
BRDA:453,96,1,0
BRDA:473,97,0,0
BRDA:473,97,1,0
BRDA:485,98,0,0
BRDA:485,98,1,0
BRDA:485,99,0,0
BRDA:485,99,1,0
BRDA:485,99,2,0
BRDA:486,100,0,0
BRDA:486,100,1,0
BRDA:486,101,0,0
BRDA:486,101,1,0
BRDA:487,102,0,0
BRDA:487,102,1,0
BRF:203
BRH:68
end_of_record
TN:
SF:components\Admin\adminTheme.js
FNF:0
FNH:0
DA:1,1
DA:18,1
LF:2
LH:2
BRF:0
BRH:0
end_of_record
TN:
SF:components\Admin\adminTranslations.js
FN:466,normalizeArabicText
FN:476,translateAdminText
FN:490,useAdminTranslator
FN:494,(anonymous_3)
FNF:4
FNH:3
FNDA:0,normalizeArabicText
FNDA:75,translateAdminText
FNDA:58,useAdminTranslator
FNDA:75,(anonymous_3)
DA:3,1
DA:415,1
DA:429,1
DA:467,0
DA:477,75
DA:478,0
DA:479,0
DA:480,0
DA:481,0
DA:482,0
DA:483,0
DA:484,0
DA:485,0
DA:487,0
DA:491,58
DA:492,58
DA:493,58
DA:494,75
LF:18
LH:8
BRDA:467,0,0,0
BRDA:467,0,1,0
BRDA:477,1,0,75
BRDA:477,1,1,0
BRDA:477,2,0,75
BRDA:477,2,1,0
BRDA:479,3,0,0
BRDA:479,3,1,0
BRDA:481,4,0,0
BRDA:481,4,1,0
BRDA:483,5,0,0
BRDA:483,5,1,0
BRDA:485,6,0,0
BRDA:485,6,1,0
BRDA:492,7,0,58
BRDA:492,7,1,0
BRDA:493,8,0,58
BRDA:493,8,1,58
BRF:18
BRH:5
end_of_record
TN:
SF:components\Form\CustomButton.js
FN:5,CustomButton
FN:26,(anonymous_1)
FN:41,(anonymous_2)
FNF:3
FNH:3
FNDA:3,CustomButton
FNDA:3,(anonymous_1)
FNDA:2,(anonymous_2)
DA:16,3
DA:20,3
DA:26,3
DA:27,3
DA:28,2
DA:31,1
DA:33,0
DA:35,0
DA:37,1
DA:41,3
DA:42,2
DA:44,0
DA:46,2
DA:50,3
DA:78,1
LF:15
LH:12
BRDA:11,0,0,3
BRDA:12,1,0,2
BRDA:13,2,0,2
BRDA:14,3,0,3
BRDA:20,4,0,3
BRDA:20,4,1,0
BRDA:20,5,0,3
BRDA:20,5,1,3
BRDA:22,6,0,0
BRDA:22,6,1,0
BRDA:27,7,0,2
BRDA:27,7,1,1
BRDA:27,8,0,3
BRDA:27,8,1,2
BRDA:31,9,0,0
BRDA:31,9,1,0
BRDA:31,9,2,1
BRDA:42,10,0,0
BRDA:42,10,1,2
BRDA:52,11,0,3
BRDA:52,11,1,3
BRDA:54,12,0,3
BRDA:54,12,1,2
BRDA:59,13,0,1
BRDA:59,13,1,2
BRDA:63,14,0,2
BRDA:63,14,1,0
BRDA:67,15,0,0
BRDA:67,15,1,0
BRF:29
BRH:20
end_of_record
TN:
SF:components\Form\CustomTextInput.js
FN:6,CustomTextInput
FN:91,(anonymous_1)
FN:92,(anonymous_2)
FN:98,(anonymous_3)
FNF:4
FNH:1
FNDA:3,CustomTextInput
FNDA:0,(anonymous_1)
FNDA:0,(anonymous_2)
FNDA:0,(anonymous_3)
DA:30,3
DA:32,3
DA:33,3
DA:36,3
DA:43,3
DA:49,3
DA:91,0
DA:92,0
DA:98,0
DA:122,1
LF:10
LH:7
BRDA:22,0,0,3
BRDA:23,1,0,3
BRDA:24,2,0,3
BRDA:36,3,0,1
BRDA:36,3,1,2
BRDA:36,4,0,3
BRDA:36,4,1,1
BRDA:38,5,0,0
BRDA:38,5,1,2
BRDA:43,6,0,2
BRDA:43,6,1,1
BRDA:43,7,0,3
BRDA:43,7,1,2
BRDA:45,8,0,0
BRDA:45,8,1,1
BRDA:51,9,0,1
BRDA:51,9,1,2
BRDA:51,10,0,3
BRDA:51,10,1,2
BRDA:51,11,0,1
BRDA:51,11,1,0
BRDA:56,12,0,3
BRDA:56,12,1,0
BRDA:57,13,0,3
BRDA:57,13,1,0
BRDA:58,14,0,3
BRDA:58,14,1,1
BRDA:59,15,0,3
BRDA:59,15,1,0
BRDA:62,16,0,3
BRDA:62,16,1,0
BRDA:66,17,0,3
BRDA:66,17,1,0
BRDA:70,18,0,0
BRDA:70,18,1,0
BRDA:70,19,0,0
BRDA:70,19,1,0
BRDA:70,20,0,0
BRDA:70,20,1,0
BRDA:78,21,0,3
BRDA:78,21,1,0
BRDA:79,22,0,3
BRDA:79,22,1,0
BRDA:86,23,0,3
BRDA:86,23,1,0
BRDA:96,24,0,3
BRDA:96,24,1,0
BRDA:104,25,0,0
BRDA:104,25,1,0
BRDA:112,26,0,3
BRDA:112,26,1,1
BRF:51
BRH:31
end_of_record
TN:
SF:components\Navigation\Navbar.js
FN:9,Navbar
FN:18,(anonymous_1)
FN:23,(anonymous_2)
FN:29,(anonymous_3)
FN:82,(anonymous_4)
FN:89,(anonymous_5)
FN:117,(anonymous_6)
FN:117,(anonymous_7)
FN:133,(anonymous_8)
FNF:9
FNH:9
FNDA:11,Navbar
FNDA:88,(anonymous_1)
FNDA:1,(anonymous_2)
FNDA:1,(anonymous_3)
FNDA:64,(anonymous_4)
FNDA:2,(anonymous_5)
FNDA:2,(anonymous_6)
FNDA:2,(anonymous_7)
FNDA:1,(anonymous_8)
DA:10,11
DA:11,11
DA:12,11
DA:13,11
DA:15,11
DA:18,11
DA:19,88
DA:20,88
DA:23,11
DA:24,1
DA:25,1
DA:26,1
DA:29,11
DA:30,1
DA:33,11
DA:49,11
DA:50,11
DA:52,11
DA:83,64
DA:85,64
DA:89,2
DA:117,2
DA:134,1
DA:135,1
DA:162,1
LF:25
LH:25
BRDA:9,0,0,11
BRDA:15,1,0,11
BRDA:15,1,1,0
BRDA:15,2,0,11
BRDA:15,2,1,0
BRDA:16,3,0,0
BRDA:16,3,1,0
BRDA:20,4,0,70
BRDA:20,4,1,18
BRDA:20,5,0,88
BRDA:20,5,1,88
BRDA:33,6,0,9
BRDA:33,6,1,2
BRDA:50,7,0,11
BRDA:50,7,1,0
BRDA:54,8,0,11
BRDA:54,8,1,11
BRDA:59,9,0,11
BRDA:59,9,1,11
BRDA:65,10,0,11
BRDA:65,10,1,0
BRDA:67,11,0,0
BRDA:67,11,1,11
BRDA:69,12,0,11
BRDA:69,12,1,11
BRDA:79,13,0,11
BRDA:79,13,1,11
BRDA:81,14,0,11
BRDA:81,14,1,11
BRDA:88,15,0,64
BRDA:88,15,1,10
BRDA:92,16,0,64
BRDA:92,16,1,10
BRDA:96,17,0,10
BRDA:96,17,1,54
BRDA:101,18,0,64
BRDA:101,18,1,10
BRDA:101,19,0,64
BRDA:101,19,1,64
BRDA:105,20,0,10
BRDA:105,20,1,54
BRDA:109,21,0,9
BRDA:109,21,1,2
BRDA:110,22,0,9
BRDA:110,22,1,2
BRDA:114,23,0,9
BRDA:114,23,1,1
BRDA:115,24,0,9
BRDA:115,24,1,2
BRDA:120,25,0,9
BRDA:120,25,1,1
BRDA:121,26,0,1
BRDA:121,26,1,8
BRDA:123,27,0,9
BRDA:123,27,1,1
BRDA:123,28,0,9
BRDA:123,28,1,9
BRDA:126,29,0,1
BRDA:126,29,1,8
BRDA:129,30,0,2
BRDA:129,30,1,7
BRF:61
BRH:54
end_of_record
TN:
SF:config\supabase.js
FN:14,(anonymous_0)
FN:16,(anonymous_1)
FNF:2
FNH:1
FNDA:11,(anonymous_0)
FNDA:0,(anonymous_1)
DA:3,7
DA:5,7
DA:7,7
DA:8,7
DA:9,7
DA:11,7
DA:14,7
DA:15,11
DA:16,11
DA:18,11
DA:19,11
DA:24,8
DA:28,7
LF:13
LH:13
BRDA:7,0,0,7
BRDA:7,0,1,0
BRDA:7,1,0,7
BRDA:7,1,1,0
BRDA:8,2,0,7
BRDA:8,2,1,6
BRDA:9,3,0,7
BRDA:9,3,1,6
BRDA:14,4,0,0
BRF:9
BRH:6
end_of_record
TN:
SF:data\majorCatalog.js
FN:640,normalizeLanguage
FN:647,localizeField
FN:653,findMajorByName
FN:657,(anonymous_3)
FN:660,(anonymous_4)
FN:665,findInstitutionByName
FN:669,(anonymous_6)
FN:672,(anonymous_7)
FNF:8
FNH:0
FNDA:0,normalizeLanguage
FNDA:0,localizeField
FNDA:0,findMajorByName
FNDA:0,(anonymous_3)
FNDA:0,(anonymous_4)
FNDA:0,findInstitutionByName
FNDA:0,(anonymous_6)
FNDA:0,(anonymous_7)
DA:1,3
DA:166,3
DA:217,3
DA:641,0
DA:642,0
DA:643,0
DA:644,0
DA:648,0
DA:649,0
DA:650,0
DA:654,0
DA:655,0
DA:656,0
DA:658,0
DA:660,0
DA:666,0
DA:667,0
DA:668,0
DA:670,0
DA:672,0
LF:20
LH:3
BRDA:641,0,0,0
BRDA:641,0,1,0
BRDA:642,1,0,0
BRDA:642,1,1,0
BRDA:643,2,0,0
BRDA:643,2,1,0
BRDA:648,3,0,0
BRDA:648,3,1,0
BRDA:650,4,0,0
BRDA:650,4,1,0
BRDA:650,4,2,0
BRDA:650,4,3,0
BRDA:650,4,4,0
BRDA:654,5,0,0
BRDA:654,5,1,0
BRDA:657,6,0,0
BRDA:657,6,1,0
BRDA:666,7,0,0
BRDA:666,7,1,0
BRDA:669,8,0,0
BRDA:669,8,1,0
BRF:21
BRH:0
end_of_record
TN:
SF:features\games\catalog.js
FN:120,normalizeLanguage
FN:127,localizeField
FN:133,getGameHubItems
FN:134,(anonymous_3)
FNF:4
FNH:0
FNDA:0,normalizeLanguage
FNDA:0,localizeField
FNDA:0,getGameHubItems
FNDA:0,(anonymous_3)
DA:1,1
DA:121,0
DA:122,0
DA:123,0
DA:124,0
DA:128,0
DA:129,0
DA:130,0
DA:134,0
LF:9
LH:1
BRDA:121,0,0,0
BRDA:121,0,1,0
BRDA:122,1,0,0
BRDA:122,1,1,0
BRDA:123,2,0,0
BRDA:123,2,1,0
BRDA:128,3,0,0
BRDA:128,3,1,0
BRDA:128,4,0,0
BRDA:128,4,1,0
BRDA:130,5,0,0
BRDA:130,5,1,0
BRDA:130,5,2,0
BRDA:130,5,3,0
BRF:14
BRH:0
end_of_record
TN:
SF:features\games\arabicPoetPuzzle\assets\desert-theme-bg.png
FNF:0
FNH:0
DA:1,1
LF:1
LH:1
BRF:0
BRH:0
end_of_record
TN:
SF:features\games\arabicPoetPuzzle\data\levels.js
FNF:0
FNH:0
DA:1,1
DA:9,1
LF:2
LH:2
BRF:0
BRH:0
end_of_record
TN:
SF:features\games\arabicPoetPuzzle\screens\ArabicPoetPuzzleHomeScreen.js
FN:10,ArabicPoetPuzzleHomeScreen
FN:14,(anonymous_1)
FN:17,(anonymous_2)
FN:19,(anonymous_3)
FN:21,(anonymous_4)
FN:22,(anonymous_5)
FN:25,(anonymous_6)
FN:28,(anonymous_7)
FN:43,(anonymous_8)
FN:43,(anonymous_9)
FN:61,(anonymous_10)
FN:90,(anonymous_11)
FN:99,(anonymous_12)
FNF:13
FNH:10
FNDA:8,ArabicPoetPuzzleHomeScreen
FNDA:4,(anonymous_1)
FNDA:1,(anonymous_2)
FNDA:3,(anonymous_3)
FNDA:0,(anonymous_4)
FNDA:0,(anonymous_5)
FNDA:1,(anonymous_6)
FNDA:4,(anonymous_7)
FNDA:0,(anonymous_8)
FNDA:8,(anonymous_9)
FNDA:24,(anonymous_10)
FNDA:1,(anonymous_11)
FNDA:24,(anonymous_12)
DA:11,8
DA:12,8
DA:14,8
DA:15,4
DA:17,1
DA:20,3
DA:21,0
DA:22,0
DA:23,3
DA:25,1
DA:28,8
DA:29,4
DA:30,4
DA:32,4
DA:35,8
DA:43,8
DA:62,24
DA:63,24
DA:64,24
DA:66,24
DA:91,1
DA:99,24
DA:124,1
LF:23
LH:21
BRDA:10,0,0,0
BRDA:17,1,0,4
BRDA:17,1,1,0
BRDA:20,2,0,3
BRDA:20,2,1,0
BRDA:21,3,0,0
BRDA:21,3,1,0
BRDA:23,4,0,3
BRDA:23,4,1,0
BRDA:43,5,0,8
BRDA:43,5,1,0
BRDA:63,6,0,24
BRDA:63,6,1,16
BRDA:74,7,0,8
BRDA:74,7,1,16
BRDA:80,8,0,24
BRDA:80,8,1,0
BRDA:82,9,0,0
BRDA:82,9,1,24
BRDA:83,10,0,16
BRDA:83,10,1,8
BRDA:91,11,0,1
BRDA:91,11,1,0
BRDA:102,12,0,8
BRDA:102,12,1,16
BRDA:103,13,0,8
BRDA:103,13,1,16
BRDA:105,14,0,24
BRDA:105,14,1,0
BRDA:105,14,2,0
BRDA:109,15,0,8
BRDA:109,15,1,16
BRDA:110,16,0,0
BRDA:110,16,1,8
BRF:34
BRH:21
end_of_record
TN:
SF:features\games\arabicPoetPuzzle\utils\theme.js
FNF:0
FNH:0
DA:1,1
LF:1
LH:1
BRF:0
BRH:0
end_of_record
TN:
SF:features\games\physicsBridge\components\LevelCard.js
FN:4,LevelCard
FN:18,(anonymous_1)
FNF:2
FNH:2
FNDA:24,LevelCard
FNDA:24,(anonymous_1)
DA:15,24
DA:18,24
DA:44,1
LF:3
LH:3
BRDA:9,0,0,0
BRDA:20,1,0,24
BRDA:20,1,1,16
BRDA:21,2,0,24
BRDA:21,2,1,0
BRDA:21,2,2,0
BRDA:24,3,0,24
BRDA:24,3,1,24
BRDA:26,4,0,24
BRDA:26,4,1,24
BRDA:27,5,0,24
BRDA:27,5,1,24
BRDA:30,6,0,24
BRDA:30,6,1,16
BRDA:31,7,0,8
BRDA:31,7,1,16
BRDA:35,8,0,24
BRDA:35,8,1,24
BRDA:36,9,0,24
BRDA:36,9,1,24
BRDA:37,10,0,0
BRDA:37,10,1,24
BRDA:37,11,0,8
BRDA:37,11,1,16
BRF:24
BRH:20
end_of_record
TN:
SF:features\games\physicsBridge\data\bridgeLevels.js
FN:76,getBridgeLevelById
FN:77,(anonymous_1)
FNF:2
FNH:0
FNDA:0,getBridgeLevelById
FNDA:0,(anonymous_1)
DA:1,1
DA:77,0
LF:2
LH:1
BRDA:77,0,0,0
BRDA:77,0,1,0
BRF:2
BRH:0
end_of_record
TN:
SF:features\games\physicsBridge\screens\PhysicsBridgeLevelSelectScreen.js
FN:28,getLocale
FN:32,getText
FN:36,getLocalizedText
FN:42,PhysicsBridgeLevelSelectScreen
FN:47,(anonymous_4)
FN:49,(anonymous_5)
FN:50,(anonymous_6)
FN:53,(anonymous_7)
FN:59,handleLevelPress
FN:83,(anonymous_9)
FN:99,(anonymous_10)
FNF:11
FNH:11
FNDA:8,getLocale
FNDA:90,getText
FNDA:24,getLocalizedText
FNDA:8,PhysicsBridgeLevelSelectScreen
FNDA:4,(anonymous_4)
FNDA:3,(anonymous_5)
FNDA:1,(anonymous_6)
FNDA:4,(anonymous_7)
FNDA:3,handleLevelPress
FNDA:24,(anonymous_9)
FNDA:3,(anonymous_10)
DA:9,1
DA:29,8
DA:33,90
DA:37,24
DA:38,24
DA:39,24
DA:43,8
DA:44,8
DA:45,8
DA:47,8
DA:48,4
DA:49,3
DA:50,1
DA:53,8
DA:54,4
DA:55,4
DA:56,4
DA:60,3
DA:61,2
DA:62,2
DA:67,1
DA:68,1
DA:69,1
DA:72,0
DA:75,8
DA:84,24
DA:85,24
DA:86,24
DA:88,24
DA:99,3
DA:108,1
LF:31
LH:30
BRDA:29,0,0,0
BRDA:29,0,1,8
BRDA:29,1,0,8
BRDA:29,1,1,0
BRDA:33,2,0,90
BRDA:33,2,1,0
BRDA:33,2,2,0
BRDA:37,3,0,0
BRDA:37,3,1,24
BRDA:38,4,0,0
BRDA:38,4,1,24
BRDA:39,5,0,24
BRDA:39,5,1,0
BRDA:39,5,2,0
BRDA:39,5,3,0
BRDA:42,6,0,0
BRDA:44,7,0,8
BRDA:44,7,1,0
BRDA:60,8,0,2
BRDA:60,8,1,1
BRDA:67,9,0,1
BRDA:67,9,1,0
BRDA:85,10,0,24
BRDA:85,10,1,16
BRDA:95,11,0,24
BRDA:95,11,1,24
BRF:26
BRH:14
end_of_record
TN:
SF:features\games\shared\index.js
FNF:0
FNH:0
LF:0
LH:0
BRF:0
BRH:0
end_of_record
TN:
SF:features\games\shared\components\ChoiceButton.js
FN:4,ChoiceButton
FN:16,(anonymous_1)
FNF:2
FNH:0
FNDA:0,ChoiceButton
FNDA:0,(anonymous_1)
DA:12,0
DA:16,0
DA:44,1
LF:3
LH:1
BRDA:8,0,0,0
BRDA:9,1,0,0
BRDA:10,2,0,0
BRDA:18,3,0,0
BRDA:18,3,1,0
BRDA:19,4,0,0
BRDA:19,4,1,0
BRDA:20,5,0,0
BRDA:20,5,1,0
BRDA:20,5,2,0
BRDA:25,6,0,0
BRDA:25,6,1,0
BRDA:29,7,0,0
BRDA:29,7,1,0
BRDA:31,8,0,0
BRDA:31,8,1,0
BRDA:38,9,0,0
BRDA:38,9,1,0
BRF:18
BRH:0
end_of_record
TN:
SF:features\games\shared\components\ErrorState.js
FN:4,ErrorState
FNF:1
FNH:0
FNDA:0,ErrorState
DA:10,0
DA:24,1
LF:2
LH:1
BRDA:5,0,0,0
BRDA:8,1,0,0
BRDA:13,2,0,0
BRDA:13,2,1,0
BRDA:15,3,0,0
BRDA:15,3,1,0
BRF:6
BRH:0
end_of_record
TN:
SF:features\games\shared\components\GameCard.js
FN:4,GameCard
FNF:1
FNH:1
FNDA:32,GameCard
DA:5,32
DA:8,1
LF:2
LH:2
BRF:0
BRH:0
end_of_record
TN:
SF:features\games\shared\components\GameHeader.js
FN:4,GameHeader
FNF:1
FNH:0
FNDA:0,GameHeader
DA:10,0
DA:32,1
LF:2
LH:1
BRDA:7,0,0,0
BRDA:8,1,0,0
BRDA:17,2,0,0
BRDA:17,2,1,0
BRDA:24,3,0,0
BRDA:24,3,1,0
BRDA:27,4,0,0
BRDA:27,4,1,0
BRF:8
BRH:0
end_of_record
TN:
SF:features\games\shared\components\LoadingState.js
FN:4,LoadingState
FNF:1
FNH:0
FNDA:0,LoadingState
DA:5,0
DA:13,1
LF:2
LH:1
BRDA:4,0,0,0
BRF:1
BRH:0
end_of_record
TN:
SF:features\games\shared\components\ProgressBar.js
FN:4,decodeUnicodeEscapes
FN:7,(anonymous_1)
FN:12,ProgressBar
FNF:3
FNH:0
FNDA:0,decodeUnicodeEscapes
FNDA:0,(anonymous_1)
FNDA:0,ProgressBar
DA:5,0
DA:7,0
DA:8,0
DA:18,0
DA:19,0
DA:21,0
DA:39,1
LF:7
LH:1
BRDA:5,0,0,0
BRDA:5,0,1,0
BRDA:5,1,0,0
BRDA:5,1,1,0
BRDA:13,2,0,0
BRDA:19,3,0,0
BRDA:19,3,1,0
BRDA:25,4,0,0
BRDA:25,4,1,0
BRDA:25,5,0,0
BRDA:25,5,1,0
BRF:11
BRH:0
end_of_record
TN:
SF:features\games\shared\components\SceneImage.js
FN:4,SceneImage
FNF:1
FNH:0
FNDA:0,SceneImage
DA:5,0
DA:6,0
DA:9,0
DA:12,1
LF:4
LH:1
BRDA:4,0,0,0
BRDA:5,1,0,0
BRDA:5,1,1,0
BRF:3
BRH:0
end_of_record
TN:
SF:features\games\shared\components\ScoreChip.js
FN:3,ScoreChip
FNF:1
FNH:0
FNDA:0,ScoreChip
DA:4,0
DA:12,1
LF:2
LH:1
BRF:0
BRH:0
end_of_record
TN:
SF:features\games\shared\components\ScreenContainer.js
FN:5,ScreenContainer
FNF:1
FNH:1
FNDA:8,ScreenContainer
DA:11,8
DA:23,8
DA:35,1
LF:3
LH:3
BRDA:8,0,0,0
BRDA:11,1,0,8
BRDA:11,1,1,0
BRDA:27,2,0,8
BRDA:27,2,1,0
BRF:5
BRH:2
end_of_record
TN:
SF:features\games\shared\components\SectionTitle.js
FN:4,SectionTitle
FNF:1
FNH:0
FNDA:0,SectionTitle
DA:5,0
DA:13,1
LF:2
LH:1
BRDA:8,0,0,0
BRDA:8,0,1,0
BRF:2
BRH:0
end_of_record
TN:
SF:features\games\shared\components\TimerPill.js
FN:5,TimerPill
FNF:1
FNH:0
FNDA:0,TimerPill
DA:6,0
DA:13,1
LF:2
LH:1
BRDA:5,0,0,0
BRF:1
BRH:0
end_of_record
TN:
SF:features\games\shared\hooks\useAsyncState.js
FN:3,useAsyncState
FN:8,(anonymous_1)
FNF:2
FNH:0
FNDA:0,useAsyncState
FNDA:0,(anonymous_1)
DA:4,0
DA:5,0
DA:6,0
DA:8,0
DA:9,0
DA:10,0
DA:11,0
DA:12,0
DA:13,0
DA:14,0
DA:16,0
DA:17,0
DA:19,0
DA:23,0
LF:14
LH:0
BRDA:3,0,0,0
BRF:1
BRH:0
end_of_record
TN:
SF:features\games\shared\hooks\useGameLanguage.js
FN:5,useGameLanguage
FN:8,(anonymous_1)
FN:9,(anonymous_2)
FN:11,t
FNF:4
FNH:0
FNDA:0,useGameLanguage
FNDA:0,(anonymous_1)
FNDA:0,(anonymous_2)
FNDA:0,t
DA:6,0
DA:8,0
DA:9,0
DA:12,0
DA:15,0
LF:5
LH:0
BRDA:5,0,0,0
BRF:1
BRH:0
end_of_record
TN:
SF:features\games\shared\hooks\useGameProgress.js
FN:3,useGameProgress
FN:7,(anonymous_1)
FNF:2
FNH:0
FNDA:0,useGameProgress
FNDA:0,(anonymous_1)
DA:4,0
DA:5,0
DA:7,0
DA:8,0
DA:9,0
DA:12,0
LF:6
LH:0
BRDA:4,0,0,0
BRDA:4,0,1,0
BRDA:5,1,0,0
BRDA:5,1,1,0
BRDA:8,2,0,0
BRDA:8,2,1,0
BRDA:14,3,0,0
BRDA:14,3,1,0
BRDA:16,4,0,0
BRDA:16,4,1,0
BRF:10
BRH:0
end_of_record
TN:
SF:features\games\shared\hooks\useGameSession.js
FN:13,isLocalSession
FN:17,isExpectedSessionFallback
FN:25,useGameSession
FN:38,(anonymous_3)
FN:51,(anonymous_4)
FN:108,(anonymous_5)
FN:153,(anonymous_6)
FN:168,(anonymous_7)
FN:169,(anonymous_8)
FN:170,(anonymous_9)
FN:236,(anonymous_10)
FN:258,(anonymous_11)
FNF:12
FNH:0
FNDA:0,isLocalSession
FNDA:0,isExpectedSessionFallback
FNDA:0,useGameSession
FNDA:0,(anonymous_3)
FNDA:0,(anonymous_4)
FNDA:0,(anonymous_5)
FNDA:0,(anonymous_6)
FNDA:0,(anonymous_7)
FNDA:0,(anonymous_8)
FNDA:0,(anonymous_9)
FNDA:0,(anonymous_10)
FNDA:0,(anonymous_11)
DA:14,0
DA:18,0
DA:19,0
DA:26,0
DA:27,0
DA:28,0
DA:29,0
DA:30,0
DA:31,0
DA:32,0
DA:33,0
DA:34,0
DA:35,0
DA:36,0
DA:38,0
DA:39,0
DA:40,0
DA:41,0
DA:42,0
DA:43,0
DA:44,0
DA:45,0
DA:46,0
DA:47,0
DA:48,0
DA:51,0
DA:58,0
DA:59,0
DA:60,0
DA:63,0
DA:64,0
DA:72,0
DA:73,0
DA:75,0
DA:76,0
DA:89,0
DA:90,0
DA:91,0
DA:92,0
DA:93,0
DA:94,0
DA:95,0
DA:96,0
DA:97,0
DA:99,0
DA:101,0
DA:102,0
DA:104,0
DA:108,0
DA:118,0
DA:119,0
DA:122,0
DA:123,0
DA:124,0
DA:126,0
DA:135,0
DA:136,0
DA:138,0
DA:139,0
DA:141,0
DA:142,0
DA:143,0
DA:144,0
DA:145,0
DA:146,0
DA:150,0
DA:153,0
DA:160,0
DA:161,0
DA:165,0
DA:168,0
DA:169,0
DA:170,0
DA:174,0
DA:175,0
DA:181,0
DA:189,0
DA:193,0
DA:197,0
DA:208,0
DA:222,0
DA:224,0
DA:236,0
DA:237,0
DA:238,0
DA:241,0
DA:254,0
DA:255,0
DA:258,0
DA:259,0
DA:260,0
DA:269,0
LF:92
LH:0
BRDA:14,0,0,0
BRDA:14,0,1,0
BRDA:18,1,0,0
BRDA:18,1,1,0
BRDA:18,1,2,0
BRDA:20,2,0,0
BRDA:20,2,1,0
BRDA:72,3,0,0
BRDA:72,3,1,0
BRDA:75,4,0,0
BRDA:75,4,1,0
BRDA:77,5,0,0
BRDA:77,5,1,0
BRDA:77,6,0,0
BRDA:77,6,1,0
BRDA:111,7,0,0
BRDA:113,8,0,0
BRDA:114,9,0,0
BRDA:115,10,0,0
BRDA:116,11,0,0
BRDA:118,12,0,0
BRDA:118,12,1,0
BRDA:135,13,0,0
BRDA:135,13,1,0
BRDA:141,14,0,0
BRDA:141,14,1,0
BRDA:144,15,0,0
BRDA:144,15,1,0
BRDA:153,16,0,0
BRDA:155,17,0,0
BRDA:156,18,0,0
BRDA:157,19,0,0
BRDA:158,20,0,0
BRDA:160,21,0,0
BRDA:160,21,1,0
BRDA:165,22,0,0
BRDA:165,22,1,0
BRDA:190,23,0,0
BRDA:190,23,1,0
BRDA:193,24,0,0
BRDA:193,24,1,0
BRDA:195,25,0,0
BRDA:195,25,1,0
BRDA:195,25,2,0
BRDA:208,26,0,0
BRDA:208,26,1,0
BRDA:236,27,0,0
BRDA:237,28,0,0
BRDA:237,28,1,0
BRDA:241,29,0,0
BRDA:241,29,1,0
BRF:51
BRH:0
end_of_record
TN:
SF:features\games\shared\hooks\useGameTimer.js
FN:3,useGameTimer
FN:8,(anonymous_1)
FN:11,(anonymous_2)
FN:12,(anonymous_3)
FN:15,(anonymous_4)
FN:20,(anonymous_5)
FN:21,(anonymous_6)
FN:22,(anonymous_7)
FN:23,(anonymous_8)
FNF:9
FNH:0
FNDA:0,useGameTimer
FNDA:0,(anonymous_1)
FNDA:0,(anonymous_2)
FNDA:0,(anonymous_3)
FNDA:0,(anonymous_4)
FNDA:0,(anonymous_5)
FNDA:0,(anonymous_6)
FNDA:0,(anonymous_7)
FNDA:0,(anonymous_8)
DA:4,0
DA:5,0
DA:6,0
DA:8,0
DA:9,0
DA:11,0
DA:12,0
DA:15,0
DA:16,0
DA:20,0
DA:21,0
DA:22,0
DA:23,0
DA:24,0
DA:25,0
DA:28,0
LF:16
LH:0
BRDA:3,0,0,0
BRDA:3,1,0,0
BRDA:9,2,0,0
BRDA:9,2,1,0
BRDA:16,3,0,0
BRDA:16,3,1,0
BRF:6
BRH:0
end_of_record
TN:
SF:features\games\shared\hooks\useSceneNavigator.js
FN:5,useSceneNavigator
FN:9,(anonymous_1)
FN:15,goNext
FN:17,(anonymous_3)
FN:21,goPrevious
FN:23,(anonymous_5)
FN:27,goToSceneById
FN:28,(anonymous_7)
FN:34,reset
FNF:9
FNH:0
FNDA:0,useSceneNavigator
FNDA:0,(anonymous_1)
FNDA:0,goNext
FNDA:0,(anonymous_3)
FNDA:0,goPrevious
FNDA:0,(anonymous_5)
FNDA:0,goToSceneById
FNDA:0,(anonymous_7)
FNDA:0,reset
DA:6,0
DA:8,0
DA:9,0
DA:11,0
DA:12,0
DA:13,0
DA:16,0
DA:17,0
DA:22,0
DA:23,0
DA:28,0
DA:29,0
DA:30,0
DA:35,0
DA:38,0
LF:15
LH:0
BRDA:5,0,0,0
BRDA:11,1,0,0
BRDA:11,1,1,0
BRDA:16,2,0,0
BRDA:16,2,1,0
BRDA:22,3,0,0
BRDA:22,3,1,0
BRDA:29,4,0,0
BRDA:29,4,1,0
BRF:9
BRH:0
end_of_record
TN:
SF:features\games\shared\services\gameActionLogService.js
FN:5,createGameActionLog
FN:20,createManyGameActionLogs
FN:36,getSessionActionLogs
FNF:3
FNH:0
FNDA:0,createGameActionLog
FNDA:0,createManyGameActionLogs
FNDA:0,getSessionActionLogs
DA:6,0
DA:8,0
DA:10,0
DA:16,0
DA:17,0
DA:21,0
DA:22,0
DA:25,0
DA:27,0
DA:32,0
DA:33,0
DA:37,0
DA:38,0
DA:41,0
DA:47,0
DA:48,0
LF:16
LH:0
BRDA:16,0,0,0
BRDA:16,0,1,0
BRDA:20,1,0,0
BRDA:21,2,0,0
BRDA:21,2,1,0
BRDA:21,3,0,0
BRDA:21,3,1,0
BRDA:32,4,0,0
BRDA:32,4,1,0
BRDA:33,5,0,0
BRDA:33,5,1,0
BRDA:37,6,0,0
BRDA:37,6,1,0
BRDA:47,7,0,0
BRDA:47,7,1,0
BRDA:48,8,0,0
BRDA:48,8,1,0
BRF:17
BRH:0
end_of_record
TN:
SF:features\games\shared\services\gameCatalogService.js
FN:4,isMissingSchema
FN:9,mergeCatalogVisibility
FN:10,(anonymous_2)
FN:12,(anonymous_3)
FN:24,(anonymous_4)
FN:27,getAllGames
FN:38,getVisibleGameHubItems
FN:60,getGameById
FNF:8
FNH:0
FNDA:0,isMissingSchema
FNDA:0,mergeCatalogVisibility
FNDA:0,(anonymous_2)
FNDA:0,(anonymous_3)
FNDA:0,(anonymous_4)
FNDA:0,getAllGames
FNDA:0,getVisibleGameHubItems
FNDA:0,getGameById
DA:5,0
DA:6,0
DA:10,0
DA:11,0
DA:13,0
DA:14,0
DA:15,0
DA:24,0
DA:28,0
DA:34,0
DA:35,0
DA:39,0
DA:41,0
DA:42,0
DA:47,0
DA:48,0
DA:49,0
DA:52,0
DA:53,0
DA:55,0
DA:56,0
DA:61,0
DA:62,0
DA:65,0
DA:71,0
DA:72,0
LF:26
LH:0
BRDA:5,0,0,0
BRDA:5,0,1,0
BRDA:6,1,0,0
BRDA:6,1,1,0
BRDA:6,1,2,0
BRDA:9,2,0,0
BRDA:14,3,0,0
BRDA:14,3,1,0
BRDA:14,4,0,0
BRDA:14,4,1,0
BRDA:15,5,0,0
BRDA:15,5,1,0
BRDA:20,6,0,0
BRDA:20,6,1,0
BRDA:24,7,0,0
BRDA:24,7,1,0
BRDA:34,8,0,0
BRDA:34,8,1,0
BRDA:35,9,0,0
BRDA:35,9,1,0
BRDA:47,10,0,0
BRDA:47,10,1,0
BRDA:48,11,0,0
BRDA:48,11,1,0
BRDA:52,12,0,0
BRDA:52,12,1,0
BRDA:55,13,0,0
BRDA:55,13,1,0
BRDA:61,14,0,0
BRDA:61,14,1,0
BRDA:71,15,0,0
BRDA:71,15,1,0
BRF:32
BRH:0
end_of_record
TN:
SF:features\games\shared\services\gameLevelService.js
FN:3,getLevelsByGameId
FN:19,getLevelById
FNF:2
FNH:0
FNDA:0,getLevelsByGameId
FNDA:0,getLevelById
DA:4,0
DA:5,0
DA:8,0
DA:15,0
DA:16,0
DA:20,0
DA:21,0
DA:24,0
DA:30,0
DA:31,0
LF:10
LH:0
BRDA:4,0,0,0
BRDA:4,0,1,0
BRDA:15,1,0,0
BRDA:15,1,1,0
BRDA:16,2,0,0
BRDA:16,2,1,0
BRDA:20,3,0,0
BRDA:20,3,1,0
BRDA:30,4,0,0
BRDA:30,4,1,0
BRF:10
BRH:0
end_of_record
TN:
SF:features\games\shared\services\gameSessionService.js
FN:118,ensureGameCatalogRows
FN:139,findExistingInProgressSession
FN:155,createGameSession
FN:197,updateGameSession
FN:215,(anonymous_4)
FN:218,(anonymous_5)
FN:226,getGameSessionById
FN:241,getStudentGameSessions
FNF:8
FNH:0
FNDA:0,ensureGameCatalogRows
FNDA:0,findExistingInProgressSession
FNDA:0,createGameSession
FNDA:0,updateGameSession
FNDA:0,(anonymous_4)
FNDA:0,(anonymous_5)
FNDA:0,getGameSessionById
FNDA:0,getStudentGameSessions
DA:7,1
DA:119,0
DA:120,0
DA:121,0
DA:123,0
DA:126,0
DA:127,0
DA:128,0
DA:131,0
DA:134,0
DA:135,0
DA:140,0
DA:151,0
DA:152,0
DA:156,0
DA:158,0
DA:160,0
DA:162,0
DA:168,0
DA:169,0
DA:172,0
DA:173,0
DA:174,0
DA:177,0
DA:182,0
DA:184,0
DA:185,0
DA:187,0
DA:191,0
DA:194,0
DA:198,0
DA:199,0
DA:202,0
DA:204,0
DA:211,0
DA:213,0
DA:214,0
DA:216,0
DA:219,0
DA:223,0
DA:227,0
DA:228,0
DA:231,0
DA:237,0
DA:238,0
DA:242,0
DA:243,0
DA:246,0
DA:252,0
DA:253,0
DA:256,0
DA:258,0
DA:259,0
LF:53
LH:1
BRDA:121,0,0,0
BRDA:121,0,1,0
BRDA:121,1,0,0
BRDA:121,1,1,0
BRDA:126,2,0,0
BRDA:126,2,1,0
BRDA:134,3,0,0
BRDA:134,3,1,0
BRDA:151,4,0,0
BRDA:151,4,1,0
BRDA:152,5,0,0
BRDA:152,5,1,0
BRDA:168,6,0,0
BRDA:168,6,1,0
BRDA:170,7,0,0
BRDA:170,7,1,0
BRDA:170,8,0,0
BRDA:170,8,1,0
BRDA:177,9,0,0
BRDA:177,9,1,0
BRDA:177,9,2,0
BRDA:177,9,3,0
BRDA:179,10,0,0
BRDA:179,10,1,0
BRDA:180,11,0,0
BRDA:180,11,1,0
BRDA:182,12,0,0
BRDA:182,12,1,0
BRDA:185,13,0,0
BRDA:185,13,1,0
BRDA:198,14,0,0
BRDA:198,14,1,0
BRDA:211,15,0,0
BRDA:211,15,1,0
BRDA:213,16,0,0
BRDA:213,16,1,0
BRDA:219,17,0,0
BRDA:219,17,1,0
BRDA:227,18,0,0
BRDA:227,18,1,0
BRDA:237,19,0,0
BRDA:237,19,1,0
BRDA:241,20,0,0
BRDA:242,21,0,0
BRDA:242,21,1,0
BRDA:252,22,0,0
BRDA:252,22,1,0
BRDA:258,23,0,0
BRDA:258,23,1,0
BRDA:259,24,0,0
BRDA:259,24,1,0
BRF:51
BRH:0
end_of_record
TN:
SF:features\games\shared\types\gameSchemas.js
FN:54,createLocalizedText
FN:58,createGameChoice
FN:78,createGameScene
FN:96,createGameLevel
FN:116,createSubjectScoreMap
FNF:5
FNH:0
FNDA:0,createLocalizedText
FNDA:0,createGameChoice
FNDA:0,createGameScene
FNDA:0,createGameLevel
FNDA:0,createSubjectScoreMap
DA:1,2
DA:7,2
DA:12,2
DA:18,2
DA:31,2
DA:37,2
DA:52,2
DA:55,0
DA:67,0
DA:86,0
DA:105,0
DA:117,0
LF:12
LH:7
BRDA:54,0,0,0
BRDA:54,1,0,0
BRDA:54,2,0,0
BRDA:54,3,0,0
BRDA:61,4,0,0
BRDA:62,5,0,0
BRDA:63,6,0,0
BRDA:64,7,0,0
BRDA:65,8,0,0
BRDA:82,9,0,0
BRDA:83,10,0,0
BRDA:84,11,0,0
BRDA:100,12,0,0
BRDA:101,13,0,0
BRDA:102,14,0,0
BRDA:103,15,0,0
BRF:16
BRH:0
end_of_record
TN:
SF:features\games\shared\utils\gameAnalytics.js
FN:3,clamp
FN:7,average
FN:8,(anonymous_2)
FN:10,(anonymous_3)
FN:13,scoreDecisionPacing
FN:21,buildBehaviorSignals
FN:29,(anonymous_6)
FN:30,(anonymous_7)
FN:32,(anonymous_8)
FN:40,(anonymous_9)
FN:70,buildSessionAnalytics
FN:104,estimateEngagementScore
FNF:12
FNH:0
FNDA:0,clamp
FNDA:0,average
FNDA:0,(anonymous_2)
FNDA:0,(anonymous_3)
FNDA:0,scoreDecisionPacing
FNDA:0,buildBehaviorSignals
FNDA:0,(anonymous_6)
FNDA:0,(anonymous_7)
FNDA:0,(anonymous_8)
FNDA:0,(anonymous_9)
FNDA:0,buildSessionAnalytics
FNDA:0,estimateEngagementScore
DA:4,0
DA:8,0
DA:9,0
DA:10,0
DA:14,0
DA:15,0
DA:16,0
DA:17,0
DA:18,0
DA:28,0
DA:29,0
DA:30,0
DA:31,0
DA:32,0
DA:33,0
DA:34,0
DA:35,0
DA:36,0
DA:37,0
DA:38,0
DA:40,0
DA:43,0
DA:44,0
DA:46,0
DA:49,0
DA:52,0
DA:56,0
DA:78,0
DA:79,0
DA:86,0
DA:87,0
DA:90,0
DA:91,0
DA:93,0
DA:109,0
DA:110,0
DA:112,0
DA:113,0
DA:114,0
DA:115,0
DA:116,0
DA:119,0
LF:42
LH:0
BRDA:3,0,0,0
BRDA:3,1,0,0
BRDA:4,2,0,0
BRDA:4,2,1,0
BRDA:7,3,0,0
BRDA:9,4,0,0
BRDA:9,4,1,0
BRDA:13,5,0,0
BRDA:14,6,0,0
BRDA:14,6,1,0
BRDA:15,7,0,0
BRDA:15,7,1,0
BRDA:15,8,0,0
BRDA:15,8,1,0
BRDA:16,9,0,0
BRDA:16,9,1,0
BRDA:17,10,0,0
BRDA:17,10,1,0
BRDA:22,11,0,0
BRDA:23,12,0,0
BRDA:24,13,0,0
BRDA:25,14,0,0
BRDA:26,15,0,0
BRDA:30,16,0,0
BRDA:30,16,1,0
BRDA:34,17,0,0
BRDA:34,17,1,0
BRDA:44,18,0,0
BRDA:44,18,1,0
BRDA:71,19,0,0
BRDA:72,20,0,0
BRDA:73,21,0,0
BRDA:74,22,0,0
BRDA:75,23,0,0
BRDA:76,24,0,0
BRDA:105,25,0,0
BRDA:106,26,0,0
BRDA:107,27,0,0
BRDA:113,28,0,0
BRDA:113,28,1,0
BRDA:113,29,0,0
BRDA:113,29,1,0
BRDA:115,30,0,0
BRDA:115,30,1,0
BRF:44
BRH:0
end_of_record
TN:
SF:features\games\shared\utils\gameConstants.js
FNF:0
FNH:0
DA:3,2
DA:5,2
DA:7,2
DA:9,2
DA:14,2
DA:20,2
DA:24,2
DA:31,2
DA:38,2
DA:44,2
LF:10
LH:10
BRF:0
BRH:0
end_of_record
TN:
SF:features\games\shared\utils\gameHelpers.js
FN:1,formatDuration
FN:8,byId
FN:9,(anonymous_2)
FN:12,getNextScene
FN:18,safeArray
FN:22,average
FN:23,(anonymous_6)
FN:25,(anonymous_7)
FNF:8
FNH:0
FNDA:0,formatDuration
FNDA:0,byId
FNDA:0,(anonymous_2)
FNDA:0,getNextScene
FNDA:0,safeArray
FNDA:0,average
FNDA:0,(anonymous_6)
FNDA:0,(anonymous_7)
DA:2,0
DA:3,0
DA:4,0
DA:5,0
DA:9,0
DA:13,0
DA:14,0
DA:15,0
DA:19,0
DA:23,0
DA:24,0
DA:25,0
LF:12
LH:0
BRDA:1,0,0,0
BRDA:2,1,0,0
BRDA:2,1,1,0
BRDA:8,2,0,0
BRDA:9,3,0,0
BRDA:9,3,1,0
BRDA:13,4,0,0
BRDA:13,4,1,0
BRDA:14,5,0,0
BRDA:14,5,1,0
BRDA:15,6,0,0
BRDA:15,6,1,0
BRDA:15,7,0,0
BRDA:15,7,1,0
BRDA:19,8,0,0
BRDA:19,8,1,0
BRDA:22,9,0,0
BRDA:23,10,0,0
BRDA:23,10,1,0
BRDA:24,11,0,0
BRDA:24,11,1,0
BRF:21
BRH:0
end_of_record
TN:
SF:features\games\shared\utils\gameLanguage.js
FN:4,isSupportedLanguage
FN:8,resolveLanguage
FN:12,getLocalizedText
FN:22,isRTL
FN:26,getDirection
FN:30,getTextAlign
FN:34,getFlexDirection
FN:38,localizeArray
FN:38,(anonymous_8)
FN:39,(anonymous_9)
FNF:10
FNH:0
FNDA:0,isSupportedLanguage
FNDA:0,resolveLanguage
FNDA:0,getLocalizedText
FNDA:0,isRTL
FNDA:0,getDirection
FNDA:0,getTextAlign
FNDA:0,getFlexDirection
FNDA:0,localizeArray
FNDA:0,(anonymous_8)
FNDA:0,(anonymous_9)
DA:5,0
DA:9,0
DA:13,0
DA:15,0
DA:17,0
DA:19,0
DA:23,0
DA:27,0
DA:31,0
DA:35,0
DA:38,0
DA:39,0
LF:12
LH:0
BRDA:9,0,0,0
BRDA:9,0,1,0
BRDA:12,1,0,0
BRDA:13,2,0,0
BRDA:13,2,1,0
BRDA:15,3,0,0
BRDA:15,3,1,0
BRDA:19,4,0,0
BRDA:19,4,1,0
BRDA:19,4,2,0
BRDA:19,4,3,0
BRDA:19,4,4,0
BRDA:23,5,0,0
BRDA:23,5,1,0
BRDA:27,6,0,0
BRDA:27,6,1,0
BRDA:31,7,0,0
BRDA:31,7,1,0
BRDA:35,8,0,0
BRDA:35,8,1,0
BRDA:38,9,0,0
BRDA:38,10,0,0
BRDA:38,11,0,0
BRF:23
BRH:0
end_of_record
TN:
SF:features\games\shared\utils\gameLearningProfile.js
FN:1,safeNum
FN:6,clamp
FN:10,normalizeLanguage
FN:17,localizeGameText
FN:145,getGameLearningProfile
FN:149,buildGameTopicSignals
FN:153,(anonymous_6)
FN:155,(anonymous_7)
FN:170,buildGameLearningHighlight
FN:214,buildGameLearningSummary
FN:215,(anonymous_10)
FN:220,(anonymous_11)
FN:229,(anonymous_12)
FN:230,(anonymous_13)
FN:231,(anonymous_14)
FN:234,(anonymous_15)
FN:235,(anonymous_16)
FN:247,(anonymous_17)
FN:252,(anonymous_18)
FN:267,(anonymous_19)
FN:275,getGameSkillBoosts
FNF:21
FNH:0
FNDA:0,safeNum
FNDA:0,clamp
FNDA:0,normalizeLanguage
FNDA:0,localizeGameText
FNDA:0,getGameLearningProfile
FNDA:0,buildGameTopicSignals
FNDA:0,(anonymous_6)
FNDA:0,(anonymous_7)
FNDA:0,buildGameLearningHighlight
FNDA:0,buildGameLearningSummary
FNDA:0,(anonymous_10)
FNDA:0,(anonymous_11)
FNDA:0,(anonymous_12)
FNDA:0,(anonymous_13)
FNDA:0,(anonymous_14)
FNDA:0,(anonymous_15)
FNDA:0,(anonymous_16)
FNDA:0,(anonymous_17)
FNDA:0,(anonymous_18)
FNDA:0,(anonymous_19)
FNDA:0,getGameSkillBoosts
DA:2,0
DA:3,0
DA:7,0
DA:11,0
DA:12,0
DA:13,0
DA:14,0
DA:18,0
DA:19,0
DA:22,1
DA:146,0
DA:150,0
DA:151,0
DA:152,0
DA:153,0
DA:155,0
DA:156,0
DA:157,0
DA:158,0
DA:162,0
DA:171,0
DA:172,0
DA:174,0
DA:182,0
DA:185,0
DA:186,0
DA:187,0
DA:195,0
DA:215,0
DA:216,0
DA:218,0
DA:219,0
DA:220,0
DA:221,0
DA:222,0
DA:224,0
DA:227,0
DA:229,0
DA:230,0
DA:231,0
DA:232,0
DA:234,0
DA:235,0
DA:236,0
DA:237,0
DA:246,0
DA:247,0
DA:252,0
DA:254,0
DA:267,0
DA:276,0
LF:51
LH:1
BRDA:1,0,0,0
BRDA:3,1,0,0
BRDA:3,1,1,0
BRDA:6,2,0,0
BRDA:6,3,0,0
BRDA:11,4,0,0
BRDA:11,4,1,0
BRDA:12,5,0,0
BRDA:12,5,1,0
BRDA:13,6,0,0
BRDA:13,6,1,0
BRDA:19,7,0,0
BRDA:19,7,1,0
BRDA:19,7,2,0
BRDA:19,7,3,0
BRDA:19,7,4,0
BRDA:146,8,0,0
BRDA:146,8,1,0
BRDA:149,9,0,0
BRDA:149,10,0,0
BRDA:149,11,0,0
BRDA:152,12,0,0
BRDA:152,12,1,0
BRDA:155,13,0,0
BRDA:155,13,1,0
BRDA:156,14,0,0
BRDA:156,15,0,0
BRDA:156,15,1,0
BRDA:156,15,2,0
BRDA:172,16,0,0
BRDA:172,16,1,0
BRDA:214,17,0,0
BRDA:216,18,0,0
BRDA:216,18,1,0
BRDA:221,19,0,0
BRDA:221,19,1,0
BRDA:222,20,0,0
BRDA:222,20,1,0
BRDA:224,21,0,0
BRDA:224,21,1,0
BRDA:224,22,0,0
BRDA:224,22,1,0
BRDA:224,22,2,0
BRDA:235,23,0,0
BRDA:235,23,1,0
BRDA:236,24,0,0
BRDA:236,24,1,0
BRDA:266,25,0,0
BRDA:266,25,1,0
BRDA:267,26,0,0
BRDA:267,26,1,0
BRDA:276,27,0,0
BRDA:276,27,1,0
BRF:53
BRH:0
end_of_record
TN:
SF:features\games\shared\utils\gameMapping.js
FN:3,mapChoiceToActionLog
FN:21,mapSessionStart
FN:38,mapSessionCompletion
FNF:3
FNH:0
FNDA:0,mapChoiceToActionLog
FNDA:0,mapSessionStart
FNDA:0,mapSessionCompletion
DA:11,0
DA:28,0
DA:48,0
DA:57,0
DA:58,0
DA:60,0
LF:6
LH:0
BRDA:7,0,0,0
BRDA:8,1,0,0
BRDA:9,2,0,0
BRDA:41,3,0,0
BRDA:42,4,0,0
BRDA:43,5,0,0
BRDA:44,6,0,0
BRDA:45,7,0,0
BRDA:46,8,0,0
BRDA:57,9,0,0
BRDA:57,9,1,0
BRDA:58,10,0,0
BRDA:58,10,1,0
BRF:13
BRH:0
end_of_record
TN:
SF:features\games\shared\utils\gameScoring.js
FN:3,createEmptyScores
FN:7,applySubjectWeights
FN:10,(anonymous_2)
FN:18,mergeScoreMaps
FN:19,(anonymous_4)
FN:22,sumScores
FN:23,(anonymous_6)
FN:26,normalizeScores
FN:34,(anonymous_8)
FN:38,clampScore
FN:42,getTopSubjects
FN:44,(anonymous_11)
FN:46,(anonymous_12)
FN:49,getInterestSignal
FN:55,(anonymous_14)
FN:58,getDominantSubject
FN:63,calculateAccuracy
FN:68,scoreSwipeDirection
FNF:18
FNH:0
FNDA:0,createEmptyScores
FNDA:0,applySubjectWeights
FNDA:0,(anonymous_2)
FNDA:0,mergeScoreMaps
FNDA:0,(anonymous_4)
FNDA:0,sumScores
FNDA:0,(anonymous_6)
FNDA:0,normalizeScores
FNDA:0,(anonymous_8)
FNDA:0,clampScore
FNDA:0,getTopSubjects
FNDA:0,(anonymous_11)
FNDA:0,(anonymous_12)
FNDA:0,getInterestSignal
FNDA:0,(anonymous_14)
FNDA:0,getDominantSubject
FNDA:0,calculateAccuracy
FNDA:0,scoreSwipeDirection
DA:4,0
DA:8,0
DA:10,0
DA:11,0
DA:12,0
DA:15,0
DA:19,0
DA:23,0
DA:27,0
DA:29,0
DA:30,0
DA:33,0
DA:34,0
DA:39,0
DA:43,0
DA:44,0
DA:46,0
DA:50,0
DA:51,0
DA:53,0
DA:55,0
DA:59,0
DA:60,0
DA:64,0
DA:65,0
DA:69,0
LF:26
LH:0
BRDA:7,0,0,0
BRDA:11,1,0,0
BRDA:11,1,1,0
BRDA:12,2,0,0
BRDA:12,2,1,0
BRDA:23,3,0,0
BRDA:23,3,1,0
BRDA:23,4,0,0
BRDA:23,4,1,0
BRDA:27,5,0,0
BRDA:27,5,1,0
BRDA:29,6,0,0
BRDA:29,6,1,0
BRDA:30,7,0,0
BRDA:30,7,1,0
BRDA:38,8,0,0
BRDA:38,9,0,0
BRDA:39,10,0,0
BRDA:39,10,1,0
BRDA:42,11,0,0
BRDA:43,12,0,0
BRDA:43,12,1,0
BRDA:44,13,0,0
BRDA:44,13,1,0
BRDA:44,14,0,0
BRDA:44,14,1,0
BRDA:46,15,0,0
BRDA:46,15,1,0
BRDA:53,16,0,0
BRDA:53,16,1,0
BRDA:60,17,0,0
BRDA:60,17,1,0
BRDA:63,18,0,0
BRDA:63,19,0,0
BRDA:64,20,0,0
BRDA:64,20,1,0
BRDA:68,21,0,0
BRDA:69,22,0,0
BRDA:69,22,1,0
BRF:39
BRH:0
end_of_record
TN:
SF:features\games\shared\utils\gameSessionPayloads.js
FN:1,buildCreateSessionPayload
FN:18,buildUpdateSessionPayload
FN:42,buildActionLogPayload
FNF:3
FNH:0
FNDA:0,buildCreateSessionPayload
FNDA:0,buildUpdateSessionPayload
FNDA:0,buildActionLogPayload
DA:8,0
DA:28,0
DA:30,0
DA:31,0
DA:32,0
DA:33,0
DA:34,0
DA:35,0
DA:36,0
DA:37,0
DA:39,0
DA:50,0
LF:12
LH:0
BRDA:30,0,0,0
BRDA:30,0,1,0
BRDA:31,1,0,0
BRDA:31,1,1,0
BRDA:32,2,0,0
BRDA:32,2,1,0
BRDA:33,3,0,0
BRDA:33,3,1,0
BRDA:34,4,0,0
BRDA:34,4,1,0
BRDA:35,5,0,0
BRDA:35,5,1,0
BRDA:36,6,0,0
BRDA:36,6,1,0
BRDA:37,7,0,0
BRDA:37,7,1,0
BRDA:52,8,0,0
BRDA:52,8,1,0
BRDA:53,9,0,0
BRDA:53,9,1,0
BRDA:55,10,0,0
BRDA:55,10,1,0
BRDA:56,11,0,0
BRDA:56,11,1,0
BRF:24
BRH:0
end_of_record
TN:
SF:features\games\shared\utils\gameValidation.js
FN:3,validateGameSessionInput
FN:14,validateActionLogInput
FN:19,validateScene
FN:26,validateChoice
FN:31,validateSceneList
FNF:5
FNH:0
FNDA:0,validateGameSessionInput
FNDA:0,validateActionLogInput
FNDA:0,validateScene
FNDA:0,validateChoice
FNDA:0,validateSceneList
DA:4,0
DA:5,0
DA:6,0
DA:7,0
DA:9,0
DA:10,0
DA:15,0
DA:16,0
DA:20,0
DA:21,0
DA:22,0
DA:23,0
DA:27,0
DA:28,0
DA:32,0
DA:33,0
LF:16
LH:0
BRDA:4,0,0,0
BRDA:4,0,1,0
BRDA:5,1,0,0
BRDA:5,1,1,0
BRDA:6,2,0,0
BRDA:6,2,1,0
BRDA:7,3,0,0
BRDA:7,3,1,0
BRDA:9,4,0,0
BRDA:9,4,1,0
BRDA:15,5,0,0
BRDA:15,5,1,0
BRDA:16,6,0,0
BRDA:16,6,1,0
BRDA:20,7,0,0
BRDA:20,7,1,0
BRDA:21,8,0,0
BRDA:21,8,1,0
BRDA:22,9,0,0
BRDA:22,9,1,0
BRDA:23,10,0,0
BRDA:23,10,1,0
BRDA:27,11,0,0
BRDA:27,11,1,0
BRDA:28,12,0,0
BRDA:28,12,1,0
BRDA:31,13,0,0
BRDA:32,14,0,0
BRDA:32,14,1,0
BRF:29
BRH:0
end_of_record
TN:
SF:screens\About\AboutScreen.js
FN:6,AboutScreen
FN:18,(anonymous_1)
FNF:2
FNH:2
FNDA:6,AboutScreen
FNDA:3,(anonymous_1)
DA:7,6
DA:9,6
DA:18,3
DA:163,1
LF:4
LH:4
BRF:0
BRH:0
end_of_record
TN:
SF:screens\Activities\ActivitiesScreen.js
FN:38,normalizeLanguage
FN:45,getLocalizedActivityField
FN:57,getActivityDateValue
FN:64,formatActivitySchedule
FN:71,(anonymous_4)
FN:82,(anonymous_5)
FN:111,getActivitySchoolLabel
FN:123,Stagger
FN:127,(anonymous_8)
FN:147,ActivityCard
FN:150,(anonymous_10)
FN:169,(anonymous_11)
FN:170,(anonymous_12)
FN:171,(anonymous_13)
FN:172,(anonymous_14)
FN:243,InfoCard
FN:257,ExampleCard
FN:269,FaqItem
FN:278,ActivitiesScreen
FN:282,(anonymous_19)
FN:291,(anonymous_20)
FN:295,(anonymous_21)
FN:312,(anonymous_22)
FN:324,(anonymous_23)
FN:330,(anonymous_24)
FN:335,(anonymous_25)
FN:363,(anonymous_26)
FN:373,(anonymous_27)
FN:378,(anonymous_28)
FN:383,(anonymous_29)
FN:392,(anonymous_30)
FN:394,(anonymous_31)
FN:403,(anonymous_32)
FN:430,(anonymous_33)
FN:453,(anonymous_34)
FN:458,(anonymous_35)
FN:475,(anonymous_36)
FN:504,(anonymous_37)
FN:506,(anonymous_38)
FN:511,(anonymous_39)
FN:535,(anonymous_40)
FNF:41
FNH:12
FNDA:0,normalizeLanguage
FNDA:0,getLocalizedActivityField
FNDA:0,getActivityDateValue
FNDA:0,formatActivitySchedule
FNDA:0,(anonymous_4)
FNDA:0,(anonymous_5)
FNDA:0,getActivitySchoolLabel
FNDA:0,Stagger
FNDA:0,(anonymous_8)
FNDA:0,ActivityCard
FNDA:0,(anonymous_10)
FNDA:0,(anonymous_11)
FNDA:0,(anonymous_12)
FNDA:0,(anonymous_13)
FNDA:0,(anonymous_14)
FNDA:16,InfoCard
FNDA:0,ExampleCard
FNDA:0,FaqItem
FNDA:9,ActivitiesScreen
FNDA:0,(anonymous_19)
FNDA:5,(anonymous_20)
FNDA:5,(anonymous_21)
FNDA:0,(anonymous_22)
FNDA:0,(anonymous_23)
FNDA:0,(anonymous_24)
FNDA:0,(anonymous_25)
FNDA:9,(anonymous_26)
FNDA:9,(anonymous_27)
FNDA:9,(anonymous_28)
FNDA:9,(anonymous_29)
FNDA:9,(anonymous_30)
FNDA:5,(anonymous_31)
FNDA:9,(anonymous_32)
FNDA:0,(anonymous_33)
FNDA:45,(anonymous_34)
FNDA:0,(anonymous_35)
FNDA:0,(anonymous_36)
FNDA:0,(anonymous_37)
FNDA:0,(anonymous_38)
FNDA:0,(anonymous_39)
FNDA:0,(anonymous_40)
DA:22,1
DA:23,1
DA:25,1
DA:39,0
DA:40,0
DA:41,0
DA:42,0
DA:46,0
DA:47,0
DA:58,0
DA:59,0
DA:61,0
DA:65,0
DA:66,0
DA:67,0
DA:68,0
DA:69,0
DA:71,0
DA:72,0
DA:73,0
DA:74,0
DA:75,0
DA:82,0
DA:83,0
DA:84,0
DA:85,0
DA:86,0
DA:87,0
DA:93,0
DA:94,0
DA:95,0
DA:96,0
DA:98,0
DA:101,0
DA:105,0
DA:112,0
DA:124,0
DA:125,0
DA:127,0
DA:128,0
DA:144,0
DA:148,0
DA:150,0
DA:151,0
DA:159,0
DA:160,0
DA:161,0
DA:162,0
DA:163,0
DA:165,0
DA:169,0
DA:170,0
DA:171,0
DA:172,0
DA:244,16
DA:258,0
DA:270,0
DA:279,9
DA:280,9
DA:281,9
DA:282,9
DA:283,9
DA:285,9
DA:286,9
DA:287,9
DA:288,9
DA:289,9
DA:291,9
DA:292,5
DA:295,9
DA:296,5
DA:298,5
DA:304,4
DA:305,0
DA:306,0
DA:307,0
DA:308,0
DA:311,4
DA:312,0
DA:321,4
DA:324,9
DA:325,0
DA:326,0
DA:327,0
DA:330,9
DA:331,0
DA:333,0
DA:335,0
DA:336,0
DA:338,0
DA:339,0
DA:344,0
DA:347,0
DA:352,0
DA:355,0
DA:357,0
DA:358,0
DA:362,9
DA:363,9
DA:373,9
DA:374,9
DA:375,9
DA:378,9
DA:379,9
DA:380,9
DA:383,9
DA:384,9
DA:385,9
DA:386,9
DA:388,9
DA:392,9
DA:393,9
DA:394,5
DA:402,9
DA:404,9
DA:431,0
DA:454,45
DA:455,45
DA:458,0
DA:476,0
DA:491,9
DA:492,5
DA:500,4
DA:504,0
DA:507,0
DA:511,0
DA:535,0
DA:542,1
LF:128
LH:48
BRDA:39,0,0,0
BRDA:39,0,1,0
BRDA:40,1,0,0
BRDA:40,1,1,0
BRDA:41,2,0,0
BRDA:41,2,1,0
BRDA:48,3,0,0
BRDA:48,3,1,0
BRDA:48,3,2,0
BRDA:48,3,3,0
BRDA:48,3,4,0
BRDA:48,3,5,0
BRDA:59,4,0,0
BRDA:59,4,1,0
BRDA:65,5,0,0
BRDA:65,5,1,0
BRDA:65,6,0,0
BRDA:65,6,1,0
BRDA:72,7,0,0
BRDA:72,7,1,0
BRDA:74,8,0,0
BRDA:74,8,1,0
BRDA:83,9,0,0
BRDA:83,9,1,0
BRDA:86,10,0,0
BRDA:86,10,1,0
BRDA:98,11,0,0
BRDA:98,11,1,0
BRDA:98,12,0,0
BRDA:98,12,1,0
BRDA:98,12,2,0
BRDA:100,13,0,0
BRDA:100,13,1,0
BRDA:100,13,2,0
BRDA:101,14,0,0
BRDA:101,14,1,0
BRDA:101,15,0,0
BRDA:101,15,1,0
BRDA:103,16,0,0
BRDA:103,16,1,0
BRDA:103,16,2,0
BRDA:113,17,0,0
BRDA:113,17,1,0
BRDA:113,17,2,0
BRDA:113,17,3,0
BRDA:113,17,4,0
BRDA:113,17,5,0
BRDA:113,17,6,0
BRDA:171,18,0,0
BRDA:171,18,1,0
BRDA:172,19,0,0
BRDA:172,19,1,0
BRDA:182,20,0,0
BRDA:182,20,1,0
BRDA:194,21,0,0
BRDA:194,21,1,0
BRDA:201,22,0,0
BRDA:201,22,1,0
BRDA:217,23,0,0
BRDA:217,23,1,0
BRDA:227,24,0,0
BRDA:227,24,1,0
BRDA:282,25,0,9
BRDA:282,25,1,0
BRDA:283,26,0,9
BRDA:283,26,1,9
BRDA:304,27,0,0
BRDA:304,27,1,4
BRDA:312,28,0,4
BRDA:312,28,1,0
BRDA:315,29,0,0
BRDA:315,29,1,0
BRDA:331,30,0,0
BRDA:331,30,1,0
BRDA:336,31,0,0
BRDA:336,31,1,0
BRDA:338,32,0,0
BRDA:338,32,1,0
BRDA:342,33,0,0
BRDA:342,33,1,0
BRDA:350,34,0,0
BRDA:350,34,1,0
BRDA:357,35,0,0
BRDA:357,35,1,0
BRDA:375,36,0,0
BRDA:375,36,1,9
BRDA:380,37,0,0
BRDA:380,37,1,9
BRDA:386,38,0,0
BRDA:386,38,1,9
BRDA:386,39,0,0
BRDA:386,39,1,9
BRDA:386,40,0,0
BRDA:386,40,1,9
BRDA:388,41,0,0
BRDA:388,41,1,9
BRDA:392,42,0,0
BRDA:392,42,1,9
BRDA:395,43,0,0
BRDA:395,43,1,5
BRDA:395,44,0,0
BRDA:395,44,1,5
BRDA:396,45,0,0
BRDA:396,45,1,5
BRDA:397,46,0,0
BRDA:397,46,1,5
BRDA:397,47,0,0
BRDA:397,47,1,5
BRDA:406,48,0,9
BRDA:406,48,1,0
BRDA:407,49,0,9
BRDA:407,49,1,0
BRDA:420,50,0,0
BRDA:420,50,1,9
BRDA:425,51,0,0
BRDA:425,51,1,0
BRDA:444,52,0,9
BRDA:444,52,1,0
BRDA:459,53,0,45
BRDA:459,53,1,9
BRDA:461,54,0,9
BRDA:461,54,1,36
BRDA:462,55,0,45
BRDA:462,55,1,9
BRDA:483,56,0,0
BRDA:483,56,1,9
BRDA:491,57,0,5
BRDA:491,57,1,4
BRDA:517,58,0,0
BRDA:517,58,1,4
BRF:130
BRH:31
end_of_record
TN:
SF:screens\Activities\ActivityDetailsModal.js
FN:15,normalizeLanguage
FN:22,getActivityDateValue
FN:29,formatActivitySchedule
FN:36,(anonymous_3)
FN:47,(anonymous_4)
FN:69,getLocalizedActivityField
FN:80,getActivitySchoolLabel
FN:99,ActivityDetailsModal
FN:106,(anonymous_8)
FN:115,(anonymous_9)
FN:116,(anonymous_10)
FN:118,(anonymous_11)
FN:120,(anonymous_12)
FN:139,(anonymous_13)
FN:186,(anonymous_14)
FNF:15
FNH:14
FNDA:15,normalizeLanguage
FNDA:20,getActivityDateValue
FNDA:5,formatActivitySchedule
FNDA:10,(anonymous_3)
FNDA:10,(anonymous_4)
FNDA:38,getLocalizedActivityField
FNDA:5,getActivitySchoolLabel
FNDA:5,ActivityDetailsModal
FNDA:12,(anonymous_8)
FNDA:5,(anonymous_9)
FNDA:5,(anonymous_10)
FNDA:8,(anonymous_11)
FNDA:5,(anonymous_12)
FNDA:0,(anonymous_13)
FNDA:1,(anonymous_14)
DA:16,15
DA:17,15
DA:18,15
DA:19,0
DA:23,20
DA:24,55
DA:26,20
DA:30,5
DA:31,5
DA:32,5
DA:33,5
DA:34,5
DA:36,5
DA:37,10
DA:38,0
DA:39,0
DA:40,0
DA:47,5
DA:48,10
DA:49,0
DA:50,0
DA:51,0
DA:52,0
DA:58,5
DA:59,5
DA:60,5
DA:61,5
DA:63,5
DA:70,38
DA:81,5
DA:92,1
DA:105,5
DA:106,5
DA:107,12
DA:108,12
DA:109,12
DA:111,12
DA:113,5
DA:114,5
DA:115,5
DA:116,5
DA:118,8
DA:120,5
DA:121,5
DA:122,4
DA:125,5
DA:126,1
DA:133,4
DA:134,4
DA:136,4
DA:186,1
DA:202,1
LF:52
LH:44
BRDA:16,0,0,15
BRDA:16,0,1,0
BRDA:17,1,0,0
BRDA:17,1,1,15
BRDA:18,2,0,15
BRDA:18,2,1,0
BRDA:24,3,0,0
BRDA:24,3,1,55
BRDA:30,4,0,0
BRDA:30,4,1,5
BRDA:30,5,0,5
BRDA:30,5,1,0
BRDA:37,6,0,10
BRDA:37,6,1,0
BRDA:39,7,0,0
BRDA:39,7,1,0
BRDA:48,8,0,10
BRDA:48,8,1,0
BRDA:51,9,0,0
BRDA:51,9,1,0
BRDA:64,10,0,0
BRDA:64,10,1,5
BRDA:64,11,0,5
BRDA:64,11,1,0
BRDA:64,11,2,0
BRDA:64,12,0,5
BRDA:64,12,1,5
BRDA:64,12,2,5
BRDA:65,13,0,0
BRDA:65,13,1,5
BRDA:65,14,0,5
BRDA:65,14,1,0
BRDA:65,15,0,5
BRDA:65,15,1,5
BRDA:65,15,2,5
BRDA:71,16,0,38
BRDA:71,16,1,30
BRDA:71,16,2,30
BRDA:71,16,3,30
BRDA:71,16,4,30
BRDA:71,16,5,30
BRDA:82,17,0,5
BRDA:82,17,1,5
BRDA:82,17,2,5
BRDA:82,17,3,5
BRDA:82,17,4,5
BRDA:82,17,5,5
BRDA:82,17,6,5
BRDA:107,18,0,12
BRDA:107,18,1,0
BRDA:109,19,0,0
BRDA:109,19,1,12
BRDA:109,20,0,12
BRDA:109,20,1,12
BRDA:111,21,0,12
BRDA:111,21,1,0
BRDA:113,22,0,5
BRDA:113,22,1,1
BRDA:114,23,0,5
BRDA:114,23,1,5
BRDA:121,24,0,1
BRDA:121,24,1,4
BRDA:122,25,0,4
BRDA:122,25,1,0
BRDA:125,26,0,1
BRDA:125,26,1,4
BRDA:133,27,0,0
BRDA:133,27,1,4
BRDA:134,28,0,0
BRDA:134,28,1,4
BRDA:146,29,0,0
BRDA:146,29,1,4
BRDA:153,30,0,0
BRDA:153,30,1,4
BRDA:153,31,0,4
BRDA:153,31,1,4
BRDA:155,32,0,0
BRDA:155,32,1,0
BRDA:162,33,0,0
BRDA:162,33,1,0
BRDA:185,34,0,4
BRDA:185,34,1,0
BRDA:213,35,0,0
BRDA:213,35,1,1
BRF:84
BRH:53
end_of_record
TN:
SF:screens\AdaptiveTest\AdaptiveTestScreen.js
FN:24,AdaptiveTestScreen
FN:41,(anonymous_1)
FN:44,(anonymous_2)
FN:51,(anonymous_3)
FN:93,(anonymous_4)
FN:99,(anonymous_5)
FN:118,(anonymous_6)
FN:123,(anonymous_7)
FN:133,(anonymous_8)
FN:134,(anonymous_9)
FN:156,(anonymous_10)
FN:159,(anonymous_11)
FN:175,(anonymous_12)
FN:185,startHeartbeat
FN:187,(anonymous_14)
FN:197,stopHeartbeat
FN:202,startAppStateTracking
FN:206,stopAppStateTracking
FN:212,onAppStateChange
FN:226,startTimer
FN:231,(anonymous_20)
FN:232,(anonymous_21)
FN:243,stopTimer
FN:248,safeNum
FN:254,loadNextQuestion
FN:294,handleAnswer
FN:342,(anonymous_26)
FN:366,(anonymous_27)
FN:382,handleSkipQuestion
FN:392,(anonymous_29)
FN:403,(anonymous_30)
FN:409,handleAutoTimeout
FN:417,(anonymous_32)
FN:428,(anonymous_33)
FN:435,jumpToQuestion
FN:462,finishTest
FN:558,(anonymous_36)
FN:566,(anonymous_37)
FN:567,(anonymous_38)
FNF:39
FNH:31
FNDA:29,AdaptiveTestScreen
FNDA:9,(anonymous_1)
FNDA:0,(anonymous_2)
FNDA:39,(anonymous_3)
FNDA:10,(anonymous_4)
FNDA:10,(anonymous_5)
FNDA:18,(anonymous_6)
FNDA:12,(anonymous_7)
FNDA:12,(anonymous_8)
FNDA:3,(anonymous_9)
FNDA:9,(anonymous_10)
FNDA:9,(anonymous_11)
FNDA:9,(anonymous_12)
FNDA:8,startHeartbeat
FNDA:1,(anonymous_14)
FNDA:19,stopHeartbeat
FNDA:8,startAppStateTracking
FNDA:9,stopAppStateTracking
FNDA:0,onAppStateChange
FNDA:9,startTimer
FNDA:15,(anonymous_20)
FNDA:15,(anonymous_21)
FNDA:23,stopTimer
FNDA:2,safeNum
FNDA:11,loadNextQuestion
FNDA:1,handleAnswer
FNDA:0,(anonymous_26)
FNDA:1,(anonymous_27)
FNDA:2,handleSkipQuestion
FNDA:2,(anonymous_29)
FNDA:2,(anonymous_30)
FNDA:0,handleAutoTimeout
FNDA:0,(anonymous_32)
FNDA:0,(anonymous_33)
FNDA:0,jumpToQuestion
FNDA:2,finishTest
FNDA:13,(anonymous_36)
FNDA:0,(anonymous_37)
FNDA:13,(anonymous_38)
DA:21,2
DA:22,2
DA:35,29
DA:37,29
DA:38,29
DA:41,29
DA:42,9
DA:43,9
DA:44,0
DA:51,29
DA:52,39
DA:53,39
DA:54,39
DA:58,29
DA:59,29
DA:60,29
DA:62,29
DA:63,29
DA:64,29
DA:66,29
DA:67,29
DA:69,29
DA:81,29
DA:82,29
DA:84,29
DA:85,29
DA:86,29
DA:87,29
DA:90,29
DA:93,29
DA:94,10
DA:95,10
DA:96,10
DA:97,10
DA:99,10
DA:100,10
DA:101,10
DA:102,10
DA:105,10
DA:113,29
DA:114,29
DA:115,29
DA:116,29
DA:118,29
DA:119,18
DA:120,0
DA:123,29
DA:124,12
DA:125,0
DA:131,29
DA:133,29
DA:134,12
DA:143,12
DA:152,12
DA:156,29
DA:157,9
DA:159,9
DA:160,9
DA:161,1
DA:162,1
DA:165,8
DA:166,8
DA:168,8
DA:169,8
DA:170,8
DA:172,8
DA:175,9
DA:176,9
DA:177,9
DA:178,9
DA:179,9
DA:186,8
DA:187,8
DA:188,1
DA:198,19
DA:199,19
DA:203,8
DA:207,9
DA:208,9
DA:213,0
DA:214,0
DA:215,0
DA:217,0
DA:227,9
DA:228,9
DA:229,9
DA:231,9
DA:232,15
DA:233,15
DA:234,0
DA:235,0
DA:236,0
DA:238,15
DA:244,23
DA:245,23
DA:249,2
DA:250,2
DA:255,11
DA:258,11
DA:259,11
DA:260,11
DA:262,11
DA:263,11
DA:268,11
DA:269,2
DA:271,2
DA:272,2
DA:273,2
DA:276,0
DA:277,0
DA:280,9
DA:281,0
DA:282,0
DA:285,9
DA:286,9
DA:288,0
DA:290,11
DA:295,1
DA:300,1
DA:302,1
DA:303,1
DA:305,1
DA:306,1
DA:307,1
DA:310,1
DA:315,1
DA:319,1
DA:330,1
DA:331,0
DA:333,0
DA:334,0
DA:336,0
DA:338,0
DA:341,1
DA:342,0
DA:343,0
DA:344,0
DA:345,0
DA:352,0
DA:355,0
DA:356,0
DA:358,0
DA:359,0
DA:360,0
DA:361,0
DA:363,0
DA:366,1
DA:377,1
DA:378,1
DA:379,1
DA:383,2
DA:384,2
DA:385,2
DA:387,2
DA:388,2
DA:390,2
DA:392,2
DA:403,2
DA:405,2
DA:406,2
DA:410,0
DA:411,0
DA:412,0
DA:414,0
DA:415,0
DA:417,0
DA:428,0
DA:430,0
DA:431,0
DA:436,0
DA:438,0
DA:439,0
DA:441,0
DA:442,0
DA:444,0
DA:447,0
DA:448,0
DA:451,0
DA:452,0
DA:454,0
DA:455,0
DA:456,0
DA:457,0
DA:463,2
DA:464,2
DA:466,2
DA:468,2
DA:477,2
DA:478,2
DA:479,2
DA:480,2
DA:481,2
DA:487,2
DA:488,0
DA:491,0
DA:494,2
DA:507,29
DA:508,19
DA:518,10
DA:519,10
DA:521,10
DA:560,13
DA:563,13
DA:566,0
DA:567,13
DA:610,2
LF:206
LH:148
BRDA:30,0,0,0
BRDA:31,1,0,0
BRDA:37,2,0,29
BRDA:37,2,1,0
BRDA:42,3,0,0
BRDA:42,3,1,9
BRDA:43,4,0,0
BRDA:43,4,1,9
BRDA:53,5,0,0
BRDA:53,5,1,39
BRDA:53,6,0,39
BRDA:53,6,1,39
BRDA:54,7,0,0
BRDA:54,7,1,39
BRDA:54,8,0,0
BRDA:54,8,1,0
BRDA:63,9,0,29
BRDA:63,9,1,0
BRDA:94,10,0,10
BRDA:94,10,1,0
BRDA:100,11,0,10
BRDA:100,11,1,9
BRDA:101,12,0,10
BRDA:101,12,1,9
BRDA:102,13,0,10
BRDA:102,13,1,0
BRDA:114,14,0,0
BRDA:114,14,1,29
BRDA:115,15,0,29
BRDA:115,15,1,0
BRDA:116,16,0,29
BRDA:116,16,1,0
BRDA:119,17,0,18
BRDA:119,17,1,0
BRDA:120,18,0,0
BRDA:120,18,1,0
BRDA:124,19,0,12
BRDA:124,19,1,0
BRDA:125,20,0,0
BRDA:125,20,1,0
BRDA:134,21,0,12
BRDA:134,21,1,0
BRDA:160,22,0,1
BRDA:160,22,1,8
BRDA:160,23,0,9
BRDA:160,23,1,8
BRDA:166,24,0,8
BRDA:166,24,1,0
BRDA:168,25,0,8
BRDA:168,25,1,0
BRDA:172,26,0,8
BRDA:172,26,1,0
BRDA:198,27,0,8
BRDA:198,27,1,11
BRDA:215,28,0,0
BRDA:215,28,1,0
BRDA:220,29,0,0
BRDA:220,29,1,0
BRDA:226,30,0,0
BRDA:233,31,0,0
BRDA:233,31,1,15
BRDA:244,32,0,9
BRDA:244,32,1,14
BRDA:248,33,0,0
BRDA:250,34,0,2
BRDA:250,34,1,0
BRDA:268,35,0,2
BRDA:268,35,1,9
BRDA:271,36,0,2
BRDA:271,36,1,0
BRDA:280,37,0,0
BRDA:280,37,1,9
BRDA:295,38,0,0
BRDA:295,38,1,1
BRDA:295,39,0,1
BRDA:295,39,1,1
BRDA:300,40,0,0
BRDA:300,40,1,1
BRDA:300,41,0,1
BRDA:300,41,1,0
BRDA:303,42,0,0
BRDA:303,42,1,1
BRDA:310,43,0,0
BRDA:310,43,1,1
BRDA:310,44,0,1
BRDA:310,44,1,0
BRDA:315,45,0,0
BRDA:315,45,1,1
BRDA:315,46,0,1
BRDA:315,46,1,0
BRDA:326,47,0,0
BRDA:326,47,1,1
BRDA:330,48,0,0
BRDA:330,48,1,1
BRDA:333,49,0,0
BRDA:333,49,1,0
BRDA:333,50,0,0
BRDA:333,50,1,0
BRDA:341,51,0,0
BRDA:341,51,1,1
BRDA:341,52,0,1
BRDA:341,52,1,0
BRDA:360,53,0,0
BRDA:360,53,1,0
BRDA:383,54,0,0
BRDA:383,54,1,2
BRDA:383,55,0,2
BRDA:383,55,1,2
BRDA:384,56,0,0
BRDA:384,56,1,2
BRDA:385,57,0,0
BRDA:385,57,1,2
BRDA:410,58,0,0
BRDA:410,58,1,0
BRDA:410,59,0,0
BRDA:410,59,1,0
BRDA:411,60,0,0
BRDA:411,60,1,0
BRDA:412,61,0,0
BRDA:412,61,1,0
BRDA:436,62,0,0
BRDA:436,62,1,0
BRDA:436,63,0,0
BRDA:436,63,1,0
BRDA:438,64,0,0
BRDA:438,64,1,0
BRDA:442,65,0,0
BRDA:442,65,1,0
BRDA:447,66,0,0
BRDA:447,66,1,0
BRDA:455,67,0,0
BRDA:455,67,1,0
BRDA:487,68,0,0
BRDA:487,68,1,2
BRDA:488,69,0,0
BRDA:488,69,1,0
BRDA:491,70,0,0
BRDA:491,70,1,0
BRDA:507,71,0,19
BRDA:507,71,1,10
BRDA:507,72,0,29
BRDA:507,72,1,12
BRDA:507,72,2,12
BRDA:518,73,0,10
BRDA:518,73,1,0
BRDA:519,74,0,10
BRDA:519,74,1,0
BRDA:532,75,0,10
BRDA:532,75,1,7
BRDA:532,75,2,10
BRDA:539,76,0,10
BRDA:539,76,1,0
BRDA:547,77,0,10
BRDA:547,77,1,0
BRDA:560,78,0,13
BRDA:560,78,1,10
BRDA:560,78,2,3
BRDA:560,78,3,3
BRDA:569,79,0,13
BRDA:569,79,1,10
BRDA:570,80,0,13
BRDA:570,80,1,1
BRDA:571,81,0,13
BRDA:571,81,1,2
BRDA:572,82,0,13
BRDA:572,82,1,10
BRDA:573,83,0,13
BRDA:573,83,1,0
BRDA:576,84,0,13
BRDA:576,84,1,10
BRDA:597,85,0,10
BRDA:597,85,1,10
BRDA:597,85,2,0
BRDA:599,86,0,0
BRDA:599,86,1,10
BRDA:635,87,0,0
BRDA:635,87,1,2
BRF:177
BRH:88
end_of_record
TN:
SF:screens\AdaptiveTest\PersonalityResultsScreen.js
FN:18,safeNum
FN:23,clamp
FN:27,pct
FN:31,normalizeLang
FN:47,(anonymous_4)
FN:77,(anonymous_5)
FN:107,(anonymous_6)
FN:139,PersonalityResultsScreen
FN:147,(anonymous_8)
FN:149,(anonymous_9)
FN:157,(anonymous_10)
FN:160,load
FN:189,(anonymous_12)
FN:196,(anonymous_13)
FN:197,(anonymous_14)
FN:203,(anonymous_15)
FN:244,(anonymous_16)
FN:255,(anonymous_17)
FN:269,(anonymous_18)
FN:270,(anonymous_19)
FN:275,(anonymous_20)
FN:276,(anonymous_21)
FN:286,InfoCard
FN:300,TraitCard
FN:316,ChartRow
FN:328,Progress
FNF:26
FNH:25
FNDA:151,safeNum
FNDA:151,clamp
FNDA:151,pct
FNDA:32,normalizeLang
FNDA:6,(anonymous_4)
FNDA:1,(anonymous_5)
FNDA:1,(anonymous_6)
FNDA:16,PersonalityResultsScreen
FNDA:16,(anonymous_8)
FNDA:0,(anonymous_9)
FNDA:8,(anonymous_10)
FNDA:8,load
FNDA:8,(anonymous_12)
FNDA:14,(anonymous_13)
FNDA:70,(anonymous_14)
FNDA:60,(anonymous_15)
FNDA:40,(anonymous_16)
FNDA:25,(anonymous_17)
FNDA:1,(anonymous_18)
FNDA:8,(anonymous_19)
FNDA:1,(anonymous_20)
FNDA:8,(anonymous_21)
FNDA:24,InfoCard
FNDA:40,TraitCard
FNDA:25,ChartRow
FNDA:65,Progress
DA:19,151
DA:20,151
DA:24,151
DA:28,151
DA:32,32
DA:33,32
DA:34,28
DA:35,24
DA:38,1
DA:47,6
DA:77,1
DA:107,1
DA:131,1
DA:140,16
DA:141,16
DA:142,16
DA:143,16
DA:144,16
DA:145,16
DA:147,16
DA:148,16
DA:149,0
DA:153,16
DA:154,16
DA:155,16
DA:157,16
DA:158,8
DA:161,8
DA:162,8
DA:163,1
DA:164,1
DA:167,7
DA:168,7
DA:169,7
DA:171,7
DA:172,1
DA:173,1
DA:174,1
DA:175,1
DA:178,6
DA:179,6
DA:181,0
DA:182,0
DA:184,8
DA:188,8
DA:189,8
DA:190,8
DA:194,16
DA:195,16
DA:197,14
DA:198,70
DA:199,70
DA:203,60
DA:205,16
DA:211,16
DA:212,8
DA:220,8
DA:245,40
DA:256,25
DA:269,1
DA:270,8
DA:275,1
DA:276,8
DA:287,24
DA:301,40
DA:317,25
DA:329,65
DA:336,1
LF:68
LH:65
BRDA:18,0,0,151
BRDA:20,1,0,92
BRDA:20,1,1,59
BRDA:23,2,0,151
BRDA:23,3,0,151
BRDA:32,4,0,32
BRDA:32,4,1,0
BRDA:33,5,0,4
BRDA:33,5,1,28
BRDA:34,6,0,4
BRDA:34,6,1,24
BRDA:139,7,0,0
BRDA:142,8,0,16
BRDA:142,8,1,0
BRDA:143,9,0,16
BRDA:143,9,1,4
BRDA:148,10,0,0
BRDA:148,10,1,16
BRDA:162,11,0,1
BRDA:162,11,1,7
BRDA:169,12,0,0
BRDA:169,12,1,7
BRDA:171,13,0,1
BRDA:171,13,1,6
BRDA:172,14,0,1
BRDA:172,14,1,0
BRDA:178,15,0,6
BRDA:178,15,1,0
BRDA:179,16,0,6
BRDA:179,16,1,0
BRDA:181,17,0,0
BRDA:181,17,1,0
BRDA:184,18,0,8
BRDA:184,18,1,0
BRDA:205,19,0,2
BRDA:205,19,1,14
BRDA:207,20,0,2
BRDA:207,20,1,12
BRDA:211,21,0,8
BRDA:211,21,1,8
BRDA:224,22,0,8
BRDA:224,22,1,7
BRDA:229,23,0,8
BRDA:229,23,1,7
BRDA:230,24,0,8
BRDA:230,24,1,7
BRDA:236,25,0,8
BRDA:236,25,1,7
BRDA:239,26,0,8
BRDA:239,26,1,4
BRDA:242,27,0,8
BRDA:242,27,1,7
BRDA:243,28,0,8
BRDA:243,28,1,1
BRDA:251,29,0,8
BRDA:251,29,1,7
BRDA:252,30,0,8
BRDA:252,30,1,7
BRDA:253,31,0,5
BRDA:253,31,1,3
BRDA:260,32,0,3
BRDA:260,32,1,3
BRDA:270,33,0,8
BRDA:270,33,1,0
BRDA:276,34,0,8
BRDA:276,34,1,0
BRDA:289,35,0,24
BRDA:289,35,1,21
BRDA:291,36,0,8
BRDA:291,36,1,16
BRDA:291,37,0,8
BRDA:291,37,1,8
BRDA:293,38,0,24
BRDA:293,38,1,21
BRDA:295,39,0,24
BRDA:295,39,1,21
BRDA:302,40,0,40
BRDA:302,40,1,5
BRDA:303,41,0,40
BRDA:303,41,1,35
BRDA:305,42,0,40
BRDA:305,42,1,35
BRDA:306,43,0,40
BRDA:306,43,1,35
BRDA:311,44,0,40
BRDA:311,44,1,35
BRDA:319,45,0,25
BRDA:319,45,1,20
BRDA:320,46,0,25
BRDA:320,46,1,20
BRF:90
BRH:77
end_of_record
TN:
SF:screens\AdaptiveTest\PersonalityTestScreen.js
FN:28,PersonalityTestScreen
FN:40,(anonymous_1)
FN:43,(anonymous_2)
FN:49,(anonymous_3)
FN:80,(anonymous_4)
FN:85,(anonymous_5)
FN:91,(anonymous_6)
FN:98,(anonymous_7)
FN:101,(anonymous_8)
FN:137,(anonymous_9)
FN:143,resetAnswerState
FN:151,startQuestionTimer
FN:155,timeTakenSeconds
FN:160,finishPersonality
FN:208,loadNextQuestion
FN:254,validateAnswer
FN:296,buildAnswerPayload
FN:320,(anonymous_17)
FN:327,onSubmit
FN:358,renderScale10
FN:361,(anonymous_20)
FN:367,(anonymous_21)
FN:368,(anonymous_22)
FN:382,renderMultipleChoice
FN:393,(anonymous_24)
FN:400,(anonymous_25)
FN:401,(anonymous_26)
FN:416,renderOpenEnded
FN:435,renderForcedChoicePair
FN:449,(anonymous_29)
FN:450,(anonymous_30)
FN:461,(anonymous_31)
FN:462,(anonymous_32)
FN:475,moveRanking
FN:476,(anonymous_34)
FN:485,renderRanking10
FN:496,(anonymous_36)
FN:507,(anonymous_37)
FN:508,(anonymous_38)
FN:513,(anonymous_39)
FN:514,(anonymous_40)
FN:526,renderAnswerInput
FN:599,(anonymous_42)
FNF:43
FNH:37
FNDA:76,PersonalityTestScreen
FNDA:24,(anonymous_1)
FNDA:0,(anonymous_2)
FNDA:129,(anonymous_3)
FNDA:42,(anonymous_4)
FNDA:42,(anonymous_5)
FNDA:42,(anonymous_6)
FNDA:24,(anonymous_7)
FNDA:24,(anonymous_8)
FNDA:24,(anonymous_9)
FNDA:30,resetAnswerState
FNDA:18,startQuestionTimer
FNDA:9,timeTakenSeconds
FNDA:10,finishPersonality
FNDA:30,loadNextQuestion
FNDA:10,validateAnswer
FNDA:9,buildAnswerPayload
FNDA:3,(anonymous_17)
FNDA:10,onSubmit
FNDA:34,renderScale10
FNDA:340,(anonymous_20)
FNDA:5,(anonymous_21)
FNDA:340,(anonymous_22)
FNDA:4,renderMultipleChoice
FNDA:8,(anonymous_24)
FNDA:1,(anonymous_25)
FNDA:8,(anonymous_26)
FNDA:4,renderOpenEnded
FNDA:4,renderForcedChoicePair
FNDA:1,(anonymous_29)
FNDA:4,(anonymous_30)
FNDA:0,(anonymous_31)
FNDA:4,(anonymous_32)
FNDA:0,moveRanking
FNDA:0,(anonymous_34)
FNDA:3,renderRanking10
FNDA:6,(anonymous_36)
FNDA:0,(anonymous_37)
FNDA:6,(anonymous_38)
FNDA:0,(anonymous_39)
FNDA:6,(anonymous_40)
FNDA:49,renderAnswerInput
FNDA:50,(anonymous_42)
DA:26,1
DA:37,76
DA:40,76
DA:41,24
DA:42,24
DA:43,1
DA:49,76
DA:50,129
DA:51,129
DA:54,76
DA:55,76
DA:56,76
DA:58,76
DA:59,76
DA:62,76
DA:65,76
DA:66,76
DA:67,76
DA:70,76
DA:71,76
DA:73,76
DA:76,76
DA:77,76
DA:78,76
DA:80,76
DA:81,42
DA:82,18
DA:85,76
DA:86,42
DA:87,42
DA:88,18
DA:91,76
DA:92,42
DA:93,42
DA:94,18
DA:95,1
DA:98,76
DA:99,24
DA:101,24
DA:102,24
DA:103,24
DA:104,1
DA:108,1
DA:111,23
DA:113,23
DA:114,23
DA:115,21
DA:116,21
DA:117,1
DA:121,1
DA:123,20
DA:124,20
DA:125,20
DA:128,22
DA:130,0
DA:131,0
DA:133,24
DA:137,24
DA:138,24
DA:144,30
DA:145,30
DA:146,30
DA:147,30
DA:148,30
DA:152,18
DA:156,9
DA:161,10
DA:163,10
DA:164,10
DA:167,8
DA:168,1
DA:174,1
DA:178,7
DA:186,2
DA:189,2
DA:190,0
DA:196,0
DA:199,2
DA:209,30
DA:211,30
DA:212,30
DA:214,30
DA:215,30
DA:218,28
DA:219,7
DA:220,7
DA:224,21
DA:227,21
DA:228,3
DA:229,3
DA:232,18
DA:233,18
DA:239,18
DA:240,1
DA:241,1
DA:242,1
DA:245,18
DA:247,1
DA:248,1
DA:250,29
DA:255,10
DA:257,10
DA:259,10
DA:260,6
DA:261,1
DA:262,5
DA:265,4
DA:266,1
DA:267,0
DA:271,1
DA:274,3
DA:275,1
DA:276,0
DA:277,1
DA:280,2
DA:281,1
DA:282,0
DA:283,1
DA:286,1
DA:287,1
DA:288,0
DA:290,1
DA:293,0
DA:297,9
DA:299,9
DA:301,4
DA:302,1
DA:303,1
DA:311,3
DA:312,1
DA:315,2
DA:316,1
DA:319,1
DA:320,3
DA:321,1
DA:324,0
DA:328,10
DA:330,10
DA:331,10
DA:332,1
DA:333,1
DA:336,9
DA:338,9
DA:339,9
DA:340,9
DA:342,9
DA:344,9
DA:345,1
DA:346,1
DA:349,8
DA:351,0
DA:352,0
DA:354,8
DA:359,34
DA:362,340
DA:363,340
DA:364,340
DA:367,5
DA:368,340
DA:383,4
DA:384,0
DA:391,4
DA:394,8
DA:395,8
DA:397,8
DA:400,1
DA:401,8
DA:417,4
DA:436,4
DA:437,4
DA:438,4
DA:440,4
DA:441,4
DA:443,4
DA:444,4
DA:446,4
DA:449,1
DA:450,4
DA:461,0
DA:462,4
DA:476,0
DA:477,0
DA:478,0
DA:479,0
DA:480,0
DA:481,0
DA:486,3
DA:487,1
DA:494,2
DA:497,6
DA:498,6
DA:507,0
DA:508,6
DA:513,0
DA:514,6
DA:527,49
DA:529,49
DA:530,15
DA:531,11
DA:532,7
DA:533,3
DA:535,0
DA:538,76
DA:539,26
DA:549,50
DA:551,50
DA:599,50
DA:616,1
LF:208
LH:185
BRDA:31,0,0,0
BRDA:32,1,0,0
BRDA:33,2,0,0
BRDA:34,3,0,0
BRDA:41,4,0,1
BRDA:41,4,1,23
BRDA:42,5,0,1
BRDA:42,5,1,23
BRDA:51,6,0,0
BRDA:51,6,1,129
BRDA:51,7,0,129
BRDA:51,7,1,129
BRDA:78,8,0,76
BRDA:78,8,1,0
BRDA:81,9,0,24
BRDA:81,9,1,18
BRDA:82,10,0,18
BRDA:82,10,1,0
BRDA:82,11,0,18
BRDA:82,11,1,0
BRDA:87,12,0,24
BRDA:87,12,1,18
BRDA:88,13,0,18
BRDA:88,13,1,0
BRDA:88,13,2,0
BRDA:88,14,0,18
BRDA:88,14,1,0
BRDA:93,15,0,24
BRDA:93,15,1,18
BRDA:94,16,0,17
BRDA:94,16,1,1
BRDA:103,17,0,1
BRDA:103,17,1,23
BRDA:114,18,0,21
BRDA:114,18,1,2
BRDA:116,19,0,1
BRDA:116,19,1,20
BRDA:119,20,0,1
BRDA:119,20,1,0
BRDA:124,21,0,0
BRDA:124,21,1,20
BRDA:130,22,0,0
BRDA:130,22,1,0
BRDA:133,23,0,24
BRDA:133,23,1,0
BRDA:161,24,0,10
BRDA:161,24,1,0
BRDA:167,25,0,1
BRDA:167,25,1,7
BRDA:167,26,0,8
BRDA:167,26,1,8
BRDA:183,27,0,7
BRDA:183,27,1,4
BRDA:186,28,0,2
BRDA:186,28,1,0
BRDA:189,29,0,0
BRDA:189,29,1,2
BRDA:189,30,0,2
BRDA:189,30,1,2
BRDA:209,31,0,0
BRDA:209,31,1,30
BRDA:218,32,0,7
BRDA:218,32,1,21
BRDA:224,33,0,21
BRDA:224,33,1,0
BRDA:227,34,0,3
BRDA:227,34,1,18
BRDA:239,35,0,1
BRDA:239,35,1,17
BRDA:241,36,0,1
BRDA:241,36,1,0
BRDA:247,37,0,1
BRDA:247,37,1,0
BRDA:255,38,0,0
BRDA:255,38,1,10
BRDA:255,39,0,0
BRDA:255,39,1,0
BRDA:257,40,0,10
BRDA:257,40,1,0
BRDA:259,41,0,6
BRDA:259,41,1,4
BRDA:260,42,0,1
BRDA:260,42,1,5
BRDA:261,43,0,1
BRDA:261,43,1,0
BRDA:265,44,0,1
BRDA:265,44,1,3
BRDA:266,45,0,0
BRDA:266,45,1,1
BRDA:269,46,0,0
BRDA:269,46,1,0
BRDA:274,47,0,1
BRDA:274,47,1,2
BRDA:275,48,0,0
BRDA:275,48,1,1
BRDA:275,49,0,1
BRDA:275,49,1,0
BRDA:276,50,0,0
BRDA:276,50,1,0
BRDA:280,51,0,1
BRDA:280,51,1,1
BRDA:281,52,0,0
BRDA:281,52,1,1
BRDA:281,53,0,1
BRDA:281,53,1,0
BRDA:282,54,0,0
BRDA:282,54,1,0
BRDA:286,55,0,1
BRDA:286,55,1,0
BRDA:287,56,0,0
BRDA:287,56,1,1
BRDA:287,57,0,1
BRDA:287,57,1,1
BRDA:288,58,0,0
BRDA:288,58,1,0
BRDA:297,59,0,9
BRDA:297,59,1,0
BRDA:299,60,0,5
BRDA:299,60,1,4
BRDA:301,61,0,1
BRDA:301,61,1,3
BRDA:302,62,0,1
BRDA:302,62,1,0
BRDA:305,63,0,1
BRDA:305,63,1,0
BRDA:306,64,0,1
BRDA:306,64,1,0
BRDA:307,65,0,1
BRDA:307,65,1,0
BRDA:311,66,0,1
BRDA:311,66,1,2
BRDA:312,67,0,1
BRDA:312,67,1,0
BRDA:315,68,0,1
BRDA:315,68,1,1
BRDA:319,69,0,1
BRDA:319,69,1,0
BRDA:320,70,0,1
BRDA:320,70,1,0
BRDA:328,71,0,0
BRDA:328,71,1,10
BRDA:328,72,0,10
BRDA:328,72,1,10
BRDA:331,73,0,1
BRDA:331,73,1,9
BRDA:332,74,0,1
BRDA:332,74,1,0
BRDA:332,75,0,1
BRDA:332,75,1,0
BRDA:344,76,0,1
BRDA:344,76,1,8
BRDA:345,77,0,1
BRDA:345,77,1,0
BRDA:351,78,0,0
BRDA:351,78,1,0
BRDA:370,79,0,340
BRDA:370,79,1,11
BRDA:371,80,0,0
BRDA:371,80,1,340
BRDA:371,81,0,340
BRDA:371,81,1,0
BRDA:374,82,0,340
BRDA:374,82,1,11
BRDA:383,83,0,0
BRDA:383,83,1,4
BRDA:386,84,0,0
BRDA:386,84,1,0
BRDA:394,85,0,8
BRDA:394,85,1,0
BRDA:394,85,2,0
BRDA:394,86,0,8
BRDA:394,86,1,0
BRDA:403,87,0,8
BRDA:403,87,1,2
BRDA:404,88,0,0
BRDA:404,88,1,8
BRDA:404,89,0,8
BRDA:404,89,1,0
BRDA:407,90,0,8
BRDA:407,90,1,2
BRDA:408,91,0,8
BRDA:408,91,1,2
BRDA:424,92,0,4
BRDA:424,92,1,0
BRDA:428,93,0,4
BRDA:428,93,1,0
BRDA:429,94,0,4
BRDA:429,94,1,0
BRDA:436,95,0,4
BRDA:436,95,1,0
BRDA:440,96,0,4
BRDA:440,96,1,0
BRDA:440,96,2,0
BRDA:440,97,0,4
BRDA:440,97,1,0
BRDA:441,98,0,4
BRDA:441,98,1,0
BRDA:441,98,2,0
BRDA:441,99,0,4
BRDA:441,99,1,0
BRDA:452,100,0,4
BRDA:452,100,1,2
BRDA:453,101,0,0
BRDA:453,101,1,4
BRDA:453,102,0,4
BRDA:453,102,1,0
BRDA:456,103,0,4
BRDA:456,103,1,2
BRDA:457,104,0,4
BRDA:457,104,1,2
BRDA:464,105,0,4
BRDA:464,105,1,0
BRDA:465,106,0,0
BRDA:465,106,1,4
BRDA:465,107,0,4
BRDA:465,107,1,0
BRDA:468,108,0,4
BRDA:468,108,1,0
BRDA:469,109,0,4
BRDA:469,109,1,0
BRDA:477,110,0,0
BRDA:477,110,1,0
BRDA:478,111,0,0
BRDA:478,111,1,0
BRDA:478,112,0,0
BRDA:478,112,1,0
BRDA:478,112,2,0
BRDA:478,112,3,0
BRDA:486,113,0,1
BRDA:486,113,1,2
BRDA:489,114,0,1
BRDA:489,114,1,0
BRDA:497,115,0,6
BRDA:497,115,1,0
BRDA:497,115,2,0
BRDA:497,116,0,6
BRDA:497,116,1,0
BRDA:499,117,0,6
BRDA:499,117,1,0
BRDA:508,118,0,0
BRDA:508,118,1,6
BRDA:514,119,0,0
BRDA:514,119,1,6
BRDA:527,120,0,49
BRDA:527,120,1,9
BRDA:529,121,0,34
BRDA:529,121,1,15
BRDA:530,122,0,4
BRDA:530,122,1,11
BRDA:531,123,0,4
BRDA:531,123,1,7
BRDA:532,124,0,4
BRDA:532,124,1,3
BRDA:533,125,0,3
BRDA:533,125,1,0
BRDA:538,126,0,26
BRDA:538,126,1,50
BRDA:549,127,0,50
BRDA:549,127,1,0
BRDA:552,128,0,50
BRDA:552,128,1,0
BRDA:556,129,0,50
BRDA:556,129,1,0
BRDA:560,130,0,50
BRDA:560,130,1,0
BRDA:571,131,0,50
BRDA:571,131,1,41
BRDA:578,132,0,50
BRDA:578,132,1,0
BRDA:578,133,0,50
BRDA:578,133,1,0
BRDA:583,134,0,1
BRDA:583,134,1,49
BRDA:587,135,0,1
BRDA:587,135,1,0
BRDA:598,136,0,50
BRDA:598,136,1,40
BRDA:601,137,0,50
BRDA:601,137,1,40
BRDA:601,137,2,10
BRDA:602,138,0,0
BRDA:602,138,1,50
BRDA:605,139,0,10
BRDA:605,139,1,40
BRDA:605,140,0,40
BRDA:605,140,1,0
BRF:286
BRH:177
end_of_record
TN:
SF:screens\AdaptiveTest\TestResultsScreen.js
FN:148,normalizeLanguage
FN:155,safeNum
FN:160,clamp
FN:164,pickLocalized
FN:168,formatMinutes
FN:175,levelFor
FN:183,explanationFor
FN:189,normalizeRecommendation
FN:203,flattenInstitutions
FN:205,(anonymous_9)
FN:207,(anonymous_10)
FN:221,(anonymous_11)
FN:224,TestResultsScreen
FN:246,(anonymous_13)
FN:248,(anonymous_14)
FN:252,(anonymous_15)
FN:255,loadResults
FN:313,(anonymous_17)
FN:318,(anonymous_18)
FN:319,(anonymous_19)
FN:335,(anonymous_20)
FN:338,(anonymous_21)
FN:339,(anonymous_22)
FN:340,(anonymous_23)
FN:355,(anonymous_24)
FN:358,(anonymous_25)
FN:359,(anonymous_26)
FN:359,(anonymous_27)
FN:362,(anonymous_28)
FN:363,(anonymous_29)
FN:364,(anonymous_30)
FN:365,(anonymous_31)
FN:410,(anonymous_32)
FN:442,(anonymous_33)
FN:471,(anonymous_34)
FN:482,(anonymous_35)
FN:507,(anonymous_36)
FN:516,Metric
FN:525,Section
FN:534,MiniList
FN:539,(anonymous_40)
FNF:41
FNH:39
FNDA:24,normalizeLanguage
FNDA:118,safeNum
FNDA:70,clamp
FNDA:15,pickLocalized
FNDA:23,formatMinutes
FNDA:38,levelFor
FNDA:15,explanationFor
FNDA:10,normalizeRecommendation
FNDA:23,flattenInstitutions
FNDA:10,(anonymous_9)
FNDA:10,(anonymous_10)
FNDA:5,(anonymous_11)
FNDA:24,TestResultsScreen
FNDA:24,(anonymous_13)
FNDA:0,(anonymous_14)
FNDA:12,(anonymous_15)
FNDA:12,loadResults
FNDA:12,(anonymous_17)
FNDA:23,(anonymous_18)
FNDA:15,(anonymous_19)
FNDA:6,(anonymous_20)
FNDA:23,(anonymous_21)
FNDA:15,(anonymous_22)
FNDA:15,(anonymous_23)
FNDA:23,(anonymous_24)
FNDA:23,(anonymous_25)
FNDA:23,(anonymous_26)
FNDA:6,(anonymous_27)
FNDA:1,(anonymous_28)
FNDA:1,(anonymous_29)
FNDA:1,(anonymous_30)
FNDA:1,(anonymous_31)
FNDA:15,(anonymous_32)
FNDA:10,(anonymous_33)
FNDA:5,(anonymous_34)
FNDA:0,(anonymous_35)
FNDA:1,(anonymous_36)
FNDA:84,Metric
FNDA:48,Section
FNDA:24,MiniList
FNDA:30,(anonymous_40)
DA:19,3
DA:149,24
DA:150,24
DA:151,22
DA:152,20
DA:156,118
DA:157,118
DA:161,70
DA:165,15
DA:169,23
DA:170,23
DA:171,23
DA:172,23
DA:176,38
DA:177,26
DA:178,20
DA:179,20
DA:180,14
DA:184,15
DA:185,6
DA:186,0
DA:190,10
DA:204,23
DA:205,23
DA:206,10
DA:207,10
DA:208,10
DA:209,10
DA:210,5
DA:221,23
DA:233,24
DA:234,24
DA:235,24
DA:236,24
DA:237,24
DA:238,24
DA:240,24
DA:241,24
DA:242,24
DA:243,24
DA:244,24
DA:246,24
DA:247,24
DA:248,0
DA:252,24
DA:253,12
DA:256,12
DA:257,1
DA:258,1
DA:259,1
DA:261,11
DA:262,0
DA:263,0
DA:264,0
DA:267,11
DA:268,11
DA:269,11
DA:270,11
DA:296,11
DA:297,11
DA:299,11
DA:300,11
DA:301,11
DA:302,11
DA:303,11
DA:305,0
DA:306,0
DA:308,11
DA:312,12
DA:313,12
DA:314,12
DA:318,24
DA:319,23
DA:320,15
DA:321,15
DA:322,15
DA:324,15
DA:326,15
DA:335,6
DA:338,24
DA:339,23
DA:340,23
DA:341,23
DA:342,23
DA:343,23
DA:344,23
DA:354,24
DA:355,23
DA:358,24
DA:359,24
DA:360,24
DA:362,24
DA:363,24
DA:364,24
DA:365,24
DA:367,24
DA:368,12
DA:376,12
DA:411,15
DA:443,10
DA:472,5
DA:482,0
DA:507,1
DA:517,84
DA:526,48
DA:535,24
DA:540,30
DA:552,3
LF:108
LH:100
BRDA:149,0,0,24
BRDA:149,0,1,0
BRDA:150,1,0,2
BRDA:150,1,1,22
BRDA:151,2,0,2
BRDA:151,2,1,20
BRDA:155,3,0,0
BRDA:157,4,0,72
BRDA:157,4,1,46
BRDA:160,5,0,70
BRDA:160,6,0,70
BRDA:164,7,0,0
[...]
FN:662,buildStudentRecommendationProfile
FN:679,(anonymous_69)
FN:680,(anonymous_70)
FN:689,(anonymous_71)
FN:696,(anonymous_72)
FN:703,(anonymous_73)
FN:704,(anonymous_74)
FN:705,(anonymous_75)
FN:713,(anonymous_76)
FN:714,(anonymous_77)
FN:715,(anonymous_78)
FN:716,(anonymous_79)
FN:717,(anonymous_80)
FN:722,(anonymous_81)
FN:725,(anonymous_82)
FN:729,(anonymous_83)
FN:736,(anonymous_84)
FN:737,(anonymous_85)
FN:748,(anonymous_86)
FN:754,(anonymous_87)
FN:759,(anonymous_88)
FN:764,(anonymous_89)
FN:765,(anonymous_90)
FN:771,(anonymous_91)
FN:829,calculateConfidence
FN:846,getMissingRecommendationSteps
FN:856,calculateMajorScores
FN:870,(anonymous_95)
FN:870,(anonymous_96)
FN:874,(anonymous_97)
FN:875,(anonymous_98)
FN:895,(anonymous_99)
FN:898,(anonymous_100)
FN:899,(anonymous_101)
FN:905,(anonymous_102)
FN:906,(anonymous_103)
FN:909,(anonymous_104)
FN:915,(anonymous_105)
FN:947,(anonymous_106)
FN:990,(anonymous_107)
FN:1009,(anonymous_108)
FN:1012,(anonymous_109)
FN:1018,explainMajorRecommendation
FN:1035,(anonymous_111)
FN:1036,(anonymous_112)
FN:1037,(anonymous_113)
FN:1043,(anonymous_114)
FN:1045,(anonymous_115)
FN:1046,(anonymous_116)
FN:1047,(anonymous_117)
FN:1048,(anonymous_118)
FN:1069,(anonymous_119)
FN:1074,(anonymous_120)
FN:1079,(anonymous_121)
FN:1084,(anonymous_122)
FN:1093,(anonymous_123)
FN:1102,getRecommendedMajors
FN:1110,(anonymous_125)
FN:1121,getRecommendedMajorsWithInstitutions
FN:1133,(anonymous_127)
FNF:128
FNH:63
FNDA:274,clamp
FNDA:81,clamp01
FNDA:3116,safeNum
FNDA:0,normalizeScore100
FNDA:79,normalizeLang
FNDA:13,localized
FNDA:0,textToSkillKey
FNDA:0,addSignal
FNDA:0,finalizeVector
FNDA:0,(anonymous_9)
FNDA:0,dotProfile
FNDA:0,(anonymous_11)
FNDA:0,(anonymous_12)
FNDA:95,scoreSourceAgainstProfile
FNDA:729,(anonymous_14)
FNDA:625,(anonymous_15)
FNDA:228,(anonymous_16)
FNDA:0,redistributeWeights
FNDA:0,(anonymous_18)
FNDA:0,(anonymous_19)
FNDA:0,(anonymous_20)
FNDA:0,(anonymous_21)
FNDA:61,signalLabel
FNDA:87,sourceHasSignal
FNDA:681,(anonymous_24)
FNDA:109,(anonymous_25)
FNDA:137,(anonymous_26)
FNDA:25,tieBreaker
FNDA:125,(anonymous_28)
FNDA:53,scoreForConfidence
FNDA:53,calibrateMatchScore
FNDA:81,(anonymous_31)
FNDA:21,confidenceScoreForEvidence
FNDA:21,hasAnyEvidence
FNDA:54,(anonymous_34)
FNDA:24,isGameOnlyProfile
FNDA:51,gameFamilyFromProfile
FNDA:29,(anonymous_37)
FNDA:29,(anonymous_38)
FNDA:29,(anonymous_39)
FNDA:17,(anonymous_40)
FNDA:17,(anonymous_41)
FNDA:17,(anonymous_42)
FNDA:25,isAllowedGameOnlyMajor
FNDA:25,calibrateGameOnlyScore
FNDA:1,gameOnlyExplanation
FNDA:106,gameCapForCount
FNDA:0,profileFromPersonality
FNDA:0,buildGameVectorFromSessions
FNDA:0,(anonymous_49)
FNDA:0,(anonymous_50)
FNDA:0,(anonymous_51)
FNDA:0,(anonymous_52)
FNDA:0,(anonymous_53)
FNDA:0,(anonymous_54)
FNDA:0,(anonymous_55)
FNDA:0,(anonymous_56)
FNDA:0,(anonymous_57)
FNDA:0,(anonymous_58)
FNDA:0,(anonymous_59)
FNDA:0,(anonymous_60)
FNDA:0,maybeQuery
FNDA:0,loadMajors
FNDA:0,(anonymous_63)
FNDA:0,(anonymous_64)
FNDA:0,(anonymous_65)
FNDA:0,(anonymous_66)
FNDA:0,(anonymous_67)
FNDA:0,buildStudentRecommendationProfile
FNDA:0,(anonymous_69)
FNDA:0,(anonymous_70)
FNDA:0,(anonymous_71)
FNDA:0,(anonymous_72)
FNDA:0,(anonymous_73)
FNDA:0,(anonymous_74)
FNDA:0,(anonymous_75)
FNDA:0,(anonymous_76)
FNDA:0,(anonymous_77)
FNDA:0,(anonymous_78)
FNDA:0,(anonymous_79)
FNDA:0,(anonymous_80)
FNDA:0,(anonymous_81)
FNDA:0,(anonymous_82)
FNDA:0,(anonymous_83)
FNDA:0,(anonymous_84)
FNDA:0,(anonymous_85)
FNDA:0,(anonymous_86)
FNDA:0,(anonymous_87)
FNDA:0,(anonymous_88)
FNDA:0,(anonymous_89)
FNDA:0,(anonymous_90)
FNDA:0,(anonymous_91)
FNDA:23,calculateConfidence
FNDA:22,getMissingRecommendationSteps
FNDA:21,calculateMajorScores
FNDA:105,(anonymous_95)
FNDA:39,(anonymous_96)
FNDA:53,(anonymous_97)
FNDA:0,(anonymous_98)
FNDA:265,(anonymous_99)
FNDA:265,(anonymous_100)
FNDA:81,(anonymous_101)
FNDA:81,(anonymous_102)
FNDA:81,(anonymous_103)
FNDA:265,(anonymous_104)
FNDA:81,(anonymous_105)
FNDA:0,(anonymous_106)
FNDA:81,(anonymous_107)
FNDA:53,(anonymous_108)
FNDA:31,(anonymous_109)
FNDA:4,explainMajorRecommendation
FNDA:15,(anonymous_111)
FNDA:7,(anonymous_112)
FNDA:8,(anonymous_113)
FNDA:16,(anonymous_114)
FNDA:10,(anonymous_115)
FNDA:6,(anonymous_116)
FNDA:2,(anonymous_117)
FNDA:4,(anonymous_118)
FNDA:6,(anonymous_119)
FNDA:4,(anonymous_120)
FNDA:1,(anonymous_121)
FNDA:2,(anonymous_122)
FNDA:0,(anonymous_123)
FNDA:0,getRecommendedMajors
FNDA:0,(anonymous_125)
FNDA:0,getRecommendedMajorsWithInstitutions
FNDA:0,(anonymous_127)
DA:6,2
DA:14,2
DA:32,2
DA:56,274
DA:60,81
DA:64,3116
DA:65,3116
DA:69,0
DA:70,0
DA:71,0
DA:72,0
DA:76,79
DA:77,79
DA:78,36
DA:79,13
DA:83,13
DA:84,13
DA:88,0
DA:89,0
DA:124,0
DA:126,0
DA:127,0
DA:199,0
DA:203,0
DA:204,0
DA:205,0
DA:206,0
DA:207,0
DA:214,0
DA:215,0
DA:220,0
DA:221,0
DA:222,0
DA:223,0
DA:224,0
DA:225,0
DA:226,0
DA:227,0
DA:228,0
DA:230,0
DA:234,729
DA:235,95
DA:236,81
DA:237,81
DA:238,81
DA:239,625
DA:240,81
DA:241,81
DA:242,228
DA:243,228
DA:244,228
DA:245,228
DA:246,228
DA:247,228
DA:249,81
DA:250,81
DA:251,81
DA:258,0
DA:259,0
DA:260,0
DA:261,0
DA:264,0
DA:265,0
DA:266,0
DA:269,0
DA:270,0
DA:272,0
DA:275,2
DA:306,2
DA:329,61
DA:330,61
DA:334,87
DA:335,681
DA:336,109
DA:337,137
DA:341,25
DA:342,25
DA:343,25
DA:344,25
DA:345,25
DA:346,25
DA:347,125
DA:348,25
DA:352,53
DA:353,47
DA:357,53
DA:358,81
DA:359,53
DA:361,53
DA:362,17
DA:363,10
DA:366,53
DA:367,53
DA:368,53
DA:372,21
DA:373,6
DA:375,15
DA:376,15
DA:377,15
DA:378,15
DA:379,15
DA:380,15
DA:381,15
DA:382,15
DA:386,54
DA:390,24
DA:391,24
DA:395,51
DA:396,29
DA:397,29
DA:398,51
DA:399,39
DA:400,39
DA:401,39
DA:402,22
DA:405,2
DA:413,2
DA:456,25
DA:457,25
DA:458,25
DA:460,11
DA:461,11
DA:462,11
DA:463,0
DA:466,11
DA:469,11
DA:473,3
DA:475,8
DA:479,25
DA:480,25
DA:481,25
DA:482,25
DA:483,25
DA:484,25
DA:485,25
DA:489,1
DA:490,1
DA:491,1
DA:546,1
DA:550,106
DA:551,74
DA:552,14
DA:553,2
DA:557,0
DA:558,0
DA:559,0
DA:560,0
DA:561,0
DA:562,0
DA:563,0
DA:564,0
DA:582,0
DA:583,0
DA:584,0
DA:585,0
DA:586,0
DA:587,0
DA:594,0
DA:595,0
DA:596,0
DA:600,0
DA:601,0
DA:602,0
DA:603,0
DA:604,0
DA:607,0
DA:608,0
DA:609,0
DA:610,0
DA:613,0
DA:614,0
DA:615,0
DA:616,0
DA:619,0
DA:623,0
DA:624,0
DA:625,0
DA:626,0
DA:628,0
DA:633,0
DA:634,0
DA:639,0
DA:641,0
DA:642,0
DA:647,0
DA:649,0
DA:663,0
DA:678,0
DA:679,0
DA:681,0
DA:690,0
DA:697,0
DA:703,0
DA:704,0
DA:706,0
DA:713,0
DA:714,0
DA:715,0
DA:716,0
DA:717,0
DA:720,0
DA:721,0
DA:722,0
DA:724,0
DA:725,0
DA:728,0
DA:729,0
DA:730,0
DA:731,0
DA:734,0
DA:735,0
DA:736,0
DA:738,0
DA:739,0
DA:740,0
DA:743,0
DA:747,0
DA:748,0
DA:749,0
DA:750,0
DA:753,0
DA:754,0
DA:755,0
DA:758,0
DA:759,0
DA:760,0
DA:761,0
DA:764,0
DA:765,0
DA:771,0
DA:774,0
DA:783,0
DA:785,0
DA:786,0
DA:803,0
DA:830,23
DA:831,23
DA:833,23
DA:834,8
DA:835,15
DA:836,4
DA:839,23
DA:847,22
DA:848,22
DA:849,22
DA:850,22
DA:851,22
DA:852,22
DA:853,22
DA:857,21
DA:858,21
DA:859,21
DA:861,21
DA:863,21
DA:864,21
DA:870,105
DA:872,21
DA:874,21
DA:875,53
DA:876,53
DA:877,53
DA:886,53
DA:887,53
DA:894,53
DA:895,265
DA:897,53
DA:898,265
DA:899,81
DA:905,81
DA:906,81
DA:907,53
DA:908,53
DA:909,265
DA:914,53
DA:915,81
DA:916,53
DA:917,53
DA:918,53
DA:919,53
DA:924,53
DA:925,53
DA:928,53
DA:937,53
DA:938,0
DA:941,53
DA:942,0
DA:947,0
DA:962,53
DA:990,81
DA:1010,53
DA:1011,25
DA:1013,31
DA:1014,3
DA:1019,4
DA:1020,4
DA:1021,4
DA:1022,4
DA:1023,1
DA:1024,1
DA:1030,3
DA:1031,3
DA:1032,3
DA:1033,3
DA:1034,3
DA:1035,15
DA:1036,7
DA:1037,8
DA:1038,3
DA:1039,3
DA:1040,3
DA:1041,3
DA:1042,3
DA:1043,16
DA:1045,10
DA:1046,6
DA:1047,3
DA:1048,4
DA:1050,3
DA:1068,3
DA:1069,6
DA:1074,4
DA:1079,1
DA:1084,2
DA:1091,3
DA:1093,0
DA:1103,0
DA:1104,0
DA:1105,0
DA:1106,0
DA:1107,0
DA:1108,0
DA:1110,0
DA:1111,0
DA:1112,0
DA:1113,0
DA:1122,0
DA:1123,0
DA:1124,0
DA:1125,0
DA:1133,0
DA:1145,0
LF:341
LH:191
BRDA:55,0,0,0
BRDA:55,1,0,0
BRDA:56,2,0,274
BRDA:56,2,1,8
BRDA:63,3,0,0
BRDA:65,4,0,2542
BRDA:65,4,1,574
BRDA:68,5,0,0
BRDA:70,6,0,0
BRDA:70,6,1,0
BRDA:71,7,0,0
BRDA:71,7,1,0
BRDA:71,8,0,0
BRDA:71,8,1,0
BRDA:76,9,0,79
BRDA:76,9,1,0
BRDA:77,10,0,43
BRDA:77,10,1,36
BRDA:78,11,0,23
BRDA:78,11,1,13
BRDA:84,12,0,13
BRDA:84,12,1,0
BRDA:84,12,2,0
BRDA:84,12,3,0
BRDA:84,12,4,0
BRDA:88,13,0,0
BRDA:88,13,1,0
BRDA:124,14,0,0
BRDA:124,14,1,0
BRDA:199,15,0,0
BRDA:199,15,1,0
BRDA:202,16,0,0
BRDA:203,17,0,0
BRDA:203,17,1,0
BRDA:206,18,0,0
BRDA:206,18,1,0
BRDA:219,19,0,0
BRDA:219,20,0,0
BRDA:220,21,0,0
BRDA:220,21,1,0
BRDA:221,22,0,0
BRDA:221,22,1,0
BRDA:226,23,0,0
BRDA:226,23,1,0
BRDA:233,24,0,0
BRDA:233,25,0,0
BRDA:234,26,0,95
BRDA:234,26,1,0
BRDA:235,27,0,14
BRDA:235,27,1,81
BRDA:238,28,0,81
BRDA:238,28,1,0
BRDA:243,29,0,0
BRDA:243,29,1,228
BRDA:247,30,0,228
BRDA:247,30,1,0
BRDA:249,31,0,81
BRDA:249,31,1,0
BRDA:250,32,0,58
BRDA:250,32,1,23
BRDA:257,33,0,0
BRDA:260,34,0,0
BRDA:260,34,1,0
BRDA:266,35,0,0
BRDA:266,35,1,0
BRDA:270,36,0,0
BRDA:270,36,1,0
BRDA:330,37,0,61
BRDA:330,37,1,0
BRDA:333,38,0,0
BRDA:333,39,0,0
BRDA:333,40,0,0
BRDA:335,41,0,681
BRDA:335,41,1,681
BRDA:340,42,0,0
BRDA:340,43,0,0
BRDA:340,44,0,0
BRDA:341,45,0,25
BRDA:341,45,1,0
BRDA:342,46,0,25
BRDA:342,46,1,0
BRDA:346,47,0,25
BRDA:346,47,1,1
BRDA:352,48,0,6
BRDA:352,48,1,47
BRDA:359,49,0,53
BRDA:359,49,1,29
BRDA:361,50,0,17
BRDA:361,50,1,36
BRDA:361,51,0,53
BRDA:361,51,1,24
BRDA:361,51,2,24
BRDA:362,52,0,7
BRDA:362,52,1,10
BRDA:362,53,0,17
BRDA:362,53,1,9
BRDA:363,54,0,1
BRDA:363,54,1,9
BRDA:363,55,0,10
BRDA:363,55,1,2
BRDA:366,56,0,7
BRDA:366,56,1,46
BRDA:367,57,0,22
BRDA:367,57,1,31
BRDA:371,58,0,0
BRDA:372,59,0,6
BRDA:372,59,1,15
BRDA:372,60,0,21
BRDA:372,60,1,12
BRDA:372,60,2,6
BRDA:372,60,3,6
BRDA:372,60,4,6
BRDA:373,61,0,1
BRDA:373,61,1,5
BRDA:376,62,0,11
BRDA:376,62,1,4
BRDA:377,63,0,9
BRDA:377,63,1,6
BRDA:378,64,0,6
BRDA:378,64,1,9
BRDA:379,65,0,6
BRDA:379,65,1,9
BRDA:380,66,0,3
BRDA:380,66,1,12
BRDA:381,67,0,1
BRDA:381,67,1,14
BRDA:382,68,0,11
BRDA:382,68,1,4
BRDA:382,69,0,0
BRDA:382,69,1,4
BRDA:385,70,0,0
BRDA:389,71,0,0
BRDA:390,72,0,24
BRDA:390,72,1,0
BRDA:391,73,0,24
BRDA:391,73,1,14
BRDA:391,73,2,6
BRDA:391,73,3,6
BRDA:391,73,4,6
BRDA:394,74,0,0
BRDA:395,75,0,51
BRDA:395,75,1,0
BRDA:398,76,0,12
BRDA:398,76,1,39
BRDA:398,77,0,29
BRDA:398,77,1,17
BRDA:399,78,0,0
BRDA:399,78,1,39
BRDA:399,79,0,17
BRDA:399,79,1,17
BRDA:399,79,2,17
BRDA:399,79,3,17
BRDA:400,80,0,0
BRDA:400,80,1,39
BRDA:401,81,0,17
BRDA:401,81,1,22
BRDA:455,82,0,0
BRDA:457,83,0,25
BRDA:457,83,1,0
BRDA:458,84,0,14
BRDA:458,84,1,11
BRDA:460,85,0,11
BRDA:460,85,1,0
BRDA:461,86,0,11
BRDA:461,86,1,8
BRDA:462,87,0,0
BRDA:462,87,1,11
BRDA:462,88,0,11
BRDA:462,88,1,3
BRDA:466,89,0,11
BRDA:466,89,1,8
BRDA:466,89,2,8
BRDA:469,90,0,3
BRDA:469,90,1,8
BRDA:470,91,0,11
BRDA:470,91,1,6
BRDA:478,92,0,0
BRDA:480,93,0,25
BRDA:480,93,1,0
BRDA:481,94,0,25
BRDA:481,94,1,5
BRDA:481,94,2,3
BRDA:482,95,0,0
BRDA:482,95,1,25
BRDA:482,96,0,6
BRDA:482,96,1,19
BRDA:483,97,0,25
BRDA:483,97,1,1
BRDA:546,98,0,1
BRDA:546,98,1,0
BRDA:546,98,2,0
BRDA:550,99,0,32
BRDA:550,99,1,74
BRDA:551,100,0,60
BRDA:551,100,1,14
BRDA:552,101,0,12
BRDA:552,101,1,2
BRDA:557,102,0,0
BRDA:557,102,1,0
BRDA:581,103,0,0
BRDA:581,104,0,0
BRDA:581,105,0,0
BRDA:581,106,0,0
BRDA:594,107,0,0
BRDA:594,107,1,0
BRDA:595,108,0,0
BRDA:595,108,1,0
BRDA:596,109,0,0
BRDA:596,109,1,0
BRDA:600,110,0,0
BRDA:600,110,1,0
BRDA:601,111,0,0
BRDA:601,111,1,0
BRDA:601,111,2,0
BRDA:601,111,3,0
BRDA:601,112,0,0
BRDA:601,112,1,0
BRDA:601,112,2,0
BRDA:602,113,0,0
BRDA:602,113,1,0
BRDA:603,114,0,0
BRDA:603,114,1,0
BRDA:603,115,0,0
BRDA:603,115,1,0
BRDA:603,115,2,0
BRDA:604,116,0,0
BRDA:604,116,1,0
BRDA:604,117,0,0
BRDA:604,117,1,0
BRDA:604,117,2,0
BRDA:607,118,0,0
BRDA:607,118,1,0
BRDA:608,119,0,0
BRDA:608,119,1,0
BRDA:608,119,2,0
BRDA:609,120,0,0
BRDA:609,120,1,0
BRDA:610,121,0,0
BRDA:610,121,1,0
BRDA:610,122,0,0
BRDA:610,122,1,0
BRDA:610,122,2,0
BRDA:613,123,0,0
BRDA:613,123,1,0
BRDA:614,124,0,0
BRDA:614,124,1,0
BRDA:614,124,2,0
BRDA:615,125,0,0
BRDA:615,125,1,0
BRDA:616,126,0,0
BRDA:616,126,1,0
BRDA:616,127,0,0
BRDA:616,127,1,0
BRDA:616,127,2,0
BRDA:622,128,0,0
BRDA:625,129,0,0
BRDA:625,129,1,0
BRDA:626,130,0,0
BRDA:626,130,1,0
BRDA:639,131,0,0
BRDA:639,131,1,0
BRDA:647,132,0,0
BRDA:647,132,1,0
BRDA:663,133,0,0
BRDA:663,133,1,0
BRDA:720,134,0,0
BRDA:720,134,1,0
BRDA:721,135,0,0
BRDA:721,135,1,0
BRDA:724,136,0,0
BRDA:724,136,1,0
BRDA:730,137,0,0
BRDA:730,137,1,0
BRDA:730,137,2,0
BRDA:730,137,3,0
BRDA:730,137,4,0
BRDA:731,138,0,0
BRDA:731,138,1,0
BRDA:731,138,2,0
BRDA:734,139,0,0
BRDA:734,139,1,0
BRDA:738,140,0,0
BRDA:738,140,1,0
BRDA:738,140,2,0
BRDA:738,140,3,0
BRDA:738,140,4,0
BRDA:740,141,0,0
BRDA:740,141,1,0
BRDA:740,142,0,0
BRDA:740,142,1,0
BRDA:743,143,0,0
BRDA:743,143,1,0
BRDA:749,144,0,0
BRDA:749,144,1,0
BRDA:749,144,2,0
BRDA:749,144,3,0
BRDA:749,144,4,0
BRDA:750,145,0,0
BRDA:750,145,1,0
BRDA:755,146,0,0
BRDA:755,146,1,0
BRDA:755,146,2,0
BRDA:755,146,3,0
BRDA:755,147,0,0
BRDA:755,147,1,0
BRDA:755,147,2,0
BRDA:758,148,0,0
BRDA:758,148,1,0
BRDA:763,149,0,0
BRDA:763,149,1,0
BRDA:763,149,2,0
BRDA:763,149,3,0
BRDA:764,150,0,0
BRDA:764,150,1,0
BRDA:770,151,0,0
BRDA:770,151,1,0
BRDA:770,151,2,0
BRDA:770,151,3,0
BRDA:783,152,0,0
BRDA:783,152,1,0
BRDA:783,152,2,0
BRDA:785,153,0,0
BRDA:785,153,1,0
BRDA:805,154,0,0
BRDA:805,154,1,0
BRDA:806,155,0,0
BRDA:806,155,1,0
BRDA:830,156,0,23
BRDA:830,156,1,0
BRDA:833,157,0,8
BRDA:833,157,1,15
BRDA:833,158,0,23
BRDA:833,158,1,12
BRDA:833,158,2,7
BRDA:833,158,3,8
BRDA:833,158,4,7
BRDA:833,158,5,4
BRDA:835,159,0,4
BRDA:835,159,1,11
BRDA:835,160,0,15
BRDA:835,160,1,11
BRDA:835,160,2,1
BRDA:842,161,0,23
BRDA:842,161,1,12
BRDA:847,162,0,22
BRDA:847,162,1,0
BRDA:849,163,0,10
BRDA:849,163,1,12
BRDA:850,164,0,16
BRDA:850,164,1,6
BRDA:851,165,0,13
BRDA:851,165,1,9
BRDA:852,166,0,10
BRDA:852,166,1,12
BRDA:856,167,0,0
BRDA:859,168,0,21
BRDA:859,168,1,0
BRDA:861,169,0,21
BRDA:861,169,1,21
BRDA:861,169,2,21
BRDA:863,170,0,21
BRDA:863,170,1,0
BRDA:875,171,0,53
BRDA:875,171,1,0
BRDA:876,172,0,53
BRDA:876,172,1,53
BRDA:876,172,2,0
BRDA:876,172,3,0
BRDA:876,172,4,0
BRDA:876,172,5,0
BRDA:876,172,6,0
BRDA:877,173,0,53
BRDA:877,173,1,0
BRDA:880,174,0,0
BRDA:880,174,1,0
BRDA:880,174,2,0
BRDA:881,175,0,0
BRDA:881,175,1,0
BRDA:881,175,2,0
BRDA:882,176,0,0
BRDA:882,176,1,0
BRDA:882,176,2,0
BRDA:882,176,3,0
BRDA:886,177,0,53
BRDA:886,177,1,0
BRDA:888,178,0,24
BRDA:888,178,1,29
BRDA:889,179,0,20
BRDA:889,179,1,33
BRDA:890,180,0,13
BRDA:890,180,1,40
BRDA:891,181,0,37
BRDA:891,181,1,16
BRDA:892,182,0,1
BRDA:892,182,1,52
BRDA:895,183,0,265
BRDA:895,183,1,184
BRDA:898,184,0,265
BRDA:898,184,1,81
BRDA:903,185,0,81
BRDA:903,185,1,0
BRDA:907,186,0,47
BRDA:907,186,1,6
BRDA:911,187,0,81
BRDA:911,187,1,184
BRDA:911,188,0,265
BRDA:911,188,1,235
BRDA:916,189,0,53
BRDA:916,189,1,21
BRDA:918,190,0,53
BRDA:918,190,1,52
BRDA:924,191,0,53
BRDA:924,191,1,25
BRDA:925,192,0,25
BRDA:925,192,1,28
BRDA:930,193,0,25
BRDA:930,193,1,28
BRDA:931,194,0,25
BRDA:931,194,1,28
BRDA:931,195,0,53
BRDA:931,195,1,28
BRDA:931,195,2,27
BRDA:934,196,0,25
BRDA:934,196,1,28
BRDA:934,197,0,24
BRDA:934,197,1,4
BRDA:934,198,0,4
BRDA:934,198,1,0
BRDA:937,199,0,0
BRDA:937,199,1,53
BRDA:937,200,0,53
BRDA:937,200,1,28
BRDA:937,200,2,4
BRDA:937,200,3,0
BRDA:937,200,4,0
BRDA:938,201,0,0
BRDA:938,201,1,0
BRDA:941,202,0,0
BRDA:941,202,1,53
BRDA:951,203,0,0
BRDA:951,203,1,0
BRDA:963,204,0,53
BRDA:963,204,1,0
BRDA:964,205,0,53
BRDA:964,205,1,0
BRDA:966,206,0,53
BRDA:966,206,1,0
BRDA:967,207,0,53
BRDA:967,207,1,0
BRDA:967,207,2,0
BRDA:968,208,0,53
BRDA:968,208,1,38
BRDA:969,209,0,53
BRDA:969,209,1,38
BRDA:970,210,0,53
BRDA:970,210,1,38
BRDA:971,211,0,53
BRDA:971,211,1,0
BRDA:984,212,0,47
BRDA:984,212,1,6
BRDA:985,213,0,53
BRDA:985,213,1,0
BRDA:994,214,0,81
BRDA:994,214,1,0
BRDA:1000,215,0,28
BRDA:1000,215,1,25
BRDA:1010,216,0,28
BRDA:1010,216,1,25
BRDA:1011,217,0,25
BRDA:1011,217,1,17
BRDA:1013,218,0,28
BRDA:1013,218,1,3
BRDA:1014,219,0,3
BRDA:1014,219,1,0
BRDA:1014,220,0,3
BRDA:1014,220,1,0
BRDA:1018,221,0,0
BRDA:1018,222,0,0
BRDA:1020,223,0,4
BRDA:1020,223,1,0
BRDA:1020,223,2,0
BRDA:1020,223,3,0
BRDA:1020,223,4,0
BRDA:1021,224,0,4
BRDA:1021,224,1,0
BRDA:1022,225,0,1
BRDA:1022,225,1,3
BRDA:1022,226,0,4
BRDA:1022,226,1,3
BRDA:1027,227,0,1
BRDA:1027,227,1,1
BRDA:1034,228,0,3
BRDA:1034,228,1,0
BRDA:1040,229,0,3
BRDA:1040,229,1,1
BRDA:1041,230,0,3
BRDA:1041,230,1,2
BRDA:1043,231,0,16
BRDA:1043,231,1,16
BRDA:1045,232,0,2
BRDA:1045,232,1,1
BRDA:1045,233,0,3
BRDA:1045,233,1,1
BRDA:1046,234,0,2
BRDA:1046,234,1,1
BRDA:1046,235,0,3
BRDA:1046,235,1,1
BRDA:1047,236,0,2
BRDA:1047,236,1,1
BRDA:1047,237,0,3
BRDA:1047,237,1,1
BRDA:1048,238,0,2
BRDA:1048,238,1,1
BRDA:1048,239,0,3
BRDA:1048,239,1,1
BRDA:1051,240,0,3
BRDA:1051,240,1,0
BRDA:1051,241,0,3
BRDA:1051,241,1,3
BRDA:1052,242,0,1
BRDA:1052,242,1,2
BRDA:1052,243,0,2
BRDA:1052,243,1,1
BRDA:1052,244,0,2
BRDA:1052,244,1,1
BRDA:1052,245,0,3
BRDA:1052,245,1,0
BRDA:1052,246,0,1
BRDA:1052,246,1,2
BRDA:1052,247,0,2
BRDA:1052,247,1,1
BRDA:1053,248,0,0
BRDA:1053,248,1,0
BRDA:1054,249,0,0
BRDA:1054,249,1,0
BRDA:1056,250,0,3
BRDA:1056,250,1,0
BRDA:1056,251,0,3
BRDA:1056,251,1,3
BRDA:1057,252,0,1
BRDA:1057,252,1,2
BRDA:1057,253,0,2
BRDA:1057,253,1,1
BRDA:1057,254,0,2
BRDA:1057,254,1,1
BRDA:1057,255,0,3
BRDA:1057,255,1,0
BRDA:1057,256,0,1
BRDA:1057,256,1,2
BRDA:1057,257,0,2
BRDA:1057,257,1,1
BRDA:1058,258,0,0
BRDA:1058,258,1,0
BRDA:1059,259,0,0
BRDA:1059,259,1,0
BRDA:1061,260,0,3
BRDA:1061,260,1,0
BRDA:1061,261,0,3
BRDA:1061,261,1,3
BRDA:1062,262,0,1
BRDA:1062,262,1,2
BRDA:1062,263,0,2
BRDA:1062,263,1,1
BRDA:1062,264,0,2
BRDA:1062,264,1,1
BRDA:1062,265,0,3
BRDA:1062,265,1,0
BRDA:1062,266,0,1
BRDA:1062,266,1,2
BRDA:1062,267,0,2
BRDA:1062,267,1,1
BRDA:1063,268,0,0
BRDA:1063,268,1,0
BRDA:1064,269,0,0
BRDA:1064,269,1,0
BRDA:1093,270,0,3
BRDA:1093,270,1,0
BRDA:1094,271,0,0
BRDA:1094,271,1,0
BRDA:1094,272,0,0
BRDA:1094,272,1,0
BRDA:1095,273,0,0
BRDA:1095,273,1,0
BRDA:1095,274,0,0
BRDA:1095,274,1,0
BRDA:1096,275,0,0
BRDA:1096,275,1,0
BRDA:1096,276,0,0
BRDA:1096,276,1,0
BRDA:1098,277,0,3
BRDA:1098,277,1,3
BRDA:1102,278,0,0
BRDA:1106,279,0,0
BRDA:1106,279,1,0
BRDA:1112,280,0,0
BRDA:1112,280,1,0
BRDA:1112,280,2,0
BRDA:1112,280,3,0
BRDA:1112,280,4,0
BRDA:1121,281,0,0
BRDA:1125,282,0,0
BRDA:1125,282,1,0
BRDA:1126,283,0,0
BRDA:1126,283,1,0
BRDA:1126,283,2,0
BRDA:1126,283,3,0
BRDA:1135,284,0,0
BRDA:1135,284,1,0
BRDA:1135,284,2,0
BRDA:1137,285,0,0
BRDA:1137,285,1,0
BRF:611
BRH:304
end_of_record
TN:
SF:src\utils\israeliId.js
FN:1,normalizeIsraeliId
FN:6,isValidIsraeliId
FN:16,(anonymous_2)
FN:20,(anonymous_3)
FNF:4
FNH:4
FNDA:19,normalizeIsraeliId
FNDA:10,isValidIsraeliId
FNDA:54,(anonymous_2)
FNDA:54,(anonymous_3)
DA:2,19
DA:3,19
DA:7,10
DA:8,10
DA:10,7
DA:11,7
DA:12,7
DA:14,6
DA:17,54
DA:18,54
DA:20,54
DA:22,6
LF:12
LH:12
BRDA:2,0,0,19
BRDA:2,0,1,6
BRDA:3,1,0,17
BRDA:3,1,1,2
BRDA:7,2,0,10
BRDA:7,2,1,1
BRDA:8,3,0,3
BRDA:8,3,1,7
BRDA:8,4,0,10
BRDA:8,4,1,8
BRDA:11,5,0,0
BRDA:11,5,1,7
BRDA:12,6,0,1
BRDA:12,6,1,6
BRDA:17,7,0,30
BRDA:17,7,1,24
BRDA:18,8,0,8
BRDA:18,8,1,46
BRF:18
BRH:17
end_of_record
TN:
SF:utils\classSections.js
FN:10,normalizeClassSection
FN:13,(anonymous_1)
FN:23,getClassSectionLabel
FN:25,(anonymous_3)
FN:33,getClassSectionOptions
FN:35,(anonymous_5)
FN:41,buildClassLabel
FNF:7
FNH:6
FNDA:36,normalizeClassSection
FNDA:60,(anonymous_1)
FNDA:16,getClassSectionLabel
FNDA:40,(anonymous_3)
FNDA:39,getClassSectionOptions
FNDA:156,(anonymous_5)
FNDA:0,buildClassLabel
DA:1,2
DA:3,2
DA:11,36
DA:12,36
DA:14,60
DA:20,36
DA:24,16
DA:25,40
DA:26,16
DA:28,16
DA:29,16
DA:30,0
DA:34,39
DA:35,156
DA:42,0
DA:43,0
DA:44,0
DA:46,0
DA:47,0
DA:48,0
LF:20
LH:13
BRDA:11,0,0,36
BRDA:11,0,1,0
BRDA:14,1,0,60
BRDA:14,1,1,24
BRDA:14,1,2,24
BRDA:14,1,3,24
BRDA:20,2,0,36
BRDA:20,2,1,0
BRDA:23,3,0,0
BRDA:25,4,0,16
BRDA:25,4,1,0
BRDA:26,5,0,16
BRDA:26,5,1,0
BRDA:28,6,0,0
BRDA:28,6,1,16
BRDA:29,7,0,16
BRDA:29,7,1,0
BRDA:33,8,0,0
BRDA:34,9,0,39
BRDA:34,9,1,0
BRDA:37,10,0,0
BRDA:37,10,1,156
BRDA:37,11,0,16
BRDA:37,11,1,140
BRDA:41,12,0,0
BRDA:42,13,0,0
BRDA:42,13,1,0
BRDA:44,14,0,0
BRDA:44,14,1,0
BRDA:46,15,0,0
BRDA:46,15,1,0
BRDA:47,16,0,0
BRDA:47,16,1,0
BRF:33
BRH:14
end_of_record
