TN:
SF:components\FeatureCard.js
FN:6,FeatureCard
FNF:1
FNH:1
FNDA:5,FeatureCard
DA:7,5
DA:16,1
LF:2
LH:2
BRF:0
BRH:0
end_of_record
TN:
SF:components\FloatingLanguageSwitcher.js
FN:10,normalizeLanguage
FN:15,FloatingLanguageSwitcher
FN:20,(anonymous_2)
FN:24,(anonymous_3)
FN:25,(anonymous_4)
FN:26,(anonymous_5)
FN:30,(anonymous_6)
FN:52,(anonymous_7)
FN:67,(anonymous_8)
FN:69,(anonymous_9)
FNF:10
FNH:10
FNDA:39,normalizeLanguage
FNDA:22,FloatingLanguageSwitcher
FNDA:11,(anonymous_2)
FNDA:13,(anonymous_3)
FNDA:15,(anonymous_4)
FNDA:26,(anonymous_5)
FNDA:2,(anonymous_6)
FNDA:26,(anonymous_7)
FNDA:6,(anonymous_8)
FNDA:1,(anonymous_9)
DA:5,2
DA:11,39
DA:12,39
DA:16,22
DA:17,22
DA:18,22
DA:20,22
DA:21,11
DA:24,22
DA:25,15
DA:26,26
DA:27,13
DA:30,22
DA:31,2
DA:33,2
DA:34,2
DA:35,2
DA:37,2
DA:38,2
DA:39,2
DA:42,0
DA:44,2
DA:48,22
DA:53,26
DA:54,26
DA:56,26
DA:68,6
DA:69,4
DA:70,1
DA:72,4
DA:73,4
DA:76,2
DA:93,2
LF:33
LH:32
BRDA:11,0,0,39
BRDA:11,0,1,0
BRDA:12,1,0,2
BRDA:12,1,1,37
BRDA:15,2,0,11
BRDA:27,3,0,13
BRDA:27,3,1,0
BRDA:37,4,0,2
BRDA:37,4,1,2
BRDA:38,5,0,2
BRDA:38,5,1,0
BRDA:49,6,0,22
BRDA:49,6,1,11
BRDA:50,7,0,22
BRDA:50,7,1,11
BRDA:52,8,0,4
BRDA:52,8,1,18
BRDA:54,9,0,26
BRDA:54,9,1,18
BRDA:61,10,0,18
BRDA:61,10,1,8
BRDA:66,11,0,26
BRDA:66,11,1,22
BRDA:68,12,0,4
BRDA:68,12,1,2
BRDA:79,13,0,26
BRDA:79,13,1,22
BRF:27
BRH:24
end_of_record
TN:
SF:components\Footer.js
FN:5,Footer
FN:7,(anonymous_1)
FNF:2
FNH:2
FNDA:4,Footer
FNDA:1,(anonymous_1)
DA:6,4
DA:7,4
DA:8,1
DA:9,1
DA:12,4
DA:58,1
LF:6
LH:6
BRDA:8,0,0,0
BRDA:8,0,1,1
BRF:2
BRH:1
end_of_record
TN:
SF:components\StudentCard.js
FN:5,StudentCard
FN:10,(anonymous_1)
FN:24,(anonymous_2)
FNF:3
FNH:3
FNDA:7,StudentCard
FNDA:1,(anonymous_1)
FNDA:1,(anonymous_2)
DA:6,7
DA:7,7
DA:8,7
DA:10,7
DA:11,1
DA:12,1
DA:24,7
DA:25,1
DA:26,1
DA:38,7
DA:80,1
LF:11
LH:11
BRF:0
BRH:0
end_of_record
TN:
SF:components\AdaptiveTest\BigFiveRadarChart.js
FN:21,clampScore
FN:27,pointAt
FN:35,pointsString
FN:36,(anonymous_3)
FN:39,BigFiveRadarChart
FN:40,(anonymous_5)
FN:45,(anonymous_6)
FN:52,(anonymous_7)
FN:53,(anonymous_8)
FN:65,(anonymous_9)
FN:88,(anonymous_10)
FN:100,(anonymous_11)
FNF:12
FNH:12
FNDA:5,clampScore
FNDA:30,pointAt
FNDA:4,pointsString
FNDA:20,(anonymous_3)
FNDA:1,BigFiveRadarChart
FNDA:5,(anonymous_5)
FNDA:5,(anonymous_6)
FNDA:3,(anonymous_7)
FNDA:15,(anonymous_8)
FNDA:5,(anonymous_9)
FNDA:5,(anonymous_10)
FNDA:5,(anonymous_11)
DA:5,1
DA:6,1
DA:7,1
DA:8,1
DA:9,1
DA:10,1
DA:22,5
DA:23,5
DA:24,5
DA:28,30
DA:29,30
DA:36,20
DA:40,5
DA:45,1
DA:46,5
DA:49,1
DA:53,15
DA:54,3
DA:66,5
DA:67,5
DA:89,5
DA:101,5
DA:102,5
DA:103,5
DA:104,5
DA:134,1
LF:26
LH:26
BRDA:23,0,0,0
BRDA:23,0,1,5
BRDA:27,1,0,0
BRDA:39,2,0,0
BRDA:41,3,0,5
BRDA:41,3,1,0
BRDA:102,4,0,2
BRDA:102,4,1,3
BRDA:102,5,0,2
BRDA:102,5,1,1
BRDA:103,6,0,3
BRDA:103,6,1,2
BRF:12
BRH:8
end_of_record
TN:
SF:components\AdaptiveTest\PersonalityQuestionCard.js
FN:6,safeNum
FN:11,PersonalityQuestionCard
FN:28,(anonymous_2)
FN:39,(anonymous_3)
FN:44,(anonymous_4)
FN:54,(anonymous_5)
FN:62,renderScale10
FN:65,(anonymous_7)
FN:69,(anonymous_8)
FN:74,(anonymous_9)
FN:75,(anonymous_10)
FN:89,renderMultipleChoice
FN:100,(anonymous_12)
FN:107,(anonymous_13)
FN:108,(anonymous_14)
FN:123,renderOpenEnded
FN:142,renderByType
FNF:17
FNH:16
FNDA:4,safeNum
FNDA:11,PersonalityQuestionCard
FNDA:8,(anonymous_2)
FNDA:0,(anonymous_3)
FNDA:11,(anonymous_4)
FNDA:11,(anonymous_5)
FNDA:2,renderScale10
FNDA:20,(anonymous_7)
FNDA:20,(anonymous_8)
FNDA:2,(anonymous_9)
FNDA:20,(anonymous_10)
FNDA:3,renderMultipleChoice
FNDA:2,(anonymous_12)
FNDA:1,(anonymous_13)
FNDA:2,(anonymous_14)
FNDA:2,renderOpenEnded
FNDA:11,renderByType
DA:7,4
DA:8,4
DA:25,11
DA:28,11
DA:29,8
DA:30,8
DA:34,11
DA:35,11
DA:36,11
DA:37,11
DA:39,4
DA:42,11
DA:44,11
DA:45,11
DA:47,10
DA:54,11
DA:55,11
DA:56,11
DA:57,8
DA:63,2
DA:64,2
DA:65,20
DA:67,2
DA:70,20
DA:71,20
DA:74,2
DA:75,20
DA:90,3
DA:91,2
DA:98,1
DA:101,2
DA:102,2
DA:104,2
DA:107,1
DA:108,2
DA:124,2
DA:143,11
DA:145,2
DA:147,3
DA:149,2
DA:155,2
DA:165,2
DA:178,11
DA:188,1
LF:44
LH:44
BRDA:6,0,0,0
BRDA:8,1,0,4
BRDA:8,1,1,0
BRDA:13,2,0,0
BRDA:30,3,0,0
BRDA:30,3,1,8
BRDA:30,4,0,8
BRDA:30,4,1,8
BRDA:36,5,0,4
BRDA:36,5,1,7
BRDA:37,6,0,4
BRDA:37,6,1,7
BRDA:45,7,0,1
BRDA:45,7,1,10
BRDA:48,8,0,10
BRDA:48,8,1,0
BRDA:48,8,2,0
BRDA:48,9,0,6
BRDA:48,9,1,4
BRDA:56,10,0,3
BRDA:56,10,1,8
BRDA:77,11,0,20
BRDA:77,11,1,0
BRDA:78,12,0,20
BRDA:78,12,1,0
BRDA:78,12,2,0
BRDA:81,13,0,20
BRDA:81,13,1,0
BRDA:90,14,0,2
BRDA:90,14,1,1
BRDA:93,15,0,1
BRDA:93,15,1,1
BRDA:101,16,0,2
BRDA:101,16,1,0
BRDA:101,16,2,0
BRDA:101,17,0,2
BRDA:101,17,1,0
BRDA:110,18,0,2
BRDA:110,18,1,0
BRDA:111,19,0,2
BRDA:111,19,1,0
BRDA:111,19,2,0
BRDA:114,20,0,2
BRDA:114,20,1,0
BRDA:115,21,0,2
BRDA:115,21,1,0
BRDA:131,22,0,1
BRDA:131,22,1,1
BRDA:135,23,0,1
BRDA:135,23,1,1
BRDA:143,24,0,2
BRDA:143,24,1,3
BRDA:143,24,2,2
BRDA:143,24,3,1
BRDA:143,24,4,2
BRDA:143,24,5,2
BRDA:159,25,0,1
BRDA:159,25,1,1
BRDA:169,26,0,2
BRDA:169,26,1,0
BRDA:180,27,0,7
BRDA:180,27,1,4
BRF:62
BRH:43
end_of_record
TN:
SF:components\AdaptiveTest\ProgressIndicator.js
FN:13,clamp
FN:17,abilityColorFromPercent
FN:23,ProgressIndicator
FN:36,(anonymous_3)
FN:41,(anonymous_4)
FN:48,(anonymous_5)
FN:61,(anonymous_6)
FN:67,(anonymous_7)
FNF:8
FNH:8
FNDA:4,clamp
FNDA:3,abilityColorFromPercent
FNDA:3,ProgressIndicator
FNDA:14,(anonymous_3)
FNDA:3,(anonymous_4)
FNDA:3,(anonymous_5)
FNDA:3,(anonymous_6)
FNDA:3,(anonymous_7)
DA:14,4
DA:18,3
DA:19,3
DA:20,0
DA:33,3
DA:34,3
DA:36,3
DA:37,14
DA:38,14
DA:41,3
DA:42,3
DA:43,1
DA:46,3
DA:48,3
DA:49,3
DA:56,3
DA:61,3
DA:62,3
DA:63,3
DA:66,3
DA:67,3
DA:71,3
DA:72,3
DA:74,3
DA:78,3
DA:148,1
LF:26
LH:25
BRDA:18,0,0,0
BRDA:18,0,1,3
BRDA:19,1,0,3
BRDA:19,1,1,0
BRDA:24,2,0,2
BRDA:25,3,0,2
BRDA:26,4,0,3
BRDA:27,5,0,3
BRDA:28,6,0,2
BRDA:29,7,0,2
BRDA:30,8,0,2
BRDA:38,9,0,0
BRDA:38,9,1,14
BRDA:38,10,0,14
BRDA:38,10,1,14
BRDA:42,11,0,2
BRDA:42,11,1,1
BRDA:63,12,0,3
BRDA:63,12,1,0
BRDA:72,13,0,1
BRDA:72,13,1,2
BRDA:74,14,0,1
BRDA:74,14,1,2
BRDA:76,15,0,1
BRDA:76,15,1,1
BRDA:93,16,0,3
BRDA:93,16,1,0
BRDA:111,17,0,2
BRDA:111,17,1,1
BRDA:120,18,0,2
BRDA:120,18,1,1
BRDA:130,19,0,2
BRDA:130,19,1,1
BRDA:140,20,0,2
BRDA:140,20,1,1
BRDA:160,21,0,0
BRDA:160,21,1,1
BRF:37
BRH:31
end_of_record
TN:
SF:components\AdaptiveTest\QuestionCard.js
FN:35,seededShuffle
FN:42,rand
FN:55,isHe
FN:59,QuestionCard
FN:81,(anonymous_4)
FN:86,(anonymous_5)
FN:92,(anonymous_6)
FN:101,(anonymous_7)
FN:111,(anonymous_8)
FN:112,(anonymous_9)
FN:123,(anonymous_10)
FN:150,(anonymous_11)
FN:170,(anonymous_12)
FN:188,(anonymous_13)
FN:201,(anonymous_14)
FN:212,(anonymous_15)
FN:218,(anonymous_16)
FN:221,(anonymous_17)
FN:299,(anonymous_18)
FN:341,(anonymous_19)
FNF:20
FNH:13
FNDA:1,seededShuffle
FNDA:0,rand
FNDA:1,isHe
FNDA:1,QuestionCard
FNDA:1,(anonymous_4)
FNDA:3,(anonymous_5)
FNDA:1,(anonymous_6)
FNDA:1,(anonymous_7)
FNDA:1,(anonymous_8)
FNDA:4,(anonymous_9)
FNDA:4,(anonymous_10)
FNDA:1,(anonymous_11)
FNDA:1,(anonymous_12)
FNDA:0,(anonymous_13)
FNDA:0,(anonymous_14)
FNDA:0,(anonymous_15)
FNDA:4,(anonymous_16)
FNDA:0,(anonymous_17)
FNDA:0,(anonymous_18)
FNDA:0,(anonymous_19)
DA:36,1
DA:38,1
DA:39,1
DA:40,1
DA:43,0
DA:44,0
DA:47,1
DA:48,0
DA:49,0
DA:52,1
DA:56,1
DA:75,1
DA:78,1
DA:79,1
DA:80,1
DA:81,1
DA:86,1
DA:87,3
DA:88,3
DA:92,1
DA:93,1
DA:94,1
DA:96,1
DA:97,0
DA:98,0
DA:101,1
DA:102,1
DA:103,1
DA:105,1
DA:106,0
DA:107,0
DA:111,1
DA:112,1
DA:113,4
DA:114,0
DA:115,0
DA:118,1
DA:123,4
DA:126,1
DA:131,1
DA:149,1
DA:150,1
DA:151,1
DA:152,1
DA:160,1
DA:164,1
DA:167,1
DA:168,1
DA:170,1
DA:171,1
DA:173,0
DA:174,0
DA:176,0
DA:183,0
DA:184,0
DA:185,0
DA:188,1
DA:189,0
DA:190,0
DA:191,0
DA:192,0
DA:193,0
DA:201,1
DA:202,0
DA:203,0
DA:204,0
DA:207,0
DA:208,0
DA:209,0
DA:212,1
DA:213,0
DA:217,1
DA:218,4
DA:221,1
DA:222,0
DA:223,0
DA:224,0
DA:225,0
DA:232,1
DA:234,1
DA:239,1
DA:243,1
DA:300,0
DA:301,0
DA:303,0
DA:307,0
DA:313,0
DA:314,0
DA:315,0
DA:322,0
DA:332,0
DA:342,0
DA:343,0
DA:344,0
DA:394,1
LF:95
LH:51
BRDA:39,0,0,1
BRDA:39,0,1,0
BRDA:56,1,0,1
BRDA:56,1,1,0
BRDA:65,2,0,0
BRDA:66,3,0,1
BRDA:72,4,0,1
BRDA:78,5,0,1
BRDA:78,5,1,0
BRDA:81,6,0,1
BRDA:81,6,1,1
BRDA:81,6,2,0
BRDA:88,7,0,0
BRDA:88,7,1,3
BRDA:88,8,0,3
BRDA:88,8,1,3
BRDA:96,9,0,1
BRDA:96,9,1,0
BRDA:96,10,0,1
BRDA:96,10,1,0
BRDA:96,10,2,0
BRDA:97,11,0,0
BRDA:97,11,1,0
BRDA:97,12,0,0
BRDA:97,12,1,0
BRDA:97,12,2,0
BRDA:98,13,0,0
BRDA:98,13,1,0
BRDA:98,13,2,0
BRDA:105,14,0,1
BRDA:105,14,1,0
BRDA:105,15,0,1
BRDA:105,15,1,1
BRDA:105,15,2,1
BRDA:106,16,0,0
BRDA:106,16,1,0
BRDA:106,17,0,0
BRDA:106,17,1,0
BRDA:106,17,2,0
BRDA:107,18,0,0
BRDA:107,18,1,0
BRDA:107,18,2,0
BRDA:113,19,0,4
BRDA:113,19,1,0
BRDA:113,20,0,4
BRDA:113,20,1,4
BRDA:113,20,2,4
BRDA:114,21,0,0
BRDA:114,21,1,0
BRDA:114,22,0,0
BRDA:114,22,1,0
BRDA:114,22,2,0
BRDA:115,23,0,0
BRDA:115,23,1,0
BRDA:115,23,2,0
BRDA:123,24,0,4
BRDA:123,24,1,4
BRDA:126,25,0,1
BRDA:126,25,1,0
BRDA:126,25,2,0
BRDA:126,25,3,0
BRDA:171,26,0,1
BRDA:171,26,1,0
BRDA:173,27,0,0
BRDA:173,27,1,0
BRDA:183,28,0,0
BRDA:183,28,1,0
BRDA:184,29,0,0
BRDA:184,29,1,0
BRDA:189,30,0,0
BRDA:189,30,1,0
BRDA:202,31,0,0
BRDA:202,31,1,0
BRDA:203,32,0,0
BRDA:203,32,1,0
BRDA:207,33,0,0
BRDA:207,33,1,0
BRDA:208,34,0,0
BRDA:208,34,1,0
BRDA:208,35,0,0
BRDA:208,35,1,0
BRDA:213,36,0,0
BRDA:213,36,1,0
BRDA:213,37,0,0
BRDA:213,37,1,0
BRDA:213,37,2,0
BRDA:223,38,0,0
BRDA:223,38,1,0
BRDA:232,39,0,1
BRDA:232,39,1,0
BRDA:236,40,0,1
BRDA:236,40,1,0
BRDA:239,41,0,0
BRDA:239,41,1,1
BRDA:240,42,0,0
BRDA:240,42,1,0
BRDA:241,43,0,1
BRDA:241,43,1,0
BRDA:253,44,0,1
BRDA:253,44,1,0
BRDA:254,45,0,1
BRDA:254,45,1,0
BRDA:257,46,0,1
BRDA:257,46,1,0
BRDA:284,47,0,1
BRDA:284,47,1,0
BRDA:289,48,0,1
BRDA:289,48,1,1
BRDA:289,48,2,0
BRDA:289,48,3,0
BRDA:301,49,0,0
BRDA:301,49,1,0
BRDA:314,50,0,0
BRDA:314,50,1,0
BRDA:316,51,0,0
BRDA:316,51,1,0
BRDA:323,52,0,0
BRDA:323,52,1,0
BRDA:325,53,0,0
BRDA:325,53,1,0
BRDA:342,54,0,0
BRDA:342,54,1,0
BRDA:349,55,0,0
BRDA:349,55,1,0
BRDA:350,56,0,0
BRDA:350,56,1,0
BRDA:350,56,2,0
BRDA:351,57,0,0
BRDA:351,57,1,0
BRDA:351,57,2,0
BRDA:352,58,0,0
BRDA:352,58,1,0
BRDA:356,59,0,0
BRDA:356,59,1,0
BRDA:368,60,0,1
BRDA:368,60,1,0
BRDA:368,60,2,0
BRDA:368,61,0,0
BRDA:368,61,1,0
BRDA:372,62,0,0
BRDA:372,62,1,0
BRDA:380,63,0,0
BRDA:380,63,1,0
BRDA:385,64,0,0
BRDA:385,64,1,0
BRDA:401,65,0,0
BRDA:401,65,1,1
BRF:147
BRH:36
end_of_record
TN:
SF:components\AdaptiveTest\RadarChart.js
FN:14,traitPressHandlers
FN:18,(anonymous_1)
FN:46,safeNum
FN:51,isHe
FN:55,isRtlLang
FN:60,getSubjectNameByLang
FN:73,shortenLabel
FN:79,getChartMetrics
FN:103,pointAt
FN:112,pointsString
FN:113,(anonymous_10)
FN:116,getLabelZone
FN:125,getLabelLayout
FN:177,splitLabelLines
FN:189,RadarChart
FN:217,(anonymous_15)
FN:222,(anonymous_16)
FN:232,(anonymous_17)
FN:240,(anonymous_18)
FN:264,(anonymous_19)
FN:268,(anonymous_20)
FN:305,(anonymous_21)
FN:306,(anonymous_22)
FN:320,(anonymous_23)
FN:344,(anonymous_24)
FN:356,(anonymous_25)
FN:372,(anonymous_26)
FN:408,(anonymous_27)
FN:425,(anonymous_28)
FN:472,(anonymous_29)
FNF:30
FNH:27
FNDA:14,traitPressHandlers
FNDA:0,(anonymous_1)
FNDA:42,safeNum
FNDA:2,isHe
FNDA:5,isRtlLang
FNDA:10,getSubjectNameByLang
FNDA:7,shortenLabel
FNDA:5,getChartMetrics
FNDA:70,pointAt
FNDA:18,pointsString
FNDA:42,(anonymous_10)
FNDA:7,getLabelZone
FNDA:7,getLabelLayout
FNDA:7,splitLabelLines
FNDA:5,RadarChart
FNDA:11,(anonymous_15)
FNDA:5,(anonymous_16)
FNDA:3,(anonymous_17)
FNDA:3,(anonymous_18)
FNDA:4,(anonymous_19)
FNDA:7,(anonymous_20)
FNDA:15,(anonymous_21)
FNDA:35,(anonymous_22)
FNDA:7,(anonymous_23)
FNDA:0,(anonymous_24)
FNDA:7,(anonymous_25)
FNDA:7,(anonymous_26)
FNDA:3,(anonymous_27)
FNDA:4,(anonymous_28)
FNDA:0,(anonymous_29)
DA:15,14
DA:16,0
DA:17,0
DA:18,0
DA:23,1
DA:25,1
DA:35,1
DA:47,42
DA:48,42
DA:52,2
DA:56,5
DA:57,5
DA:61,10
DA:62,10
DA:64,10
DA:65,8
DA:67,2
DA:68,2
DA:70,0
DA:74,7
DA:75,7
DA:76,0
DA:80,5
DA:81,5
DA:84,5
DA:85,5
DA:86,5
DA:87,5
DA:88,5
DA:89,5
DA:90,5
DA:91,5
DA:104,70
DA:105,70
DA:113,42
DA:117,7
DA:118,7
DA:119,7
DA:120,4
DA:121,0
DA:122,0
DA:126,7
DA:127,7
DA:128,7
DA:129,7
DA:131,7
DA:133,3
DA:142,4
DA:151,0
DA:162,0
DA:173,0
DA:178,7
DA:179,7
DA:180,0
DA:181,0
DA:182,0
DA:183,0
DA:184,0
DA:185,0
DA:186,0
DA:201,5
DA:202,5
DA:203,5
DA:204,5
DA:205,5
DA:215,5
DA:217,5
DA:218,11
DA:219,11
DA:222,5
DA:223,5
DA:225,3
DA:231,1
DA:232,3
DA:240,3
DA:243,2
DA:246,5
DA:247,2
DA:261,3
DA:264,4
DA:267,3
DA:268,3
DA:269,7
DA:270,7
DA:274,3
DA:283,3
DA:289,3
DA:294,3
DA:306,15
DA:307,35
DA:309,15
DA:321,7
DA:322,7
DA:345,0
DA:357,7
DA:358,7
DA:373,7
DA:374,7
DA:375,7
DA:376,7
DA:377,7
DA:378,7
DA:382,7
DA:383,7
DA:384,7
DA:385,7
DA:386,7
DA:387,7
DA:389,7
DA:390,7
DA:391,7
DA:393,7
DA:409,3
DA:426,4
DA:456,0
DA:458,0
DA:473,0
DA:506,1
LF:118
LH:97
BRDA:15,0,0,14
BRDA:15,0,1,0
BRDA:15,1,0,14
BRDA:15,1,1,0
BRDA:19,2,0,0
BRDA:19,2,1,0
BRDA:46,3,0,25
BRDA:48,4,0,42
BRDA:48,4,1,0
BRDA:52,5,0,2
BRDA:52,5,1,0
BRDA:56,6,0,5
BRDA:56,6,1,0
BRDA:57,7,0,5
BRDA:57,7,1,3
BRDA:62,8,0,10
BRDA:62,8,1,10
BRDA:64,9,0,8
BRDA:64,9,1,2
BRDA:65,10,0,8
BRDA:65,10,1,0
BRDA:65,10,2,0
BRDA:65,10,3,0
BRDA:67,11,0,2
BRDA:67,11,1,0
BRDA:68,12,0,2
BRDA:68,12,1,0
BRDA:68,12,2,0
BRDA:68,12,3,0
BRDA:70,13,0,0
BRDA:70,13,1,0
BRDA:70,13,2,0
BRDA:70,13,3,0
BRDA:73,14,0,0
BRDA:74,15,0,7
BRDA:74,15,1,0
BRDA:75,16,0,7
BRDA:75,16,1,0
BRDA:81,17,0,5
BRDA:81,17,1,0
BRDA:84,18,0,5
BRDA:84,18,1,0
BRDA:86,19,0,5
BRDA:86,19,1,0
BRDA:87,20,0,5
BRDA:87,20,1,0
BRDA:88,21,0,5
BRDA:88,21,1,0
BRDA:89,22,0,5
BRDA:89,22,1,0
BRDA:90,23,0,5
BRDA:90,23,1,0
BRDA:119,24,0,3
BRDA:119,24,1,4
BRDA:120,25,0,4
BRDA:120,25,1,0
BRDA:121,26,0,0
BRDA:121,26,1,0
BRDA:126,27,0,7
BRDA:126,27,1,0
BRDA:127,28,0,7
BRDA:127,28,1,0
BRDA:128,29,0,7
BRDA:128,29,1,0
BRDA:129,30,0,7
BRDA:129,30,1,0
BRDA:131,31,0,3
BRDA:131,31,1,4
BRDA:131,31,2,0
BRDA:131,31,3,0
BRDA:131,31,4,0
BRDA:137,32,0,3
BRDA:137,32,1,0
BRDA:146,33,0,4
BRDA:146,33,1,0
BRDA:157,34,0,0
BRDA:157,34,1,0
BRDA:168,35,0,0
BRDA:168,35,1,0
BRDA:177,36,0,0
BRDA:178,37,0,7
BRDA:178,37,1,0
BRDA:179,38,0,7
BRDA:179,38,1,0
BRDA:182,39,0,0
BRDA:182,39,1,0
BRDA:185,40,0,0
BRDA:185,40,1,0
BRDA:195,41,0,5
BRDA:196,42,0,5
BRDA:197,43,0,5
BRDA:198,44,0,5
BRDA:219,45,0,0
BRDA:219,45,1,11
BRDA:219,46,0,11
BRDA:219,46,1,11
BRDA:223,47,0,2
BRDA:223,47,1,3
BRDA:223,48,0,5
BRDA:223,48,1,2
BRDA:225,49,0,1
BRDA:225,49,1,2
BRDA:226,50,0,3
BRDA:226,50,1,1
BRDA:226,50,2,1
BRDA:226,50,3,1
BRDA:235,51,0,3
BRDA:235,51,1,0
BRDA:236,52,0,3
BRDA:236,52,1,0
BRDA:237,53,0,3
BRDA:237,53,1,0
BRDA:240,54,0,3
BRDA:240,54,1,0
BRDA:246,55,0,2
BRDA:246,55,1,3
BRDA:252,56,0,1
BRDA:252,56,1,1
BRDA:262,57,0,0
BRDA:262,57,1,3
BRDA:265,58,0,3
BRDA:265,58,1,0
BRDA:274,59,0,3
BRDA:274,59,1,3
BRDA:277,60,0,2
BRDA:277,60,1,1
BRDA:283,61,0,3
BRDA:283,61,1,3
BRDA:286,62,0,2
BRDA:286,62,1,1
BRDA:291,63,0,2
BRDA:291,63,1,1
BRDA:297,64,0,3
BRDA:297,64,1,3
BRDA:343,65,0,0
BRDA:343,65,1,3
BRDA:357,66,0,7
BRDA:357,66,1,0
BRDA:363,67,0,0
BRDA:363,67,1,7
BRDA:363,68,0,7
BRDA:363,68,1,0
BRDA:365,69,0,0
BRDA:365,69,1,7
BRDA:366,70,0,0
BRDA:366,70,1,7
BRDA:377,71,0,7
BRDA:377,71,1,0
BRDA:377,72,0,7
BRDA:377,72,1,0
BRDA:382,73,0,7
BRDA:382,73,1,0
BRDA:384,74,0,7
BRDA:384,74,1,0
BRDA:385,75,0,0
BRDA:385,75,1,7
BRDA:386,76,0,0
BRDA:386,76,1,7
BRDA:389,77,0,7
BRDA:389,77,1,0
BRDA:395,78,0,3
BRDA:395,78,1,4
BRF:162
BRH:91
end_of_record
TN:
SF:components\AdaptiveTest\RankingQuestionList.js
FN:5,swapItems
FN:13,getItemLabel
FN:17,RankingQuestionList
FN:26,(anonymous_3)
FN:33,(anonymous_4)
FN:37,(anonymous_5)
FN:57,(anonymous_6)
FN:62,(anonymous_7)
FN:85,(anonymous_8)
FN:93,(anonymous_9)
FN:94,(anonymous_10)
FN:95,(anonymous_11)
FN:111,(anonymous_12)
FN:112,(anonymous_13)
FN:113,(anonymous_14)
FNF:15
FNH:5
FNDA:0,swapItems
FNDA:6,getItemLabel
FNDA:3,RankingQuestionList
FNDA:0,(anonymous_3)
FNDA:0,(anonymous_4)
FNDA:0,(anonymous_5)
FNDA:0,(anonymous_6)
FNDA:0,(anonymous_7)
FNDA:6,(anonymous_8)
FNDA:0,(anonymous_9)
FNDA:0,(anonymous_10)
FNDA:6,(anonymous_11)
FNDA:0,(anonymous_12)
FNDA:0,(anonymous_13)
FNDA:6,(anonymous_14)
DA:6,0
DA:7,0
DA:8,0
DA:9,0
DA:10,0
DA:14,6
DA:18,3
DA:19,3
DA:21,3
DA:25,3
DA:27,0
DA:28,0
DA:33,3
DA:34,0
DA:37,3
DA:38,0
DA:39,0
DA:40,0
DA:41,0
DA:42,0
DA:45,0
DA:46,0
DA:47,0
DA:49,0
DA:50,0
DA:51,0
DA:53,0
DA:54,0
DA:57,3
DA:58,0
DA:59,0
DA:62,3
DA:63,0
DA:64,0
DA:65,0
DA:68,3
DA:69,1
DA:76,2
DA:86,6
DA:87,6
DA:88,6
DA:90,6
DA:93,0
DA:94,0
DA:95,6
DA:111,0
DA:112,0
DA:113,6
DA:126,1
LF:49
LH:19
BRDA:6,0,0,0
BRDA:6,0,1,0
BRDA:14,1,0,6
BRDA:14,1,1,0
BRDA:14,1,2,0
BRDA:14,2,0,6
BRDA:14,2,1,0
BRDA:17,3,0,0
BRDA:17,4,0,0
BRDA:21,5,0,3
BRDA:21,5,1,0
BRDA:27,6,0,0
BRDA:27,6,1,0
BRDA:27,7,0,0
BRDA:27,7,1,0
BRDA:27,7,2,0
BRDA:27,7,3,0
BRDA:38,8,0,0
BRDA:38,8,1,0
BRDA:39,9,0,0
BRDA:39,9,1,0
BRDA:45,10,0,0
BRDA:45,10,1,0
BRDA:49,11,0,0
BRDA:49,11,1,0
BRDA:63,12,0,0
BRDA:63,12,1,0
BRDA:63,13,0,0
BRDA:63,13,1,0
BRDA:68,14,0,1
BRDA:68,14,1,2
BRDA:71,15,0,1
BRDA:71,15,1,0
BRDA:79,16,0,0
BRDA:79,16,1,2
BRDA:80,17,0,0
BRDA:80,17,1,2
BRDA:92,18,0,6
BRDA:92,18,1,0
BRDA:94,19,0,0
BRDA:94,19,1,6
BRDA:97,20,0,6
BRDA:97,20,1,0
BRDA:98,21,0,6
BRDA:98,21,1,0
BRDA:99,22,0,0
BRDA:99,22,1,6
BRDA:99,23,0,6
BRDA:99,23,1,6
BRDA:99,23,2,0
BRDA:113,24,0,6
BRDA:113,24,1,0
BRDA:114,25,0,6
BRDA:114,25,1,0
BRDA:116,26,0,0
BRDA:116,26,1,6
BRF:56
BRH:18
end_of_record
TN:
SF:components\AdaptiveTest\ReviewAnswersScreen.js
FN:19,ReviewAnswersScreen
FN:26,(anonymous_1)
FN:29,(anonymous_2)
FN:39,(anonymous_3)
FN:42,(anonymous_4)
FN:96,(anonymous_5)
FN:127,(anonymous_6)
FN:132,(anonymous_7)
FN:134,(anonymous_8)
FN:139,(anonymous_9)
FN:200,(anonymous_10)
FNF:11
FNH:10
FNDA:11,ReviewAnswersScreen
FNDA:5,(anonymous_1)
FNDA:0,(anonymous_2)
FNDA:6,(anonymous_3)
FNDA:6,(anonymous_4)
FNDA:1,(anonymous_5)
FNDA:6,(anonymous_6)
FNDA:9,(anonymous_7)
FNDA:1,(anonymous_8)
FNDA:1,(anonymous_9)
FNDA:1,(anonymous_10)
DA:20,11
DA:23,11
DA:26,11
DA:27,5
DA:28,5
DA:29,0
DA:34,11
DA:36,11
DA:37,11
DA:39,11
DA:40,6
DA:42,6
DA:43,6
DA:44,6
DA:46,6
DA:47,1
DA:51,1
DA:54,5
DA:55,0
DA:59,0
DA:62,5
DA:84,4
DA:85,0
DA:89,0
DA:92,4
DA:95,4
DA:97,1
DA:98,1
DA:100,1
DA:102,1
DA:116,4
DA:118,0
DA:123,5
DA:127,6
DA:128,6
DA:132,11
DA:133,9
DA:134,9
DA:135,9
DA:136,9
DA:139,11
DA:140,1
DA:143,11
DA:144,6
DA:152,5
DA:153,4
DA:167,1
DA:201,1
DA:245,1
LF:49
LH:43
BRDA:19,0,0,0
BRDA:27,1,0,0
BRDA:27,1,1,5
BRDA:28,2,0,0
BRDA:28,2,1,5
BRDA:46,3,0,1
BRDA:46,3,1,5
BRDA:48,4,0,1
BRDA:48,4,1,0
BRDA:49,5,0,1
BRDA:49,5,1,0
BRDA:54,6,0,0
BRDA:54,6,1,5
BRDA:56,7,0,0
BRDA:56,7,1,0
BRDA:57,8,0,0
BRDA:57,8,1,0
BRDA:84,9,0,0
BRDA:84,9,1,4
BRDA:86,10,0,0
BRDA:86,10,1,0
BRDA:87,11,0,0
BRDA:87,11,1,0
BRDA:92,12,0,0
BRDA:92,12,1,4
BRDA:95,13,0,4
BRDA:95,13,1,0
BRDA:95,14,0,4
BRDA:95,14,1,0
BRDA:97,15,0,1
BRDA:97,15,1,0
BRDA:98,16,0,0
BRDA:98,16,1,1
BRDA:119,17,0,0
BRDA:119,17,1,0
BRDA:120,18,0,0
BRDA:120,18,1,0
BRDA:123,19,0,5
BRDA:123,19,1,0
BRDA:134,20,0,1
BRDA:134,20,1,0
BRDA:143,21,0,6
BRDA:143,21,1,5
BRDA:152,22,0,4
BRDA:152,22,1,1
BRDA:217,23,0,1
BRDA:217,23,1,0
BRDA:226,24,0,1
BRDA:226,24,1,0
BRDA:229,25,0,1
BRDA:229,25,1,0
BRDA:231,26,0,1
BRDA:231,26,1,0
BRF:53
BRH:23
end_of_record
TN:
SF:components\Admin\AdminLayout.js
FN:40,useAdminLocale
FN:47,adminLabel
FN:51,useAdminBreakpoints
FN:61,AdminShell
FN:69,(anonymous_4)
FN:73,(anonymous_5)
FN:77,(anonymous_6)
FN:111,(anonymous_7)
FN:117,(anonymous_8)
FN:133,(anonymous_9)
FN:148,(anonymous_10)
FN:171,(anonymous_11)
FN:172,(anonymous_12)
FN:185,(anonymous_13)
FN:206,(anonymous_14)
FN:216,AdminCard
FN:235,StatCard
FN:250,FilterBar
FN:267,(anonymous_18)
FN:275,(anonymous_19)
FN:280,(anonymous_20)
FN:289,(anonymous_21)
FN:295,(anonymous_22)
FN:317,AdminTable
FN:325,(anonymous_24)
FN:326,(anonymous_25)
FN:327,(anonymous_26)
FN:332,(anonymous_27)
FN:335,(anonymous_28)
FN:365,(anonymous_29)
FN:371,(anonymous_30)
FN:375,(anonymous_31)
FN:378,(anonymous_32)
FN:396,StatusBadge
FN:410,LoadingState
FN:420,ErrorState
FN:430,EmptyState
FN:440,ChartCard
FN:443,(anonymous_38)
FN:449,(anonymous_39)
FN:465,FormInput
FN:484,formatCell
FNF:42
FNH:12
FNDA:8,useAdminLocale
FNDA:0,adminLabel
FNDA:52,useAdminBreakpoints
FNDA:8,AdminShell
FNDA:4,(anonymous_4)
FNDA:0,(anonymous_5)
FNDA:1,(anonymous_6)
FNDA:0,(anonymous_7)
FNDA:0,(anonymous_8)
FNDA:0,(anonymous_9)
FNDA:0,(anonymous_10)
FNDA:0,(anonymous_11)
FNDA:0,(anonymous_12)
FNDA:0,(anonymous_13)
FNDA:0,(anonymous_14)
FNDA:12,AdminCard
FNDA:16,StatCard
FNDA:0,FilterBar
FNDA:0,(anonymous_18)
FNDA:0,(anonymous_19)
FNDA:0,(anonymous_20)
FNDA:0,(anonymous_21)
FNDA:0,(anonymous_22)
FNDA:0,AdminTable
FNDA:0,(anonymous_24)
FNDA:0,(anonymous_25)
FNDA:0,(anonymous_26)
FNDA:0,(anonymous_27)
FNDA:0,(anonymous_28)
FNDA:0,(anonymous_29)
FNDA:0,(anonymous_30)
FNDA:0,(anonymous_31)
FNDA:0,(anonymous_32)
FNDA:0,StatusBadge
FNDA:3,LoadingState
FNDA:3,ErrorState
FNDA:0,EmptyState
FNDA:8,ChartCard
FNDA:8,(anonymous_38)
FNDA:8,(anonymous_39)
FNDA:0,FormInput
FNDA:0,formatCell
DA:22,1
DA:41,8
DA:42,8
DA:43,8
DA:44,8
DA:48,0
DA:52,52
DA:53,52
DA:62,8
DA:63,8
DA:64,8
DA:65,8
DA:66,8
DA:68,8
DA:69,4
DA:73,8
DA:74,0
DA:77,8
DA:78,1
DA:79,1
DA:80,1
DA:82,0
DA:86,8
DA:87,8
DA:88,0
DA:95,8
DA:96,0
DA:103,8
DA:104,2
DA:111,6
DA:112,0
DA:113,0
DA:118,0
DA:119,0
DA:133,6
DA:134,0
DA:148,0
DA:153,6
DA:171,0
DA:172,0
DA:185,0
DA:206,0
DA:217,12
DA:218,12
DA:219,12
DA:236,16
DA:237,16
DA:238,16
DA:251,0
DA:252,0
DA:253,0
DA:254,0
DA:268,0
DA:269,0
DA:270,0
DA:271,0
DA:276,0
DA:277,0
DA:278,0
DA:280,0
DA:290,0
DA:291,0
DA:296,0
DA:297,0
DA:318,0
DA:319,0
DA:320,0
DA:322,0
DA:323,0
DA:326,0
DA:327,0
DA:328,0
DA:332,0
DA:336,0
DA:361,0
DA:366,0
DA:372,0
DA:375,0
DA:379,0
DA:397,0
DA:398,0
DA:399,0
DA:400,0
DA:401,0
DA:402,0
DA:403,0
DA:411,3
DA:412,3
DA:421,3
DA:422,3
DA:431,0
DA:432,0
DA:441,8
DA:442,8
DA:443,8
DA:444,8
DA:450,8
DA:466,0
DA:467,0
DA:485,0
DA:486,0
DA:487,0
DA:488,0
DA:491,1
LF:104
LH:43
BRDA:42,0,0,8
BRDA:42,0,1,0
BRDA:43,1,0,8
BRDA:43,1,1,8
BRDA:44,2,0,8
BRDA:44,2,1,0
BRDA:48,3,0,0
BRDA:48,3,1,0
BRDA:48,4,0,0
BRDA:48,4,1,0
BRDA:48,5,0,0
BRDA:48,5,1,0
BRDA:56,6,0,52
BRDA:56,6,1,0
BRDA:69,7,0,4
BRDA:69,7,1,4
BRDA:69,7,2,4
BRDA:69,7,3,0
BRDA:74,8,0,0
BRDA:74,8,1,0
BRDA:82,9,0,0
BRDA:82,9,1,0
BRDA:86,10,0,8
BRDA:86,10,1,8
BRDA:86,10,2,0
BRDA:87,11,0,0
BRDA:87,11,1,8
BRDA:95,12,0,0
BRDA:95,12,1,8
BRDA:95,13,0,8
BRDA:95,13,1,0
BRDA:103,14,0,2
BRDA:103,14,1,6
BRDA:111,15,0,0
BRDA:116,16,0,0
BRDA:116,16,1,0
BRDA:116,17,0,0
BRDA:116,17,1,0
BRDA:123,18,0,0
BRDA:123,18,1,0
BRDA:123,19,0,0
BRDA:123,19,1,0
BRDA:124,20,0,0
BRDA:124,20,1,0
BRDA:125,21,0,0
BRDA:125,21,1,0
BRDA:133,22,0,0
BRDA:134,23,0,0
BRDA:134,23,1,0
BRDA:135,24,0,0
BRDA:135,24,1,0
BRDA:139,25,0,0
BRDA:139,25,1,0
BRDA:147,26,0,0
BRDA:147,26,1,0
BRDA:154,27,0,6
BRDA:154,27,1,6
BRDA:155,28,0,6
BRDA:155,28,1,0
BRDA:156,29,0,0
BRDA:156,29,1,0
BRDA:162,30,0,6
BRDA:162,30,1,6
BRDA:163,31,0,6
BRDA:163,31,1,6
BRDA:164,32,0,6
BRDA:164,32,1,6
BRDA:165,33,0,6
BRDA:165,33,1,6
BRDA:166,34,0,6
BRDA:166,34,1,6
BRDA:168,35,0,6
BRDA:168,35,1,6
BRDA:180,36,0,6
BRDA:180,36,1,6
BRDA:182,37,0,6
BRDA:182,37,1,6
BRDA:183,38,0,6
BRDA:183,38,1,0
BRDA:185,39,0,6
BRDA:185,39,1,6
BRDA:188,40,0,6
BRDA:188,40,1,6
BRDA:192,41,0,6
BRDA:192,41,1,6
BRDA:199,42,0,6
BRDA:199,42,1,6
BRDA:204,43,0,6
BRDA:204,43,1,6
BRDA:204,43,2,0
BRDA:220,44,0,12
BRDA:220,44,1,12
BRDA:221,45,0,12
BRDA:221,45,1,0
BRDA:221,45,2,12
BRDA:222,46,0,12
BRDA:222,46,1,12
BRDA:224,47,0,12
BRDA:224,47,1,12
BRDA:225,48,0,12
BRDA:225,48,1,4
BRDA:235,49,0,0
BRDA:239,50,0,16
BRDA:239,50,1,0
BRDA:239,51,0,16
BRDA:239,51,1,16
BRDA:245,52,0,16
BRDA:245,52,1,2
BRDA:250,53,0,0
BRDA:255,54,0,0
BRDA:255,54,1,0
BRDA:256,55,0,0
BRDA:256,55,1,0
BRDA:268,56,0,0
BRDA:268,56,1,0
BRDA:269,57,0,0
BRDA:269,57,1,0
BRDA:272,58,0,0
BRDA:272,58,1,0
BRDA:274,59,0,0
BRDA:274,59,1,0
BRDA:274,60,0,0
BRDA:274,60,1,0
BRDA:276,61,0,0
BRDA:276,61,1,0
BRDA:280,62,0,0
BRDA:280,62,1,0
BRDA:284,63,0,0
BRDA:284,63,1,0
BRDA:286,64,0,0
BRDA:286,64,1,0
BRDA:286,64,2,0
BRDA:290,65,0,0
BRDA:290,65,1,0
BRDA:294,66,0,0
BRDA:294,66,1,0
BRDA:300,67,0,0
BRDA:300,67,1,0
BRDA:317,68,0,0
BRDA:317,69,0,0
BRDA:320,70,0,0
BRDA:320,70,1,0
BRDA:322,71,0,0
BRDA:322,71,1,0
BRDA:330,72,0,0
BRDA:330,72,1,0
BRDA:333,73,0,0
BRDA:333,73,1,0
BRDA:339,74,0,0
BRDA:339,74,1,0
BRDA:349,75,0,0
BRDA:349,75,1,0
BRDA:351,76,0,0
BRDA:351,76,1,0
BRDA:366,77,0,0
BRDA:366,77,1,0
BRDA:373,78,0,0
BRDA:373,78,1,0
BRDA:376,79,0,0
BRDA:376,79,1,0
BRDA:379,80,0,0
BRDA:379,80,1,0
BRDA:380,81,0,0
BRDA:380,81,1,0
BRDA:398,82,0,0
BRDA:398,82,1,0
BRDA:401,83,0,0
BRDA:401,83,1,0
BRDA:401,84,0,0
BRDA:401,84,1,0
BRDA:402,85,0,0
BRDA:402,85,1,0
BRDA:402,86,0,0
BRDA:402,86,1,0
BRDA:405,87,0,0
BRDA:405,87,1,0
BRDA:410,88,0,3
BRDA:425,89,0,3
BRDA:425,89,1,0
BRDA:430,90,0,0
BRDA:440,91,0,0
BRDA:440,92,0,0
BRDA:443,93,0,8
BRDA:443,93,1,0
BRDA:445,94,0,8
BRDA:445,94,1,8
BRDA:448,95,0,8
BRDA:448,95,1,8
BRDA:453,96,0,8
BRDA:453,96,1,0
BRDA:473,97,0,0
BRDA:473,97,1,0
BRDA:485,98,0,0
BRDA:485,98,1,0
BRDA:485,99,0,0
BRDA:485,99,1,0
BRDA:485,99,2,0
BRDA:486,100,0,0
BRDA:486,100,1,0
BRDA:486,101,0,0
BRDA:486,101,1,0
BRDA:487,102,0,0
BRDA:487,102,1,0
BRF:203
BRH:68
end_of_record
TN:
SF:components\Admin\adminTheme.js
FNF:0
FNH:0
DA:1,1
DA:18,1
LF:2
LH:2
BRF:0
BRH:0
end_of_record
TN:
SF:components\Admin\adminTranslations.js
FN:466,normalizeArabicText
FN:476,translateAdminText
FN:490,useAdminTranslator
FN:494,(anonymous_3)
FNF:4
FNH:3
FNDA:0,normalizeArabicText
FNDA:75,translateAdminText
FNDA:58,useAdminTranslator
FNDA:75,(anonymous_3)
DA:3,1
DA:415,1
DA:429,1
DA:467,0
DA:477,75
DA:478,0
DA:479,0
DA:480,0
DA:481,0
DA:482,0
DA:483,0
DA:484,0
DA:485,0
DA:487,0
DA:491,58
DA:492,58
DA:493,58
DA:494,75
LF:18
LH:8
BRDA:467,0,0,0
BRDA:467,0,1,0
BRDA:477,1,0,75
BRDA:477,1,1,0
BRDA:477,2,0,75
BRDA:477,2,1,0
BRDA:479,3,0,0
BRDA:479,3,1,0
BRDA:481,4,0,0
BRDA:481,4,1,0
BRDA:483,5,0,0
BRDA:483,5,1,0
BRDA:485,6,0,0
BRDA:485,6,1,0
BRDA:492,7,0,58
BRDA:492,7,1,0
BRDA:493,8,0,58
BRDA:493,8,1,58
BRF:18
BRH:5
end_of_record
TN:
SF:components\Form\CustomButton.js
FN:7,CustomButton
FN:28,(anonymous_1)
FN:43,(anonymous_2)
FNF:3
FNH:3
FNDA:3,CustomButton
FNDA:3,(anonymous_1)
FNDA:2,(anonymous_2)
DA:18,3
DA:22,3
DA:28,3
DA:29,3
DA:30,2
DA:33,1
DA:35,0
DA:37,0
DA:39,1
DA:43,3
DA:44,2
DA:46,0
DA:48,2
DA:52,3
DA:80,1
LF:15
LH:12
BRDA:13,0,0,3
BRDA:14,1,0,2
BRDA:15,2,0,2
BRDA:16,3,0,3
BRDA:22,4,0,3
BRDA:22,4,1,0
BRDA:22,5,0,3
BRDA:22,5,1,3
BRDA:24,6,0,0
BRDA:24,6,1,0
BRDA:29,7,0,2
BRDA:29,7,1,1
BRDA:29,8,0,3
BRDA:29,8,1,2
BRDA:33,9,0,0
BRDA:33,9,1,0
BRDA:33,9,2,1
BRDA:44,10,0,0
BRDA:44,10,1,2
BRDA:54,11,0,3
BRDA:54,11,1,3
BRDA:56,12,0,3
BRDA:56,12,1,2
BRDA:61,13,0,1
BRDA:61,13,1,2
BRDA:65,14,0,2
BRDA:65,14,1,0
BRDA:69,15,0,0
BRDA:69,15,1,0
BRF:29
BRH:20
end_of_record
TN:
SF:components\Form\CustomTextInput.js
FN:8,CustomTextInput
FN:93,(anonymous_1)
FN:94,(anonymous_2)
FN:100,(anonymous_3)
FNF:4
FNH:1
FNDA:3,CustomTextInput
FNDA:0,(anonymous_1)
FNDA:0,(anonymous_2)
FNDA:0,(anonymous_3)
DA:32,3
DA:34,3
DA:35,3
DA:38,3
DA:45,3
DA:51,3
DA:93,0
DA:94,0
DA:100,0
DA:124,1
LF:10
LH:7
BRDA:24,0,0,3
BRDA:25,1,0,3
BRDA:26,2,0,3
BRDA:38,3,0,1
BRDA:38,3,1,2
BRDA:38,4,0,3
BRDA:38,4,1,1
BRDA:40,5,0,0
BRDA:40,5,1,2
BRDA:45,6,0,2
BRDA:45,6,1,1
BRDA:45,7,0,3
BRDA:45,7,1,2
BRDA:47,8,0,0
BRDA:47,8,1,1
BRDA:53,9,0,1
BRDA:53,9,1,2
BRDA:53,10,0,3
BRDA:53,10,1,2
BRDA:53,11,0,1
BRDA:53,11,1,0
BRDA:58,12,0,3
BRDA:58,12,1,0
BRDA:59,13,0,3
BRDA:59,13,1,0
BRDA:60,14,0,3
BRDA:60,14,1,1
BRDA:61,15,0,3
BRDA:61,15,1,0
BRDA:64,16,0,3
BRDA:64,16,1,0
BRDA:68,17,0,3
BRDA:68,17,1,0
BRDA:72,18,0,0
BRDA:72,18,1,0
BRDA:72,19,0,0
BRDA:72,19,1,0
BRDA:72,20,0,0
BRDA:72,20,1,0
BRDA:80,21,0,3
BRDA:80,21,1,0
BRDA:81,22,0,3
BRDA:81,22,1,0
BRDA:88,23,0,3
BRDA:88,23,1,0
BRDA:98,24,0,3
BRDA:98,24,1,0
BRDA:106,25,0,0
BRDA:106,25,1,0
BRDA:114,26,0,3
BRDA:114,26,1,1
BRF:51
BRH:31
end_of_record
TN:
SF:components\Navigation\FloatingNavControls.js
FN:5,FloatingNavControls
FN:39,(anonymous_1)
FN:66,(anonymous_2)
FNF:3
FNH:3
FNDA:4,FloatingNavControls
FNDA:3,(anonymous_1)
FNDA:3,(anonymous_2)
DA:14,4
DA:15,4
DA:17,4
DA:19,3
DA:20,3
DA:21,3
DA:22,3
DA:23,3
DA:25,3
DA:26,3
DA:28,3
DA:29,3
DA:31,3
DA:39,3
DA:66,3
DA:90,1
LF:16
LH:16
BRDA:6,0,0,1
BRDA:7,1,0,1
BRDA:10,2,0,3
BRDA:11,3,0,4
BRDA:12,4,0,2
BRDA:17,5,0,1
BRDA:17,5,1,3
BRDA:20,6,0,3
BRDA:20,6,1,0
BRDA:21,7,0,3
BRDA:21,7,1,0
BRDA:22,8,0,3
BRDA:22,8,1,0
BRDA:23,9,0,0
BRDA:23,9,1,3
BRDA:25,10,0,1
BRDA:25,10,1,2
BRDA:26,11,0,1
BRDA:26,11,1,2
BRDA:28,12,0,3
BRDA:28,12,1,3
BRDA:29,13,0,3
BRDA:29,13,1,1
BRDA:49,14,0,3
BRDA:49,14,1,2
BRDA:50,15,0,3
BRDA:50,15,1,0
BRDA:50,15,2,0
BRDA:56,16,0,1
BRDA:56,16,1,2
BRDA:76,17,0,3
BRDA:76,17,1,0
BRDA:77,18,0,3
BRDA:77,18,1,0
BRDA:77,18,2,0
BRDA:83,19,0,3
BRDA:83,19,1,0
BRF:37
BRH:27
end_of_record
TN:
SF:components\Navigation\Navbar.js
FN:10,Navbar
FN:19,(anonymous_1)
FN:24,(anonymous_2)
FN:69,(anonymous_3)
FN:81,(anonymous_4)
FN:122,(anonymous_5)
FN:122,(anonymous_6)
FN:156,(anonymous_7)
FNF:8
FNH:8
FNDA:11,Navbar
FNDA:77,(anonymous_1)
FNDA:1,(anonymous_2)
FNDA:64,(anonymous_3)
FNDA:2,(anonymous_4)
FNDA:2,(anonymous_5)
FNDA:2,(anonymous_6)
FNDA:1,(anonymous_7)
DA:11,11
DA:12,11
DA:13,11
DA:14,11
DA:16,11
DA:19,11
DA:20,77
DA:21,77
DA:24,11
DA:25,1
DA:26,1
DA:27,1
DA:30,11
DA:47,11
DA:48,11
DA:49,11
DA:50,11
DA:51,11
DA:52,11
DA:53,11
DA:55,11
DA:70,64
DA:72,64
DA:81,2
DA:122,2
DA:157,1
DA:158,1
DA:186,1
LF:28
LH:28
BRDA:16,0,0,11
BRDA:16,0,1,0
BRDA:16,1,0,11
BRDA:16,1,1,0
BRDA:17,2,0,0
BRDA:17,2,1,0
BRDA:21,3,0,59
BRDA:21,3,1,18
BRDA:21,4,0,77
BRDA:21,4,1,77
BRDA:30,5,0,9
BRDA:30,5,1,2
BRDA:48,6,0,11
BRDA:48,6,1,0
BRDA:50,7,0,11
BRDA:50,7,1,0
BRDA:50,8,0,0
BRDA:50,8,1,0
BRDA:51,9,0,11
BRDA:51,9,1,0
BRDA:51,10,0,0
BRDA:51,10,1,0
BRDA:52,11,0,11
BRDA:52,11,1,0
BRDA:52,12,0,0
BRDA:52,12,1,0
BRDA:53,13,0,11
BRDA:53,13,1,0
BRDA:53,14,0,0
BRDA:53,14,1,0
BRDA:57,15,0,11
BRDA:57,15,1,0
BRDA:58,16,0,11
BRDA:58,16,1,11
BRDA:66,17,0,11
BRDA:66,17,1,11
BRDA:68,18,0,11
BRDA:68,18,1,11
BRDA:68,19,0,11
BRDA:68,19,1,11
BRDA:79,20,0,64
BRDA:79,20,1,10
BRDA:84,21,0,64
BRDA:84,21,1,64
BRDA:84,22,0,64
BRDA:84,22,1,10
BRDA:88,23,0,10
BRDA:88,23,1,54
BRDA:92,24,0,64
BRDA:92,24,1,0
BRDA:95,25,0,64
BRDA:95,25,1,64
BRDA:96,26,0,64
BRDA:96,26,1,10
BRDA:97,27,0,64
BRDA:97,27,1,64
BRDA:102,28,0,10
BRDA:102,28,1,54
BRDA:106,29,0,9
BRDA:106,29,1,2
BRDA:112,30,0,9
BRDA:112,30,1,2
BRDA:119,31,0,9
BRDA:119,31,1,1
BRDA:120,32,0,9
BRDA:120,32,1,2
BRDA:128,33,0,9
BRDA:128,33,1,9
BRDA:129,34,0,9
BRDA:129,34,1,1
BRDA:135,35,0,1
BRDA:135,35,1,8
BRDA:142,36,0,9
BRDA:142,36,1,9
BRDA:143,37,0,9
BRDA:143,37,1,1
BRDA:144,38,0,9
BRDA:144,38,1,9
BRDA:149,39,0,1
BRDA:149,39,1,8
BRDA:152,40,0,2
BRDA:152,40,1,7
BRF:82
BRH:63
end_of_record
TN:
SF:config\env.js
FN:6,isDevRuntime
FN:12,getSupabasePublicConfig
FN:18,getPublicEnvSummary
FNF:3
FNH:1
FNDA:14,isDevRuntime
FNDA:0,getSupabasePublicConfig
FNDA:0,getPublicEnvSummary
DA:7,14
DA:8,12
DA:9,0
DA:13,0
DA:14,0
DA:15,0
DA:19,0
LF:7
LH:2
BRDA:7,0,0,2
BRDA:7,0,1,12
BRDA:8,1,0,12
BRDA:8,1,1,0
BRDA:13,2,0,0
BRDA:13,2,1,0
BRDA:14,3,0,0
BRDA:14,3,1,0
BRDA:15,4,0,0
BRDA:15,4,1,0
BRDA:22,5,0,0
BRDA:22,5,1,0
BRDA:22,5,2,0
BRDA:24,6,0,0
BRDA:24,6,1,0
BRF:15
BRH:3
end_of_record
TN:
SF:config\supabase.js
FN:40,(anonymous_0)
FN:42,(anonymous_1)
FN:54,getNativeAuthStorage
FN:79,requireSupabase
FN:93,getSupabaseConfigError
FNF:5
FNH:2
FNDA:12,(anonymous_0)
FNDA:0,(anonymous_1)
FNDA:7,getNativeAuthStorage
FNDA:0,requireSupabase
FNDA:0,getSupabaseConfigError
DA:7,8
DA:9,8
DA:11,8
DA:13,8
DA:15,8
DA:37,8
DA:38,8
DA:40,8
DA:41,12
DA:42,12
DA:44,12
DA:45,12
DA:50,10
DA:55,7
DA:56,7
DA:58,7
DA:60,7
DA:61,7
DA:67,8
DA:80,0
DA:81,0
DA:86,0
DA:90,8
DA:94,0
DA:97,8
DA:98,7
DA:102,1
DA:103,1
LF:28
LH:24
BRDA:13,0,0,8
BRDA:13,0,1,1
BRDA:15,1,0,7
BRDA:15,1,1,1
BRDA:27,2,0,7
BRDA:27,2,1,0
BRDA:28,3,0,7
BRDA:28,3,1,0
BRDA:37,4,0,8
BRDA:37,4,1,7
BRDA:37,5,0,6
BRDA:37,5,1,1
BRDA:38,6,0,8
BRDA:38,6,1,7
BRDA:38,7,0,6
BRDA:38,7,1,1
BRDA:40,8,0,0
BRDA:55,9,0,0
BRDA:55,9,1,7
BRDA:67,10,0,7
BRDA:67,10,1,1
BRDA:67,11,0,8
BRDA:67,11,1,7
BRDA:80,12,0,0
BRDA:80,12,1,0
BRDA:82,13,0,0
BRDA:82,13,1,0
BRDA:97,14,0,7
BRDA:97,14,1,1
BRDA:102,15,0,1
BRDA:102,15,1,0
BRDA:102,16,0,1
BRDA:102,16,1,1
BRDA:107,17,0,0
BRDA:107,17,1,1
BRF:35
BRH:25
end_of_record
TN:
SF:config\supabaseEnv.js
FNF:0
FNH:0
DA:5,11
DA:6,11
LF:2
LH:2
BRF:0
BRH:0
end_of_record
TN:
SF:contexts\NavigationGuardContext.js
FN:7,(anonymous_0)
FN:10,NavigationGuardProvider
FN:13,(anonymous_2)
FN:25,(anonymous_3)
FN:35,useNavigationGuard
FNF:5
FNH:2
FNDA:194,(anonymous_0)
FNDA:0,NavigationGuardProvider
FNDA:0,(anonymous_2)
FNDA:0,(anonymous_3)
FNDA:106,useNavigationGuard
DA:3,3
DA:5,3
DA:11,0
DA:13,0
DA:14,0
DA:15,0
DA:16,0
DA:18,0
DA:24,0
DA:25,0
DA:32,0
DA:36,106
LF:12
LH:3
BRDA:14,0,0,0
BRDA:14,0,1,0
BRF:2
BRH:0
end_of_record
TN:
SF:data\majorCatalog.js
FN:640,normalizeLanguage
FN:647,localizeField
FN:653,findMajorByName
FN:657,(anonymous_3)
FN:660,(anonymous_4)
FN:665,findInstitutionByName
FN:669,(anonymous_6)
FN:672,(anonymous_7)
FNF:8
FNH:0
FNDA:0,normalizeLanguage
FNDA:0,localizeField
FNDA:0,findMajorByName
FNDA:0,(anonymous_3)
FNDA:0,(anonymous_4)
FNDA:0,findInstitutionByName
FNDA:0,(anonymous_6)
FNDA:0,(anonymous_7)
DA:1,4
DA:166,4
DA:217,4
DA:641,0
DA:642,0
DA:643,0
DA:644,0
DA:648,0
DA:649,0
DA:650,0
DA:654,0
DA:655,0
DA:656,0
DA:658,0
DA:660,0
DA:666,0
DA:667,0
DA:668,0
DA:670,0
DA:672,0
LF:20
LH:3
BRDA:641,0,0,0
BRDA:641,0,1,0
BRDA:642,1,0,0
BRDA:642,1,1,0
BRDA:643,2,0,0
BRDA:643,2,1,0
BRDA:648,3,0,0
BRDA:648,3,1,0
BRDA:650,4,0,0
BRDA:650,4,1,0
BRDA:650,4,2,0
BRDA:650,4,3,0
BRDA:650,4,4,0
BRDA:654,5,0,0
BRDA:654,5,1,0
BRDA:657,6,0,0
BRDA:657,6,1,0
BRDA:666,7,0,0
BRDA:666,7,1,0
BRDA:669,8,0,0
BRDA:669,8,1,0
BRF:21
BRH:0
end_of_record
TN:
SF:features\games\catalog.js
FN:149,normalizeLanguage
FN:156,localizeField
FN:162,getGameHubItems
FN:163,(anonymous_3)
FNF:4
FNH:0
FNDA:0,normalizeLanguage
FNDA:0,localizeField
FNDA:0,getGameHubItems
FNDA:0,(anonymous_3)
DA:1,1
DA:150,0
DA:151,0
DA:152,0
DA:153,0
DA:157,0
DA:158,0
DA:159,0
DA:163,0
LF:9
LH:1
BRDA:150,0,0,0
BRDA:150,0,1,0
BRDA:151,1,0,0
BRDA:151,1,1,0
BRDA:152,2,0,0
BRDA:152,2,1,0
BRDA:157,3,0,0
BRDA:157,3,1,0
BRDA:157,4,0,0
BRDA:157,4,1,0
BRDA:159,5,0,0
BRDA:159,5,1,0
BRDA:159,5,2,0
BRDA:159,5,3,0
BRF:14
BRH:0
end_of_record
TN:
SF:features\games\arabicPoetPuzzle\data\levels.js
FNF:0
FNH:0
DA:1,1
DA:9,1
LF:2
LH:2
BRF:0
BRH:0
end_of_record
TN:
SF:features\games\arabicPoetPuzzle\screens\ArabicPoetPuzzleHomeScreen.js
FN:9,ArabicPoetPuzzleHomeScreen
FN:13,(anonymous_1)
FN:16,(anonymous_2)
FN:18,(anonymous_3)
FN:20,(anonymous_4)
FN:21,(anonymous_5)
FN:24,(anonymous_6)
FN:27,(anonymous_7)
FN:53,(anonymous_8)
FN:82,(anonymous_9)
FN:91,(anonymous_10)
FNF:11
FNH:9
FNDA:8,ArabicPoetPuzzleHomeScreen
FNDA:4,(anonymous_1)
FNDA:1,(anonymous_2)
FNDA:3,(anonymous_3)
FNDA:0,(anonymous_4)
FNDA:0,(anonymous_5)
FNDA:1,(anonymous_6)
FNDA:4,(anonymous_7)
FNDA:24,(anonymous_8)
FNDA:1,(anonymous_9)
FNDA:24,(anonymous_10)
DA:10,8
DA:11,8
DA:13,8
DA:14,4
DA:16,1
DA:19,3
DA:20,0
DA:21,0
DA:22,3
DA:24,1
DA:27,8
DA:28,4
DA:29,4
DA:31,4
DA:34,8
DA:54,24
DA:55,24
DA:56,24
DA:58,24
DA:83,1
DA:91,24
DA:116,1
LF:22
LH:20
BRDA:9,0,0,0
BRDA:16,1,0,4
BRDA:16,1,1,0
BRDA:19,2,0,3
BRDA:19,2,1,0
BRDA:20,3,0,0
BRDA:20,3,1,0
BRDA:22,4,0,3
BRDA:22,4,1,0
BRDA:55,5,0,24
BRDA:55,5,1,16
BRDA:66,6,0,8
BRDA:66,6,1,16
BRDA:72,7,0,24
BRDA:72,7,1,0
BRDA:74,8,0,0
BRDA:74,8,1,24
BRDA:75,9,0,16
BRDA:75,9,1,8
BRDA:83,10,0,1
BRDA:83,10,1,0
BRDA:94,11,0,8
BRDA:94,11,1,16
BRDA:95,12,0,8
BRDA:95,12,1,16
BRDA:97,13,0,24
BRDA:97,13,1,0
BRDA:97,13,2,0
BRDA:101,14,0,8
BRDA:101,14,1,16
BRDA:102,15,0,0
BRDA:102,15,1,8
BRF:32
BRH:20
end_of_record
TN:
SF:features\games\arabicPoetPuzzle\utils\theme.js
FNF:0
FNH:0
DA:1,1
LF:1
LH:1
BRF:0
BRH:0
end_of_record
TN:
SF:features\games\physicsBridge\components\LevelCard.js
FN:4,LevelCard
FN:18,(anonymous_1)
FNF:2
FNH:2
FNDA:24,LevelCard
FNDA:24,(anonymous_1)
DA:15,24
DA:18,24
DA:44,1
LF:3
LH:3
BRDA:9,0,0,0
BRDA:20,1,0,24
BRDA:20,1,1,16
BRDA:21,2,0,24
BRDA:21,2,1,0
BRDA:21,2,2,0
BRDA:24,3,0,24
BRDA:24,3,1,24
BRDA:26,4,0,24
BRDA:26,4,1,24
BRDA:27,5,0,24
BRDA:27,5,1,24
BRDA:30,6,0,24
BRDA:30,6,1,16
BRDA:31,7,0,8
BRDA:31,7,1,16
BRDA:35,8,0,24
BRDA:35,8,1,24
BRDA:36,9,0,24
BRDA:36,9,1,24
BRDA:37,10,0,0
BRDA:37,10,1,24
BRDA:37,11,0,8
BRDA:37,11,1,16
BRF:24
BRH:20
end_of_record
TN:
SF:features\games\physicsBridge\data\bridgeLevels.js
FN:76,getBridgeLevelById
FN:77,(anonymous_1)
FNF:2
FNH:0
FNDA:0,getBridgeLevelById
FNDA:0,(anonymous_1)
DA:1,1
DA:77,0
LF:2
LH:1
BRDA:77,0,0,0
BRDA:77,0,1,0
BRF:2
BRH:0
end_of_record
TN:
SF:features\games\physicsBridge\screens\PhysicsBridgeLevelSelectScreen.js
FN:28,getLocale
FN:32,getText
FN:36,getLocalizedText
FN:42,PhysicsBridgeLevelSelectScreen
FN:47,(anonymous_4)
FN:49,(anonymous_5)
FN:50,(anonymous_6)
FN:53,(anonymous_7)
FN:59,handleLevelPress
FN:83,(anonymous_9)
FN:99,(anonymous_10)
FNF:11
FNH:11
FNDA:8,getLocale
FNDA:90,getText
FNDA:24,getLocalizedText
FNDA:8,PhysicsBridgeLevelSelectScreen
FNDA:4,(anonymous_4)
FNDA:3,(anonymous_5)
FNDA:1,(anonymous_6)
FNDA:4,(anonymous_7)
FNDA:3,handleLevelPress
FNDA:24,(anonymous_9)
FNDA:3,(anonymous_10)
DA:9,1
DA:29,8
DA:33,90
DA:37,24
DA:38,24
DA:39,24
DA:43,8
DA:44,8
DA:45,8
DA:47,8
DA:48,4
DA:49,3
DA:50,1
DA:53,8
DA:54,4
DA:55,4
DA:56,4
DA:60,3
DA:61,2
DA:62,2
DA:67,1
DA:68,1
DA:69,1
DA:72,0
DA:75,8
DA:84,24
DA:85,24
DA:86,24
DA:88,24
DA:99,3
DA:108,1
LF:31
LH:30
BRDA:29,0,0,0
BRDA:29,0,1,8
BRDA:29,1,0,8
BRDA:29,1,1,0
BRDA:33,2,0,90
BRDA:33,2,1,0
BRDA:33,2,2,0
BRDA:37,3,0,0
BRDA:37,3,1,24
BRDA:38,4,0,0
BRDA:38,4,1,24
BRDA:39,5,0,24
BRDA:39,5,1,0
BRDA:39,5,2,0
BRDA:39,5,3,0
BRDA:42,6,0,0
BRDA:44,7,0,8
BRDA:44,7,1,0
BRDA:60,8,0,2
BRDA:60,8,1,1
BRDA:67,9,0,1
BRDA:67,9,1,0
BRDA:85,10,0,24
BRDA:85,10,1,16
BRDA:95,11,0,24
BRDA:95,11,1,24
BRF:26
BRH:14
end_of_record
TN:
SF:features\games\shared\index.js
FNF:0
FNH:0
LF:0
LH:0
BRF:0
BRH:0
end_of_record
TN:
SF:features\games\shared\components\ChoiceButton.js
FN:4,ChoiceButton
FN:16,(anonymous_1)
FNF:2
FNH:0
FNDA:0,ChoiceButton
FNDA:0,(anonymous_1)
DA:12,0
DA:16,0
DA:44,1
LF:3
LH:1
BRDA:8,0,0,0
BRDA:9,1,0,0
BRDA:10,2,0,0
BRDA:18,3,0,0
BRDA:18,3,1,0
BRDA:19,4,0,0
BRDA:19,4,1,0
BRDA:20,5,0,0
BRDA:20,5,1,0
BRDA:20,5,2,0
BRDA:25,6,0,0
BRDA:25,6,1,0
BRDA:29,7,0,0
BRDA:29,7,1,0
BRDA:31,8,0,0
BRDA:31,8,1,0
BRDA:38,9,0,0
BRDA:38,9,1,0
BRF:18
BRH:0
end_of_record
TN:
SF:features\games\shared\components\ErrorState.js
FN:4,ErrorState
FNF:1
FNH:0
FNDA:0,ErrorState
DA:10,0
DA:24,1
LF:2
LH:1
BRDA:5,0,0,0
BRDA:8,1,0,0
BRDA:13,2,0,0
BRDA:13,2,1,0
BRDA:15,3,0,0
BRDA:15,3,1,0
BRF:6
BRH:0
end_of_record
TN:
SF:features\games\shared\components\GameCard.js
FN:4,GameCard
FNF:1
FNH:1
FNDA:32,GameCard
DA:5,32
DA:8,1
LF:2
LH:2
BRF:0
BRH:0
end_of_record
TN:
SF:features\games\shared\components\GameHeader.js
FN:4,GameHeader
FNF:1
FNH:0
FNDA:0,GameHeader
DA:10,0
DA:32,1
LF:2
LH:1
BRDA:7,0,0,0
BRDA:8,1,0,0
BRDA:17,2,0,0
BRDA:17,2,1,0
BRDA:24,3,0,0
BRDA:24,3,1,0
BRDA:27,4,0,0
BRDA:27,4,1,0
BRF:8
BRH:0
end_of_record
TN:
SF:features\games\shared\components\LoadingState.js
FN:4,LoadingState
FNF:1
FNH:0
FNDA:0,LoadingState
DA:5,0
DA:13,1
LF:2
LH:1
BRDA:4,0,0,0
BRF:1
BRH:0
end_of_record
TN:
SF:features\games\shared\components\ProgressBar.js
FN:4,decodeUnicodeEscapes
FN:7,(anonymous_1)
FN:12,ProgressBar
FNF:3
FNH:0
FNDA:0,decodeUnicodeEscapes
FNDA:0,(anonymous_1)
FNDA:0,ProgressBar
DA:5,0
DA:7,0
DA:8,0
DA:18,0
DA:19,0
DA:21,0
DA:39,1
LF:7
LH:1
BRDA:5,0,0,0
BRDA:5,0,1,0
BRDA:5,1,0,0
BRDA:5,1,1,0
BRDA:13,2,0,0
BRDA:19,3,0,0
BRDA:19,3,1,0
BRDA:25,4,0,0
BRDA:25,4,1,0
BRDA:25,5,0,0
BRDA:25,5,1,0
BRF:11
BRH:0
end_of_record
TN:
SF:features\games\shared\components\SceneImage.js
FN:4,SceneImage
FNF:1
FNH:0
FNDA:0,SceneImage
DA:5,0
DA:6,0
DA:9,0
DA:12,1
LF:4
LH:1
BRDA:4,0,0,0
BRDA:5,1,0,0
BRDA:5,1,1,0
BRF:3
BRH:0
end_of_record
TN:
SF:features\games\shared\components\ScoreChip.js
FN:3,ScoreChip
FNF:1
FNH:0
FNDA:0,ScoreChip
DA:4,0
DA:12,1
LF:2
LH:1
BRF:0
BRH:0
end_of_record
TN:
SF:features\games\shared\components\ScreenContainer.js
FN:7,ScreenContainer
FNF:1
FNH:1
FNDA:8,ScreenContainer
DA:14,8
DA:16,8
DA:35,8
DA:47,1
LF:4
LH:4
BRDA:10,0,0,0
BRDA:12,1,0,8
BRDA:14,2,0,8
BRDA:14,2,1,0
BRDA:16,3,0,8
BRDA:16,3,1,0
BRDA:20,4,0,8
BRDA:20,4,1,8
BRDA:30,5,0,0
BRDA:30,5,1,0
BRDA:39,6,0,8
BRDA:39,6,1,0
BRF:12
BRH:6
end_of_record
TN:
SF:features\games\shared\components\SectionTitle.js
FN:4,SectionTitle
FNF:1
FNH:0
FNDA:0,SectionTitle
DA:5,0
DA:13,1
LF:2
LH:1
BRDA:8,0,0,0
BRDA:8,0,1,0
BRF:2
BRH:0
end_of_record
TN:
SF:features\games\shared\components\TimerPill.js
FN:5,TimerPill
FNF:1
FNH:0
FNDA:0,TimerPill
DA:6,0
DA:13,1
LF:2
LH:1
BRDA:5,0,0,0
BRF:1
BRH:0
end_of_record
TN:
SF:features\games\shared\hooks\useAsyncState.js
FN:3,useAsyncState
FN:8,(anonymous_1)
FNF:2
FNH:0
FNDA:0,useAsyncState
FNDA:0,(anonymous_1)
DA:4,0
DA:5,0
DA:6,0
DA:8,0
DA:9,0
DA:10,0
DA:11,0
DA:12,0
DA:13,0
DA:14,0
DA:16,0
DA:17,0
DA:19,0
DA:23,0
LF:14
LH:0
BRDA:3,0,0,0
BRF:1
BRH:0
end_of_record
TN:
SF:features\games\shared\hooks\useGameLanguage.js
FN:5,useGameLanguage
FN:8,(anonymous_1)
FN:9,(anonymous_2)
FN:11,t
FNF:4
FNH:0
FNDA:0,useGameLanguage
FNDA:0,(anonymous_1)
FNDA:0,(anonymous_2)
FNDA:0,t
DA:6,0
DA:8,0
DA:9,0
DA:12,0
DA:15,0
LF:5
LH:0
BRDA:5,0,0,0
BRF:1
BRH:0
end_of_record
TN:
SF:features\games\shared\hooks\useGameProgress.js
FN:3,useGameProgress
FN:7,(anonymous_1)
FNF:2
FNH:0
FNDA:0,useGameProgress
FNDA:0,(anonymous_1)
DA:4,0
DA:5,0
DA:7,0
DA:8,0
DA:9,0
DA:12,0
LF:6
LH:0
BRDA:4,0,0,0
BRDA:4,0,1,0
BRDA:5,1,0,0
BRDA:5,1,1,0
BRDA:8,2,0,0
BRDA:8,2,1,0
BRDA:14,3,0,0
BRDA:14,3,1,0
BRDA:16,4,0,0
BRDA:16,4,1,0
BRF:10
BRH:0
end_of_record
TN:
SF:features\games\shared\hooks\useGameSession.js
FN:13,isLocalSession
FN:17,isExpectedSessionFallback
FN:25,useGameSession
FN:41,(anonymous_3)
FN:56,(anonymous_4)
FN:119,(anonymous_5)
FN:164,(anonymous_6)
FN:188,(anonymous_7)
FN:189,(anonymous_8)
FN:211,(anonymous_9)
FN:212,(anonymous_10)
FN:213,(anonymous_11)
FN:287,(anonymous_12)
FN:309,(anonymous_13)
FNF:14
FNH:0
FNDA:0,isLocalSession
FNDA:0,isExpectedSessionFallback
FNDA:0,useGameSession
FNDA:0,(anonymous_3)
FNDA:0,(anonymous_4)
FNDA:0,(anonymous_5)
FNDA:0,(anonymous_6)
FNDA:0,(anonymous_7)
FNDA:0,(anonymous_8)
FNDA:0,(anonymous_9)
FNDA:0,(anonymous_10)
FNDA:0,(anonymous_11)
FNDA:0,(anonymous_12)
FNDA:0,(anonymous_13)
DA:14,0
DA:18,0
DA:19,0
DA:26,0
DA:27,0
DA:28,0
DA:29,0
DA:30,0
DA:31,0
DA:32,0
DA:33,0
DA:34,0
DA:35,0
DA:36,0
DA:37,0
DA:38,0
DA:39,0
DA:41,0
DA:42,0
DA:43,0
DA:44,0
DA:45,0
DA:46,0
DA:47,0
DA:48,0
DA:49,0
DA:50,0
DA:51,0
DA:52,0
DA:53,0
DA:56,0
DA:63,0
DA:64,0
DA:67,0
DA:68,0
DA:69,0
DA:70,0
DA:73,0
DA:74,0
DA:82,0
DA:83,0
DA:85,0
DA:86,0
DA:99,0
DA:100,0
DA:101,0
DA:102,0
DA:103,0
DA:104,0
DA:105,0
DA:106,0
DA:107,0
DA:109,0
DA:111,0
DA:112,0
DA:114,0
DA:115,0
DA:119,0
DA:129,0
DA:130,0
DA:133,0
DA:134,0
DA:135,0
DA:137,0
DA:146,0
DA:147,0
DA:149,0
DA:150,0
DA:152,0
DA:153,0
DA:154,0
DA:155,0
DA:156,0
DA:157,0
DA:161,0
DA:164,0
DA:172,0
DA:173,0
DA:176,0
DA:177,0
DA:187,0
DA:188,0
DA:189,0
DA:190,0
DA:191,0
DA:192,0
DA:194,0
DA:195,0
DA:196,0
DA:198,0
DA:200,0
DA:204,0
DA:206,0
DA:208,0
DA:211,0
DA:212,0
DA:213,0
DA:217,0
DA:218,0
DA:224,0
DA:232,0
DA:236,0
DA:240,0
DA:252,0
DA:267,0
DA:269,0
DA:280,0
DA:281,0
DA:283,0
DA:287,0
DA:288,0
DA:289,0
DA:292,0
DA:305,0
DA:306,0
DA:309,0
DA:310,0
DA:311,0
DA:320,0
LF:119
LH:0
BRDA:14,0,0,0
BRDA:14,0,1,0
BRDA:18,1,0,0
BRDA:18,1,1,0
BRDA:18,1,2,0
BRDA:20,2,0,0
BRDA:20,2,1,0
BRDA:63,3,0,0
BRDA:63,3,1,0
BRDA:82,4,0,0
BRDA:82,4,1,0
BRDA:85,5,0,0
BRDA:85,5,1,0
BRDA:87,6,0,0
BRDA:87,6,1,0
BRDA:87,7,0,0
BRDA:87,7,1,0
BRDA:122,8,0,0
BRDA:124,9,0,0
BRDA:125,10,0,0
BRDA:126,11,0,0
BRDA:127,12,0,0
BRDA:129,13,0,0
BRDA:129,13,1,0
BRDA:146,14,0,0
BRDA:146,14,1,0
BRDA:152,15,0,0
BRDA:152,15,1,0
BRDA:155,16,0,0
BRDA:155,16,1,0
BRDA:164,17,0,0
BRDA:166,18,0,0
BRDA:167,19,0,0
BRDA:168,20,0,0
BRDA:169,21,0,0
BRDA:170,22,0,0
BRDA:172,23,0,0
BRDA:172,23,1,0
BRDA:176,24,0,0
BRDA:176,24,1,0
BRDA:178,25,0,0
BRDA:178,25,1,0
BRDA:187,26,0,0
BRDA:187,26,1,0
BRDA:190,27,0,0
BRDA:190,27,1,0
BRDA:194,28,0,0
BRDA:194,28,1,0
BRDA:208,29,0,0
BRDA:208,29,1,0
BRDA:233,30,0,0
BRDA:233,30,1,0
BRDA:236,31,0,0
BRDA:236,31,1,0
BRDA:238,32,0,0
BRDA:238,32,1,0
BRDA:238,32,2,0
BRDA:252,33,0,0
BRDA:252,33,1,0
BRDA:287,34,0,0
BRDA:288,35,0,0
BRDA:288,35,1,0
BRDA:292,36,0,0
BRDA:292,36,1,0
BRF:64
BRH:0
end_of_record
TN:
SF:features\games\shared\hooks\useGameTimer.js
FN:3,useGameTimer
FN:8,(anonymous_1)
FN:11,(anonymous_2)
FN:12,(anonymous_3)
FN:15,(anonymous_4)
FN:20,(anonymous_5)
FN:21,(anonymous_6)
FN:22,(anonymous_7)
FN:23,(anonymous_8)
FNF:9
FNH:0
FNDA:0,useGameTimer
FNDA:0,(anonymous_1)
FNDA:0,(anonymous_2)
FNDA:0,(anonymous_3)
FNDA:0,(anonymous_4)
FNDA:0,(anonymous_5)
FNDA:0,(anonymous_6)
FNDA:0,(anonymous_7)
FNDA:0,(anonymous_8)
DA:4,0
DA:5,0
DA:6,0
DA:8,0
DA:9,0
DA:11,0
DA:12,0
DA:15,0
DA:16,0
DA:20,0
DA:21,0
DA:22,0
DA:23,0
DA:24,0
DA:25,0
DA:28,0
LF:16
LH:0
BRDA:3,0,0,0
BRDA:3,1,0,0
BRDA:9,2,0,0
BRDA:9,2,1,0
BRDA:16,3,0,0
BRDA:16,3,1,0
BRF:6
BRH:0
end_of_record
TN:
SF:features\games\shared\hooks\useSceneNavigator.js
FN:5,useSceneNavigator
FN:9,(anonymous_1)
FN:15,goNext
FN:17,(anonymous_3)
FN:21,goPrevious
FN:23,(anonymous_5)
FN:27,goToSceneById
FN:28,(anonymous_7)
FN:34,reset
FNF:9
FNH:0
FNDA:0,useSceneNavigator
FNDA:0,(anonymous_1)
FNDA:0,goNext
FNDA:0,(anonymous_3)
FNDA:0,goPrevious
FNDA:0,(anonymous_5)
FNDA:0,goToSceneById
FNDA:0,(anonymous_7)
FNDA:0,reset
DA:6,0
DA:8,0
DA:9,0
DA:11,0
DA:12,0
DA:13,0
DA:16,0
DA:17,0
DA:22,0
DA:23,0
DA:28,0
DA:29,0
DA:30,0
DA:35,0
DA:38,0
LF:15
LH:0
BRDA:5,0,0,0
BRDA:11,1,0,0
BRDA:11,1,1,0
BRDA:16,2,0,0
BRDA:16,2,1,0
BRDA:22,3,0,0
BRDA:22,3,1,0
BRDA:29,4,0,0
BRDA:29,4,1,0
BRF:9
BRH:0
end_of_record
TN:
SF:features\games\shared\services\gameActionLogService.js
FN:5,createGameActionLog
FN:20,createManyGameActionLogs
FN:36,getSessionActionLogs
FNF:3
FNH:0
FNDA:0,createGameActionLog
FNDA:0,createManyGameActionLogs
FNDA:0,getSessionActionLogs
DA:6,0
DA:8,0
DA:10,0
DA:16,0
DA:17,0
DA:21,0
DA:22,0
DA:25,0
DA:27,0
DA:32,0
DA:33,0
DA:37,0
DA:38,0
DA:41,0
DA:47,0
DA:48,0
LF:16
LH:0
BRDA:16,0,0,0
BRDA:16,0,1,0
BRDA:20,1,0,0
BRDA:21,2,0,0
BRDA:21,2,1,0
BRDA:21,3,0,0
BRDA:21,3,1,0
BRDA:32,4,0,0
BRDA:32,4,1,0
BRDA:33,5,0,0
BRDA:33,5,1,0
BRDA:37,6,0,0
BRDA:37,6,1,0
BRDA:47,7,0,0
BRDA:47,7,1,0
BRDA:48,8,0,0
BRDA:48,8,1,0
BRF:17
BRH:0
end_of_record
TN:
SF:features\games\shared\services\gameCatalogService.js
FN:4,isMissingSchema
FN:9,mergeCatalogVisibility
FN:10,(anonymous_2)
FN:12,(anonymous_3)
FN:24,(anonymous_4)
FN:27,getAllGames
FN:38,getVisibleGameHubItems
FN:60,getGameById
FNF:8
FNH:0
FNDA:0,isMissingSchema
FNDA:0,mergeCatalogVisibility
FNDA:0,(anonymous_2)
FNDA:0,(anonymous_3)
FNDA:0,(anonymous_4)
FNDA:0,getAllGames
FNDA:0,getVisibleGameHubItems
FNDA:0,getGameById
DA:5,0
DA:6,0
DA:10,0
DA:11,0
DA:13,0
DA:14,0
DA:15,0
DA:24,0
DA:28,0
DA:34,0
DA:35,0
DA:39,0
DA:41,0
DA:42,0
DA:47,0
DA:48,0
DA:49,0
DA:52,0
DA:53,0
DA:55,0
DA:56,0
DA:61,0
DA:62,0
DA:65,0
DA:71,0
DA:72,0
LF:26
LH:0
BRDA:5,0,0,0
BRDA:5,0,1,0
BRDA:6,1,0,0
BRDA:6,1,1,0
BRDA:6,1,2,0
BRDA:9,2,0,0
BRDA:14,3,0,0
BRDA:14,3,1,0
BRDA:14,4,0,0
BRDA:14,4,1,0
BRDA:15,5,0,0
BRDA:15,5,1,0
BRDA:20,6,0,0
BRDA:20,6,1,0
BRDA:24,7,0,0
BRDA:24,7,1,0
BRDA:34,8,0,0
BRDA:34,8,1,0
BRDA:35,9,0,0
BRDA:35,9,1,0
BRDA:47,10,0,0
BRDA:47,10,1,0
BRDA:48,11,0,0
BRDA:48,11,1,0
BRDA:52,12,0,0
BRDA:52,12,1,0
BRDA:55,13,0,0
BRDA:55,13,1,0
BRDA:61,14,0,0
BRDA:61,14,1,0
BRDA:71,15,0,0
BRDA:71,15,1,0
BRF:32
BRH:0
end_of_record
TN:
SF:features\games\shared\services\gameLevelService.js
FN:3,getLevelsByGameId
FN:19,getLevelById
FNF:2
FNH:0
FNDA:0,getLevelsByGameId
FNDA:0,getLevelById
DA:4,0
DA:5,0
DA:8,0
DA:15,0
DA:16,0
DA:20,0
DA:21,0
DA:24,0
DA:30,0
DA:31,0
LF:10
LH:0
BRDA:4,0,0,0
BRDA:4,0,1,0
BRDA:15,1,0,0
BRDA:15,1,1,0
BRDA:16,2,0,0
BRDA:16,2,1,0
BRDA:20,3,0,0
BRDA:20,3,1,0
BRDA:30,4,0,0
BRDA:30,4,1,0
BRF:10
BRH:0
end_of_record
TN:
SF:features\games\shared\services\gameSessionService.js
FN:121,(anonymous_0)
FN:141,ensureGameCatalogRows
FN:162,findExistingInProgressSession
FN:178,createGameSession
FN:220,updateGameSession
FN:239,(anonymous_5)
FN:242,(anonymous_6)
FN:250,getGameSessionById
FN:265,getStudentGameSessions
FNF:9
FNH:1
FNDA:20,(anonymous_0)
FNDA:0,ensureGameCatalogRows
FNDA:0,findExistingInProgressSession
FNDA:0,createGameSession
FNDA:0,updateGameSession
FNDA:0,(anonymous_5)
FNDA:0,(anonymous_6)
FNDA:0,getGameSessionById
FNDA:0,getStudentGameSessions
DA:7,1
DA:9,1
DA:122,20
DA:123,20
DA:124,20
DA:142,0
DA:143,0
DA:144,0
DA:146,0
DA:149,0
DA:150,0
DA:151,0
DA:154,0
DA:157,0
DA:158,0
DA:163,0
DA:174,0
DA:175,0
DA:179,0
DA:181,0
DA:183,0
DA:185,0
DA:191,0
DA:192,0
DA:195,0
DA:196,0
DA:197,0
DA:200,0
DA:205,0
DA:207,0
DA:208,0
DA:210,0
DA:214,0
DA:217,0
DA:221,0
DA:222,0
DA:225,0
DA:227,0
DA:234,0
DA:236,0
DA:237,0
DA:238,0
DA:240,0
DA:243,0
DA:247,0
DA:251,0
DA:252,0
DA:255,0
DA:261,0
DA:262,0
DA:266,0
DA:267,0
DA:270,0
DA:276,0
DA:277,0
DA:280,0
DA:282,0
DA:283,0
LF:58
LH:5
BRDA:131,0,0,3
BRDA:131,0,1,17
BRDA:131,1,0,7
BRDA:131,1,1,10
BRDA:131,2,0,5
BRDA:131,2,1,5
BRDA:144,3,0,0
BRDA:144,3,1,0
BRDA:144,4,0,0
BRDA:144,4,1,0
BRDA:149,5,0,0
BRDA:149,5,1,0
BRDA:157,6,0,0
BRDA:157,6,1,0
BRDA:174,7,0,0
BRDA:174,7,1,0
BRDA:175,8,0,0
BRDA:175,8,1,0
BRDA:191,9,0,0
BRDA:191,9,1,0
BRDA:193,10,0,0
BRDA:193,10,1,0
BRDA:193,11,0,0
BRDA:193,11,1,0
BRDA:200,12,0,0
BRDA:200,12,1,0
BRDA:200,12,2,0
BRDA:200,12,3,0
BRDA:202,13,0,0
BRDA:202,13,1,0
BRDA:203,14,0,0
BRDA:203,14,1,0
BRDA:205,15,0,0
BRDA:205,15,1,0
BRDA:208,16,0,0
BRDA:208,16,1,0
BRDA:221,17,0,0
BRDA:221,17,1,0
BRDA:234,18,0,0
BRDA:234,18,1,0
BRDA:236,19,0,0
BRDA:236,19,1,0
BRDA:236,20,0,0
BRDA:236,20,1,0
BRDA:243,21,0,0
BRDA:243,21,1,0
BRDA:251,22,0,0
BRDA:251,22,1,0
BRDA:261,23,0,0
BRDA:261,23,1,0
BRDA:265,24,0,0
BRDA:266,25,0,0
BRDA:266,25,1,0
BRDA:276,26,0,0
BRDA:276,26,1,0
BRDA:282,27,0,0
BRDA:282,27,1,0
BRDA:283,28,0,0
BRDA:283,28,1,0
BRF:59
BRH:6
end_of_record
TN:
SF:features\games\shared\types\gameSchemas.js
FN:54,createLocalizedText
FN:58,createGameChoice
FN:78,createGameScene
FN:96,createGameLevel
FN:116,createSubjectScoreMap
FNF:5
FNH:0
FNDA:0,createLocalizedText
FNDA:0,createGameChoice
FNDA:0,createGameScene
FNDA:0,createGameLevel
FNDA:0,createSubjectScoreMap
DA:1,2
DA:7,2
DA:12,2
DA:18,2
DA:31,2
DA:37,2
DA:52,2
DA:55,0
DA:67,0
DA:86,0
DA:105,0
DA:117,0
LF:12
LH:7
BRDA:54,0,0,0
BRDA:54,1,0,0
BRDA:54,2,0,0
BRDA:54,3,0,0
BRDA:61,4,0,0
BRDA:62,5,0,0
BRDA:63,6,0,0
BRDA:64,7,0,0
BRDA:65,8,0,0
BRDA:82,9,0,0
BRDA:83,10,0,0
BRDA:84,11,0,0
BRDA:100,12,0,0
BRDA:101,13,0,0
BRDA:102,14,0,0
BRDA:103,15,0,0
BRF:16
BRH:0
end_of_record
TN:
SF:features\games\shared\utils\gameAnalytics.js
FN:3,clamp
FN:7,average
FN:8,(anonymous_2)
FN:10,(anonymous_3)
FN:13,scoreDecisionPacing
FN:21,buildBehaviorSignals
FN:29,(anonymous_6)
FN:30,(anonymous_7)
FN:32,(anonymous_8)
FN:40,(anonymous_9)
FN:70,buildSessionAnalytics
FN:104,estimateEngagementScore
FNF:12
FNH:0
FNDA:0,clamp
FNDA:0,average
FNDA:0,(anonymous_2)
FNDA:0,(anonymous_3)
FNDA:0,scoreDecisionPacing
FNDA:0,buildBehaviorSignals
FNDA:0,(anonymous_6)
FNDA:0,(anonymous_7)
FNDA:0,(anonymous_8)
FNDA:0,(anonymous_9)
FNDA:0,buildSessionAnalytics
FNDA:0,estimateEngagementScore
DA:4,0
DA:8,0
DA:9,0
DA:10,0
DA:14,0
DA:15,0
DA:16,0
DA:17,0
DA:18,0
DA:28,0
DA:29,0
DA:30,0
DA:31,0
DA:32,0
DA:33,0
DA:34,0
DA:35,0
DA:36,0
DA:37,0
DA:38,0
DA:40,0
DA:43,0
DA:44,0
DA:46,0
DA:49,0
DA:52,0
DA:56,0
DA:78,0
DA:79,0
DA:86,0
DA:87,0
DA:90,0
DA:91,0
DA:93,0
DA:109,0
DA:110,0
DA:112,0
DA:113,0
DA:114,0
DA:115,0
DA:116,0
DA:119,0
LF:42
LH:0
BRDA:3,0,0,0
BRDA:3,1,0,0
BRDA:4,2,0,0
BRDA:4,2,1,0
BRDA:7,3,0,0
BRDA:9,4,0,0
BRDA:9,4,1,0
BRDA:13,5,0,0
BRDA:14,6,0,0
BRDA:14,6,1,0
BRDA:15,7,0,0
BRDA:15,7,1,0
BRDA:15,8,0,0
BRDA:15,8,1,0
BRDA:16,9,0,0
BRDA:16,9,1,0
BRDA:17,10,0,0
BRDA:17,10,1,0
BRDA:22,11,0,0
BRDA:23,12,0,0
BRDA:24,13,0,0
BRDA:25,14,0,0
BRDA:26,15,0,0
BRDA:30,16,0,0
BRDA:30,16,1,0
BRDA:34,17,0,0
BRDA:34,17,1,0
BRDA:44,18,0,0
BRDA:44,18,1,0
BRDA:71,19,0,0
BRDA:72,20,0,0
BRDA:73,21,0,0
BRDA:74,22,0,0
BRDA:75,23,0,0
BRDA:76,24,0,0
BRDA:105,25,0,0
BRDA:106,26,0,0
BRDA:107,27,0,0
BRDA:113,28,0,0
BRDA:113,28,1,0
BRDA:113,29,0,0
BRDA:113,29,1,0
BRDA:115,30,0,0
BRDA:115,30,1,0
BRF:44
BRH:0
end_of_record
TN:
SF:features\games\shared\utils\gameConstants.js
FNF:0
FNH:0
DA:3,2
DA:5,2
DA:7,2
DA:9,2
DA:14,2
DA:20,2
DA:24,2
DA:31,2
DA:38,2
DA:44,2
LF:10
LH:10
BRF:0
BRH:0
end_of_record
TN:
SF:features\games\shared\utils\gameHelpers.js
FN:1,formatDuration
FN:8,byId
FN:9,(anonymous_2)
FN:12,getNextScene
FN:18,safeArray
FN:22,average
FN:23,(anonymous_6)
FN:25,(anonymous_7)
FNF:8
FNH:0
FNDA:0,formatDuration
FNDA:0,byId
FNDA:0,(anonymous_2)
FNDA:0,getNextScene
FNDA:0,safeArray
FNDA:0,average
FNDA:0,(anonymous_6)
FNDA:0,(anonymous_7)
DA:2,0
DA:3,0
DA:4,0
DA:5,0
DA:9,0
DA:13,0
DA:14,0
DA:15,0
DA:19,0
DA:23,0
DA:24,0
DA:25,0
LF:12
LH:0
BRDA:1,0,0,0
BRDA:2,1,0,0
BRDA:2,1,1,0
BRDA:8,2,0,0
BRDA:9,3,0,0
BRDA:9,3,1,0
BRDA:13,4,0,0
BRDA:13,4,1,0
BRDA:14,5,0,0
BRDA:14,5,1,0
BRDA:15,6,0,0
BRDA:15,6,1,0
BRDA:15,7,0,0
BRDA:15,7,1,0
BRDA:19,8,0,0
BRDA:19,8,1,0
BRDA:22,9,0,0
BRDA:23,10,0,0
BRDA:23,10,1,0
BRDA:24,11,0,0
BRDA:24,11,1,0
BRF:21
BRH:0
end_of_record
TN:
SF:features\games\shared\utils\gameLanguage.js
FN:4,isSupportedLanguage
FN:8,resolveLanguage
FN:12,getLocalizedText
FN:22,isRTL
FN:26,getDirection
FN:30,getTextAlign
FN:34,getFlexDirection
FN:38,localizeArray
FN:38,(anonymous_8)
FN:39,(anonymous_9)
FNF:10
FNH:0
FNDA:0,isSupportedLanguage
FNDA:0,resolveLanguage
FNDA:0,getLocalizedText
FNDA:0,isRTL
FNDA:0,getDirection
FNDA:0,getTextAlign
FNDA:0,getFlexDirection
FNDA:0,localizeArray
FNDA:0,(anonymous_8)
FNDA:0,(anonymous_9)
DA:5,0
DA:9,0
DA:13,0
DA:15,0
DA:17,0
DA:19,0
DA:23,0
DA:27,0
DA:31,0
DA:35,0
DA:38,0
DA:39,0
LF:12
LH:0
BRDA:9,0,0,0
BRDA:9,0,1,0
BRDA:12,1,0,0
BRDA:13,2,0,0
BRDA:13,2,1,0
BRDA:15,3,0,0
BRDA:15,3,1,0
BRDA:19,4,0,0
BRDA:19,4,1,0
BRDA:19,4,2,0
BRDA:19,4,3,0
BRDA:19,4,4,0
BRDA:23,5,0,0
BRDA:23,5,1,0
BRDA:27,6,0,0
BRDA:27,6,1,0
BRDA:31,7,0,0
BRDA:31,7,1,0
BRDA:35,8,0,0
BRDA:35,8,1,0
BRDA:38,9,0,0
BRDA:38,10,0,0
BRDA:38,11,0,0
BRF:23
BRH:0
end_of_record
TN:
SF:features\games\shared\utils\gameLearningProfile.js
FN:1,safeNum
FN:6,clamp
FN:10,normalizeLanguage
FN:17,localizeGameText
FN:175,getGameLearningProfile
FN:179,buildGameTopicSignals
FN:183,(anonymous_6)
FN:185,(anonymous_7)
FN:200,buildGameLearningHighlight
FN:244,buildGameLearningSummary
FN:245,(anonymous_10)
FN:250,(anonymous_11)
FN:259,(anonymous_12)
FN:260,(anonymous_13)
FN:261,(anonymous_14)
FN:264,(anonymous_15)
FN:265,(anonymous_16)
FN:277,(anonymous_17)
FN:282,(anonymous_18)
FN:297,(anonymous_19)
FN:305,getGameSkillBoosts
FNF:21
FNH:0
FNDA:0,safeNum
FNDA:0,clamp
FNDA:0,normalizeLanguage
FNDA:0,localizeGameText
FNDA:0,getGameLearningProfile
FNDA:0,buildGameTopicSignals
FNDA:0,(anonymous_6)
FNDA:0,(anonymous_7)
FNDA:0,buildGameLearningHighlight
FNDA:0,buildGameLearningSummary
FNDA:0,(anonymous_10)
FNDA:0,(anonymous_11)
FNDA:0,(anonymous_12)
FNDA:0,(anonymous_13)
FNDA:0,(anonymous_14)
FNDA:0,(anonymous_15)
FNDA:0,(anonymous_16)
FNDA:0,(anonymous_17)
FNDA:0,(anonymous_18)
FNDA:0,(anonymous_19)
FNDA:0,getGameSkillBoosts
DA:2,0
DA:3,0
DA:7,0
DA:11,0
DA:12,0
DA:13,0
DA:14,0
DA:18,0
DA:19,0
DA:22,1
DA:176,0
DA:180,0
DA:181,0
DA:182,0
DA:183,0
DA:185,0
DA:186,0
DA:187,0
DA:188,0
DA:192,0
DA:201,0
DA:202,0
DA:204,0
DA:212,0
DA:215,0
DA:216,0
DA:217,0
DA:225,0
DA:245,0
DA:246,0
DA:248,0
DA:249,0
DA:250,0
DA:251,0
DA:252,0
DA:254,0
DA:257,0
DA:259,0
DA:260,0
DA:261,0
DA:262,0
DA:264,0
DA:265,0
DA:266,0
DA:267,0
DA:276,0
DA:277,0
DA:282,0
DA:284,0
DA:297,0
DA:306,0
LF:51
LH:1
BRDA:1,0,0,0
BRDA:3,1,0,0
BRDA:3,1,1,0
BRDA:6,2,0,0
BRDA:6,3,0,0
BRDA:11,4,0,0
BRDA:11,4,1,0
BRDA:12,5,0,0
BRDA:12,5,1,0
BRDA:13,6,0,0
BRDA:13,6,1,0
BRDA:19,7,0,0
BRDA:19,7,1,0
BRDA:19,7,2,0
BRDA:19,7,3,0
BRDA:19,7,4,0
BRDA:176,8,0,0
BRDA:176,8,1,0
BRDA:179,9,0,0
BRDA:179,10,0,0
BRDA:179,11,0,0
BRDA:182,12,0,0
BRDA:182,12,1,0
BRDA:185,13,0,0
BRDA:185,13,1,0
BRDA:186,14,0,0
BRDA:186,15,0,0
BRDA:186,15,1,0
BRDA:186,15,2,0
BRDA:202,16,0,0
BRDA:202,16,1,0
BRDA:244,17,0,0
BRDA:246,18,0,0
BRDA:246,18,1,0
BRDA:251,19,0,0
BRDA:251,19,1,0
BRDA:252,20,0,0
BRDA:252,20,1,0
BRDA:254,21,0,0
BRDA:254,21,1,0
BRDA:254,22,0,0
BRDA:254,22,1,0
BRDA:254,22,2,0
BRDA:265,23,0,0
BRDA:265,23,1,0
BRDA:266,24,0,0
BRDA:266,24,1,0
BRDA:296,25,0,0
BRDA:296,25,1,0
BRDA:297,26,0,0
BRDA:297,26,1,0
BRDA:306,27,0,0
BRDA:306,27,1,0
BRF:53
BRH:0
end_of_record
TN:
SF:features\games\shared\utils\gameMapping.js
FN:3,mapChoiceToActionLog
FN:21,mapSessionStart
FN:38,mapSessionCompletion
FNF:3
FNH:0
FNDA:0,mapChoiceToActionLog
FNDA:0,mapSessionStart
FNDA:0,mapSessionCompletion
DA:11,0
DA:28,0
DA:48,0
DA:57,0
DA:58,0
DA:60,0
LF:6
LH:0
BRDA:7,0,0,0
BRDA:8,1,0,0
BRDA:9,2,0,0
BRDA:41,3,0,0
BRDA:42,4,0,0
BRDA:43,5,0,0
BRDA:44,6,0,0
BRDA:45,7,0,0
BRDA:46,8,0,0
BRDA:57,9,0,0
BRDA:57,9,1,0
BRDA:58,10,0,0
BRDA:58,10,1,0
BRF:13
BRH:0
end_of_record
TN:
SF:features\games\shared\utils\gameScoring.js
FN:3,createEmptyScores
FN:7,applySubjectWeights
FN:10,(anonymous_2)
FN:18,mergeScoreMaps
FN:19,(anonymous_4)
FN:22,sumScores
FN:23,(anonymous_6)
FN:26,normalizeScores
FN:34,(anonymous_8)
FN:38,clampScore
FN:42,getTopSubjects
FN:44,(anonymous_11)
FN:46,(anonymous_12)
FN:49,getInterestSignal
FN:55,(anonymous_14)
FN:58,getDominantSubject
FN:63,calculateAccuracy
FN:68,scoreSwipeDirection
FNF:18
FNH:0
FNDA:0,createEmptyScores
FNDA:0,applySubjectWeights
FNDA:0,(anonymous_2)
FNDA:0,mergeScoreMaps
FNDA:0,(anonymous_4)
FNDA:0,sumScores
FNDA:0,(anonymous_6)
FNDA:0,normalizeScores
FNDA:0,(anonymous_8)
FNDA:0,clampScore
FNDA:0,getTopSubjects
FNDA:0,(anonymous_11)
FNDA:0,(anonymous_12)
FNDA:0,getInterestSignal
FNDA:0,(anonymous_14)
FNDA:0,getDominantSubject
FNDA:0,calculateAccuracy
FNDA:0,scoreSwipeDirection
DA:4,0
DA:8,0
DA:10,0
DA:11,0
DA:12,0
DA:15,0
DA:19,0
DA:23,0
DA:27,0
DA:29,0
DA:30,0
DA:33,0
DA:34,0
DA:39,0
DA:43,0
DA:44,0
DA:46,0
DA:50,0
DA:51,0
DA:53,0
DA:55,0
DA:59,0
DA:60,0
DA:64,0
DA:65,0
DA:69,0
LF:26
LH:0
BRDA:7,0,0,0
BRDA:11,1,0,0
BRDA:11,1,1,0
BRDA:12,2,0,0
BRDA:12,2,1,0
BRDA:23,3,0,0
BRDA:23,3,1,0
BRDA:23,4,0,0
BRDA:23,4,1,0
BRDA:27,5,0,0
BRDA:27,5,1,0
BRDA:29,6,0,0
BRDA:29,6,1,0
BRDA:30,7,0,0
BRDA:30,7,1,0
BRDA:38,8,0,0
BRDA:38,9,0,0
BRDA:39,10,0,0
BRDA:39,10,1,0
BRDA:42,11,0,0
BRDA:43,12,0,0
BRDA:43,12,1,0
BRDA:44,13,0,0
BRDA:44,13,1,0
BRDA:44,14,0,0
BRDA:44,14,1,0
BRDA:46,15,0,0
BRDA:46,15,1,0
BRDA:53,16,0,0
BRDA:53,16,1,0
BRDA:60,17,0,0
BRDA:60,17,1,0
BRDA:63,18,0,0
BRDA:63,19,0,0
BRDA:64,20,0,0
BRDA:64,20,1,0
BRDA:68,21,0,0
BRDA:69,22,0,0
BRDA:69,22,1,0
BRF:39
BRH:0
end_of_record
TN:
SF:features\games\shared\utils\gameSessionPayloads.js
FN:1,buildCreateSessionPayload
FN:18,buildUpdateSessionPayload
FN:44,buildActionLogPayload
FNF:3
FNH:0
FNDA:0,buildCreateSessionPayload
FNDA:0,buildUpdateSessionPayload
FNDA:0,buildActionLogPayload
DA:8,0
DA:29,0
DA:31,0
DA:32,0
DA:33,0
DA:34,0
DA:35,0
DA:36,0
DA:37,0
DA:38,0
DA:39,0
DA:41,0
DA:52,0
LF:13
LH:0
BRDA:31,0,0,0
BRDA:31,0,1,0
BRDA:32,1,0,0
BRDA:32,1,1,0
BRDA:33,2,0,0
BRDA:33,2,1,0
BRDA:34,3,0,0
BRDA:34,3,1,0
BRDA:35,4,0,0
BRDA:35,4,1,0
BRDA:36,5,0,0
BRDA:36,5,1,0
BRDA:37,6,0,0
BRDA:37,6,1,0
BRDA:38,7,0,0
BRDA:38,7,1,0
BRDA:39,8,0,0
BRDA:39,8,1,0
BRDA:39,9,0,0
BRDA:39,9,1,0
BRDA:54,10,0,0
BRDA:54,10,1,0
BRDA:55,11,0,0
BRDA:55,11,1,0
BRDA:57,12,0,0
BRDA:57,12,1,0
BRDA:58,13,0,0
BRDA:58,13,1,0
BRF:28
BRH:0
end_of_record
TN:
SF:features\games\shared\utils\gameValidation.js
FN:3,validateGameSessionInput
FN:14,validateActionLogInput
FN:19,validateScene
FN:26,validateChoice
FN:31,validateSceneList
FNF:5
FNH:0
FNDA:0,validateGameSessionInput
FNDA:0,validateActionLogInput
FNDA:0,validateScene
FNDA:0,validateChoice
FNDA:0,validateSceneList
DA:4,0
DA:5,0
DA:6,0
DA:7,0
DA:9,0
DA:10,0
DA:15,0
DA:16,0
DA:20,0
DA:21,0
DA:22,0
DA:23,0
DA:27,0
DA:28,0
DA:32,0
DA:33,0
LF:16
LH:0
BRDA:4,0,0,0
BRDA:4,0,1,0
BRDA:5,1,0,0
BRDA:5,1,1,0
BRDA:6,2,0,0
BRDA:6,2,1,0
BRDA:7,3,0,0
BRDA:7,3,1,0
BRDA:9,4,0,0
BRDA:9,4,1,0
BRDA:15,5,0,0
BRDA:15,5,1,0
BRDA:16,6,0,0
BRDA:16,6,1,0
BRDA:20,7,0,0
BRDA:20,7,1,0
BRDA:21,8,0,0
BRDA:21,8,1,0
BRDA:22,9,0,0
BRDA:22,9,1,0
BRDA:23,10,0,0
BRDA:23,10,1,0
BRDA:27,11,0,0
BRDA:27,11,1,0
BRDA:28,12,0,0
BRDA:28,12,1,0
BRDA:31,13,0,0
BRDA:32,14,0,0
BRDA:32,14,1,0
BRF:29
BRH:0
end_of_record
TN:
SF:navigation\floatingNavConfig.js
FN:61,getFloatingNavConfig
FN:71,getDefaultBackScreen
FNF:2
FNH:0
FNDA:0,getFloatingNavConfig
FNDA:0,getDefaultBackScreen
DA:3,1
DA:25,1
DA:44,1
DA:59,1
DA:62,0
DA:63,0
DA:65,0
DA:66,0
DA:68,0
DA:72,0
DA:76,1
LF:11
LH:5
BRDA:62,0,0,0
BRDA:62,0,1,0
BRDA:65,1,0,0
BRDA:65,1,1,0
BRF:4
BRH:0
end_of_record
TN:
SF:navigation\navigationHistory.js
FN:20,normalizeRouteParams
FN:31,cloneRouteEntry
FN:42,areSameRoute
FN:67,pushBackStack
FNF:4
FNH:3
FNDA:0,normalizeRouteParams
FNDA:22,cloneRouteEntry
FNDA:37,areSameRoute
FNDA:22,pushBackStack
DA:2,1
DA:21,0
DA:22,0
DA:23,0
DA:24,0
DA:26,0
DA:28,0
DA:32,22
DA:33,22
DA:43,37
DA:44,37
DA:46,4
DA:47,4
DA:49,4
DA:50,46
DA:51,46
DA:52,46
DA:53,46
DA:54,46
DA:55,1
DA:56,1
DA:61,3
DA:68,22
DA:69,22
DA:71,22
DA:72,22
DA:73,1
DA:76,21
LF:28
LH:22
BRDA:20,0,0,0
BRDA:20,1,0,0
BRDA:22,2,0,0
BRDA:22,2,1,0
BRDA:22,3,0,0
BRDA:22,3,1,0
BRDA:23,4,0,0
BRDA:23,4,1,0
BRDA:26,5,0,0
BRDA:26,5,1,0
BRDA:32,6,0,0
BRDA:32,6,1,22
BRDA:35,7,0,22
BRDA:35,7,1,0
BRDA:43,8,0,0
BRDA:43,8,1,37
BRDA:43,9,0,37
BRDA:43,9,1,37
BRDA:44,10,0,33
BRDA:44,10,1,4
BRDA:46,11,0,4
BRDA:46,11,1,0
BRDA:47,12,0,4
BRDA:47,12,1,0
BRDA:52,13,0,46
BRDA:52,13,1,1
BRDA:52,13,2,1
BRDA:53,14,0,46
BRDA:53,14,1,1
BRDA:53,14,2,1
BRDA:54,15,0,1
BRDA:54,15,1,45
BRDA:54,16,0,46
BRDA:54,16,1,45
BRDA:55,17,0,1
BRDA:55,17,1,0
BRDA:55,18,0,1
BRDA:55,18,1,0
BRDA:55,19,0,1
BRDA:55,19,1,0
BRDA:69,20,0,0
BRDA:69,20,1,22
BRDA:72,21,0,1
BRDA:72,21,1,21
BRDA:72,22,0,22
BRDA:72,22,1,15
BRF:46
BRH:27
end_of_record
TN:
SF:screens\About\AboutScreen.js
FN:6,AboutScreen
FN:18,(anonymous_1)
FNF:2
FNH:2
FNDA:6,AboutScreen
FNDA:3,(anonymous_1)
DA:7,6
DA:9,6
DA:18,3
DA:163,1
LF:4
LH:4
BRF:0
BRH:0
end_of_record
TN:
SF:screens\Activities\ActivitiesScreen.js
FN:38,normalizeLanguage
FN:45,getLocalizedActivityField
FN:57,getActivityDateValue
FN:64,formatActivitySchedule
FN:71,(anonymous_4)
FN:82,(anonymous_5)
FN:111,getActivitySchoolLabel
FN:123,Stagger
FN:127,(anonymous_8)
FN:147,ActivityCard
FN:150,(anonymous_10)
FN:169,(anonymous_11)
FN:170,(anonymous_12)
FN:171,(anonymous_13)
FN:172,(anonymous_14)
FN:243,InfoCard
FN:257,ExampleCard
FN:269,FaqItem
FN:278,ActivitiesScreen
FN:282,(anonymous_19)
FN:291,(anonymous_20)
FN:295,(anonymous_21)
FN:312,(anonymous_22)
FN:324,(anonymous_23)
FN:330,(anonymous_24)
FN:335,(anonymous_25)
FN:363,(anonymous_26)
FN:373,(anonymous_27)
FN:378,(anonymous_28)
FN:383,(anonymous_29)
FN:392,(anonymous_30)
FN:394,(anonymous_31)
FN:403,(anonymous_32)
FN:430,(anonymous_33)
FN:453,(anonymous_34)
FN:458,(anonymous_35)
FN:475,(anonymous_36)
FN:504,(anonymous_37)
FN:506,(anonymous_38)
FN:511,(anonymous_39)
FN:535,(anonymous_40)
FNF:41
FNH:12
FNDA:0,normalizeLanguage
FNDA:0,getLocalizedActivityField
FNDA:0,getActivityDateValue
FNDA:0,formatActivitySchedule
FNDA:0,(anonymous_4)
FNDA:0,(anonymous_5)
FNDA:0,getActivitySchoolLabel
FNDA:0,Stagger
FNDA:0,(anonymous_8)
FNDA:0,ActivityCard
FNDA:0,(anonymous_10)
FNDA:0,(anonymous_11)
FNDA:0,(anonymous_12)
FNDA:0,(anonymous_13)
FNDA:0,(anonymous_14)
FNDA:16,InfoCard
FNDA:0,ExampleCard
FNDA:0,FaqItem
FNDA:9,ActivitiesScreen
FNDA:0,(anonymous_19)
FNDA:5,(anonymous_20)
FNDA:5,(anonymous_21)
FNDA:0,(anonymous_22)
FNDA:0,(anonymous_23)
FNDA:0,(anonymous_24)
FNDA:0,(anonymous_25)
FNDA:9,(anonymous_26)
FNDA:9,(anonymous_27)
FNDA:9,(anonymous_28)
FNDA:9,(anonymous_29)
FNDA:9,(anonymous_30)
FNDA:5,(anonymous_31)
FNDA:9,(anonymous_32)
FNDA:0,(anonymous_33)
FNDA:45,(anonymous_34)
FNDA:0,(anonymous_35)
FNDA:0,(anonymous_36)
FNDA:0,(anonymous_37)
FNDA:0,(anonymous_38)
FNDA:0,(anonymous_39)
FNDA:0,(anonymous_40)
DA:22,1
DA:23,1
DA:25,1
DA:39,0
DA:40,0
DA:41,0
DA:42,0
DA:46,0
DA:47,0
DA:58,0
DA:59,0
DA:61,0
DA:65,0
DA:66,0
DA:67,0
DA:68,0
DA:69,0
DA:71,0
DA:72,0
DA:73,0
DA:74,0
DA:75,0
DA:82,0
DA:83,0
DA:84,0
DA:85,0
DA:86,0
DA:87,0
DA:93,0
DA:94,0
DA:95,0
DA:96,0
DA:98,0
DA:101,0
DA:105,0
DA:112,0
DA:124,0
DA:125,0
DA:127,0
DA:128,0
DA:144,0
DA:148,0
DA:150,0
DA:151,0
DA:159,0
DA:160,0
DA:161,0
DA:162,0
DA:163,0
DA:165,0
DA:169,0
DA:170,0
DA:171,0
DA:172,0
DA:244,16
DA:258,0
DA:270,0
DA:279,9
DA:280,9
DA:281,9
DA:282,9
DA:283,9
DA:285,9
DA:286,9
DA:287,9
DA:288,9
DA:289,9
DA:291,9
DA:292,5
DA:295,9
DA:296,5
DA:298,5
DA:304,4
DA:305,0
DA:306,0
DA:307,0
DA:308,0
DA:311,4
DA:312,0
DA:321,4
DA:324,9
DA:325,0
DA:326,0
DA:327,0
DA:330,9
DA:331,0
DA:333,0
DA:335,0
DA:336,0
DA:338,0
DA:339,0
DA:344,0
DA:347,0
DA:352,0
DA:355,0
DA:357,0
DA:358,0
DA:362,9
DA:363,9
DA:373,9
DA:374,9
DA:375,9
DA:378,9
DA:379,9
DA:380,9
DA:383,9
DA:384,9
DA:385,9
DA:386,9
DA:388,9
DA:392,9
DA:393,9
DA:394,5
DA:402,9
DA:404,9
DA:431,0
DA:454,45
DA:455,45
DA:458,0
DA:476,0
DA:491,9
DA:492,5
DA:500,4
DA:504,0
DA:507,0
DA:511,0
DA:535,0
DA:542,1
LF:128
LH:48
BRDA:39,0,0,0
BRDA:39,0,1,0
BRDA:40,1,0,0
BRDA:40,1,1,0
BRDA:41,2,0,0
BRDA:41,2,1,0
BRDA:48,3,0,0
BRDA:48,3,1,0
BRDA:48,3,2,0
BRDA:48,3,3,0
BRDA:48,3,4,0
BRDA:48,3,5,0
BRDA:59,4,0,0
BRDA:59,4,1,0
BRDA:65,5,0,0
BRDA:65,5,1,0
BRDA:65,6,0,0
BRDA:65,6,1,0
BRDA:72,7,0,0
BRDA:72,7,1,0
BRDA:74,8,0,0
BRDA:74,8,1,0
BRDA:83,9,0,0
BRDA:83,9,1,0
BRDA:86,10,0,0
BRDA:86,10,1,0
BRDA:98,11,0,0
BRDA:98,11,1,0
BRDA:98,12,0,0
BRDA:98,12,1,0
BRDA:98,12,2,0
BRDA:100,13,0,0
BRDA:100,13,1,0
BRDA:100,13,2,0
BRDA:101,14,0,0
BRDA:101,14,1,0
BRDA:101,15,0,0
BRDA:101,15,1,0
BRDA:103,16,0,0
BRDA:103,16,1,0
BRDA:103,16,2,0
BRDA:113,17,0,0
BRDA:113,17,1,0
BRDA:113,17,2,0
BRDA:113,17,3,0
BRDA:113,17,4,0
BRDA:113,17,5,0
BRDA:113,17,6,0
BRDA:171,18,0,0
BRDA:171,18,1,0
BRDA:172,19,0,0
BRDA:172,19,1,0
BRDA:182,20,0,0
BRDA:182,20,1,0
BRDA:194,21,0,0
BRDA:194,21,1,0
BRDA:201,22,0,0
BRDA:201,22,1,0
BRDA:217,23,0,0
BRDA:217,23,1,0
BRDA:227,24,0,0
BRDA:227,24,1,0
BRDA:282,25,0,9
BRDA:282,25,1,0
BRDA:283,26,0,9
BRDA:283,26,1,9
BRDA:304,27,0,0
BRDA:304,27,1,4
BRDA:312,28,0,4
BRDA:312,28,1,0
BRDA:315,29,0,0
BRDA:315,29,1,0
BRDA:331,30,0,0
BRDA:331,30,1,0
BRDA:336,31,0,0
BRDA:336,31,1,0
BRDA:338,32,0,0
BRDA:338,32,1,0
BRDA:342,33,0,0
BRDA:342,33,1,0
BRDA:350,34,0,0
BRDA:350,34,1,0
BRDA:357,35,0,0
BRDA:357,35,1,0
BRDA:375,36,0,0
BRDA:375,36,1,9
BRDA:380,37,0,0
BRDA:380,37,1,9
BRDA:386,38,0,0
BRDA:386,38,1,9
BRDA:386,39,0,0
BRDA:386,39,1,9
BRDA:386,40,0,0
BRDA:386,40,1,9
BRDA:388,41,0,0
BRDA:388,41,1,9
BRDA:392,42,0,0
BRDA:392,42,1,9
BRDA:395,43,0,0
BRDA:395,43,1,5
BRDA:395,44,0,0
BRDA:395,44,1,5
BRDA:396,45,0,0
BRDA:396,45,1,5
BRDA:397,46,0,0
BRDA:397,46,1,5
BRDA:397,47,0,0
BRDA:397,47,1,5
BRDA:406,48,0,9
BRDA:406,48,1,0
BRDA:407,49,0,9
BRDA:407,49,1,0
BRDA:420,50,0,0
BRDA:420,50,1,9
BRDA:425,51,0,0
BRDA:425,51,1,0
BRDA:444,52,0,9
BRDA:444,52,1,0
BRDA:459,53,0,45
BRDA:459,53,1,9
BRDA:461,54,0,9
BRDA:461,54,1,36
BRDA:462,55,0,45
BRDA:462,55,1,9
BRDA:483,56,0,0
BRDA:483,56,1,9
BRDA:491,57,0,5
BRDA:491,57,1,4
BRDA:517,58,0,0
BRDA:517,58,1,4
BRF:130
BRH:31
end_of_record
TN:
SF:screens\Activities\ActivityDetailsModal.js
FN:15,normalizeLanguage
FN:22,getActivityDateValue
FN:29,formatActivitySchedule
FN:36,(anonymous_3)
FN:47,(anonymous_4)
FN:69,getLocalizedActivityField
FN:80,getActivitySchoolLabel
FN:99,ActivityDetailsModal
FN:106,(anonymous_8)
FN:115,(anonymous_9)
FN:116,(anonymous_10)
FN:118,(anonymous_11)
FN:120,(anonymous_12)
FN:139,(anonymous_13)
FN:186,(anonymous_14)
FNF:15
FNH:14
FNDA:15,normalizeLanguage
FNDA:20,getActivityDateValue
FNDA:5,formatActivitySchedule
FNDA:10,(anonymous_3)
FNDA:10,(anonymous_4)
FNDA:38,getLocalizedActivityField
FNDA:5,getActivitySchoolLabel
FNDA:5,ActivityDetailsModal
FNDA:12,(anonymous_8)
FNDA:5,(anonymous_9)
FNDA:5,(anonymous_10)
FNDA:8,(anonymous_11)
FNDA:5,(anonymous_12)
FNDA:0,(anonymous_13)
FNDA:1,(anonymous_14)
DA:16,15
DA:17,15
DA:18,15
DA:19,0
DA:23,20
DA:24,55
DA:26,20
DA:30,5
DA:31,5
DA:32,5
DA:33,5
DA:34,5
DA:36,5
DA:37,10
DA:38,0
DA:39,0
DA:40,0
DA:47,5
DA:48,10
DA:49,0
DA:50,0
DA:51,0
DA:52,0
DA:58,5
DA:59,5
DA:60,5
DA:61,5
DA:63,5
DA:70,38
DA:81,5
DA:92,1
DA:105,5
DA:106,5
DA:107,12
DA:108,12
DA:109,12
DA:111,12
DA:113,5
DA:114,5
DA:115,5
DA:116,5
DA:118,8
DA:120,5
DA:121,5
DA:122,4
DA:125,5
DA:126,1
DA:133,4
DA:134,4
DA:136,4
DA:186,1
DA:202,1
LF:52
LH:44
BRDA:16,0,0,15
BRDA:16,0,1,0
BRDA:17,1,0,0
BRDA:17,1,1,15
BRDA:18,2,0,15
BRDA:18,2,1,0
BRDA:24,3,0,0
BRDA:24,3,1,55
BRDA:30,4,0,0
BRDA:30,4,1,5
BRDA:30,5,0,5
BRDA:30,5,1,0
BRDA:37,6,0,10
BRDA:37,6,1,0
BRDA:39,7,0,0
BRDA:39,7,1,0
BRDA:48,8,0,10
BRDA:48,8,1,0
BRDA:51,9,0,0
BRDA:51,9,1,0
BRDA:64,10,0,0
BRDA:64,10,1,5
BRDA:64,11,0,5
BRDA:64,11,1,0
BRDA:64,11,2,0
BRDA:64,12,0,5
BRDA:64,12,1,5
BRDA:64,12,2,5
BRDA:65,13,0,0
BRDA:65,13,1,5
BRDA:65,14,0,5
BRDA:65,14,1,0
BRDA:65,15,0,5
BRDA:65,15,1,5
BRDA:65,15,2,5
BRDA:71,16,0,38
BRDA:71,16,1,30
BRDA:71,16,2,30
BRDA:71,16,3,30
BRDA:71,16,4,30
BRDA:71,16,5,30
BRDA:82,17,0,5
BRDA:82,17,1,5
BRDA:82,17,2,5
BRDA:82,17,3,5
BRDA:82,17,4,5
BRDA:82,17,5,5
BRDA:82,17,6,5
BRDA:107,18,0,12
BRDA:107,18,1,0
BRDA:109,19,0,0
BRDA:109,19,1,12
BRDA:109,20,0,12
BRDA:109,20,1,12
BRDA:111,21,0,12
BRDA:111,21,1,0
BRDA:113,22,0,5
BRDA:113,22,1,1
BRDA:114,23,0,5
BRDA:114,23,1,5
BRDA:121,24,0,1
BRDA:121,24,1,4
BRDA:122,25,0,4
BRDA:122,25,1,0
BRDA:125,26,0,1
BRDA:125,26,1,4
BRDA:133,27,0,0
BRDA:133,27,1,4
BRDA:134,28,0,0
BRDA:134,28,1,4
BRDA:146,29,0,0
BRDA:146,29,1,4
BRDA:153,30,0,0
BRDA:153,30,1,4
BRDA:153,31,0,4
BRDA:153,31,1,4
BRDA:155,32,0,0
BRDA:155,32,1,0
BRDA:162,33,0,0
BRDA:162,33,1,0
BRDA:185,34,0,4
BRDA:185,34,1,0
BRDA:213,35,0,0
BRDA:213,35,1,1
BRF:84
BRH:53
end_of_record
TN:
SF:screens\AdaptiveTest\AdaptiveTestScreen.js
FN:28,AdaptiveTestScreen
FN:46,(anonymous_1)
FN:49,(anonymous_2)
FN:56,(anonymous_3)
FN:104,(anonymous_4)
FN:110,(anonymous_5)
FN:129,(anonymous_6)
FN:134,(anonymous_7)
FN:140,(anonymous_8)
FN:143,(anonymous_9)
FN:153,(anonymous_10)
FN:154,(anonymous_11)
FN:176,(anonymous_12)
FN:179,(anonymous_13)
FN:195,(anonymous_14)
FN:206,startHeartbeat
FN:208,(anonymous_16)
FN:218,stopHeartbeat
FN:223,startAppStateTracking
FN:227,stopAppStateTracking
FN:233,onAppStateChange
FN:247,startTimer
FN:253,(anonymous_22)
FN:254,(anonymous_23)
FN:263,(anonymous_24)
FN:272,stopTimer
FN:277,safeNum
FN:283,loadNextQuestion
FN:329,handleAnswer
FN:378,(anonymous_29)
FN:401,(anonymous_30)
FN:420,handleSkipQuestion
FN:433,(anonymous_32)
FN:454,handleAutoTimeout
FN:465,(anonymous_34)
FN:487,jumpToQuestion
FN:515,finishTest
FN:636,(anonymous_37)
FN:644,(anonymous_38)
FN:645,(anonymous_39)
FNF:40
FNH:32
FNDA:30,AdaptiveTestScreen
FNDA:9,(anonymous_1)
FNDA:0,(anonymous_2)
FNDA:41,(anonymous_3)
FNDA:10,(anonymous_4)
FNDA:10,(anonymous_5)
FNDA:18,(anonymous_6)
FNDA:29,(anonymous_7)
FNDA:29,(anonymous_8)
FNDA:12,(anonymous_9)
FNDA:12,(anonymous_10)
FNDA:3,(anonymous_11)
FNDA:9,(anonymous_12)
FNDA:9,(anonymous_13)
FNDA:9,(anonymous_14)
FNDA:8,startHeartbeat
FNDA:1,(anonymous_16)
FNDA:19,stopHeartbeat
FNDA:8,startAppStateTracking
FNDA:9,stopAppStateTracking
FNDA:0,onAppStateChange
FNDA:9,startTimer
FNDA:15,(anonymous_22)
FNDA:15,(anonymous_23)
FNDA:0,(anonymous_24)
FNDA:23,stopTimer
FNDA:2,safeNum
FNDA:11,loadNextQuestion
FNDA:1,handleAnswer
FNDA:0,(anonymous_29)
FNDA:1,(anonymous_30)
FNDA:2,handleSkipQuestion
FNDA:2,(anonymous_32)
FNDA:0,handleAutoTimeout
FNDA:0,(anonymous_34)
FNDA:0,jumpToQuestion
FNDA:2,finishTest
FNDA:15,(anonymous_37)
FNDA:0,(anonymous_38)
FNDA:15,(anonymous_39)
DA:25,2
DA:26,2
DA:39,30
DA:40,30
DA:42,30
DA:43,30
DA:46,30
DA:47,9
DA:48,9
DA:49,0
DA:56,30
DA:57,41
DA:58,41
DA:59,41
DA:63,30
DA:64,30
DA:65,30
DA:67,30
DA:68,30
DA:69,30
DA:71,30
DA:72,30
DA:74,30
DA:86,30
DA:87,30
DA:89,30
DA:90,30
DA:91,30
DA:92,30
DA:95,30
DA:96,30
DA:97,30
DA:98,30
DA:99,30
DA:100,30
DA:101,30
DA:104,30
DA:105,10
DA:106,10
DA:107,10
DA:108,10
DA:110,10
DA:111,10
DA:112,10
DA:113,10
DA:116,10
DA:124,30
DA:125,30
DA:126,30
DA:127,30
DA:129,30
DA:130,18
DA:131,0
DA:134,30
DA:135,29
DA:136,29
DA:140,29
DA:143,30
DA:144,12
DA:145,0
DA:151,30
DA:153,30
DA:154,12
DA:163,12
DA:172,12
DA:176,30
DA:177,9
DA:179,9
DA:180,9
DA:181,1
DA:182,1
DA:185,8
DA:186,8
DA:188,8
DA:189,8
DA:190,8
DA:192,8
DA:195,9
DA:196,9
DA:197,9
DA:198,9
DA:199,9
DA:200,9
DA:207,8
DA:208,8
DA:209,1
DA:219,19
DA:220,19
DA:224,8
DA:228,9
DA:229,9
DA:234,0
DA:235,0
DA:236,0
DA:238,0
DA:248,9
DA:249,9
DA:250,9
DA:251,9
DA:253,9
DA:254,15
DA:255,15
DA:256,0
DA:257,0
DA:262,0
DA:263,0
DA:265,0
DA:267,15
DA:273,23
DA:274,23
DA:278,2
DA:279,2
DA:284,11
DA:286,11
DA:287,11
DA:290,11
DA:291,11
DA:292,11
DA:294,11
DA:295,11
DA:300,11
DA:302,11
DA:303,2
DA:305,2
DA:306,2
DA:307,2
DA:310,0
DA:313,9
DA:314,0
DA:315,0
DA:318,9
DA:319,9
DA:321,0
DA:323,11
DA:324,11
DA:330,1
DA:331,1
DA:336,1
DA:338,1
DA:339,1
DA:341,1
DA:342,1
DA:343,1
DA:344,1
DA:346,1
DA:348,1
DA:353,1
DA:357,1
DA:368,1
DA:369,0
DA:370,0
DA:372,0
DA:374,0
DA:377,1
DA:378,0
DA:379,0
DA:380,0
DA:381,0
DA:388,0
DA:391,0
DA:393,0
DA:394,0
DA:395,0
DA:396,0
DA:398,0
DA:401,1
DA:412,1
DA:413,1
DA:415,1
DA:416,1
DA:421,2
DA:422,2
DA:423,2
DA:424,2
DA:426,2
DA:427,2
DA:428,2
DA:430,2
DA:431,2
DA:433,2
DA:444,2
DA:445,2
DA:447,2
DA:449,2
DA:450,2
DA:455,0
DA:456,0
DA:457,0
DA:458,0
DA:460,0
DA:461,0
DA:462,0
DA:464,0
DA:465,0
DA:476,0
DA:477,0
DA:479,0
DA:481,0
DA:482,0
DA:488,0
DA:489,0
DA:491,0
DA:492,0
DA:494,0
DA:495,0
DA:497,0
DA:500,0
DA:501,0
DA:504,0
DA:505,0
DA:507,0
DA:508,0
DA:509,0
DA:510,0
DA:516,2
DA:517,2
DA:519,2
DA:520,2
DA:522,2
DA:523,2
DA:525,2
DA:526,2
DA:535,2
DA:536,0
DA:537,0
DA:538,0
DA:541,2
DA:542,2
DA:543,2
DA:544,2
DA:545,2
DA:551,2
DA:552,0
DA:555,0
DA:558,2
DA:560,2
DA:571,0
DA:572,0
DA:577,30
DA:578,19
DA:590,11
DA:591,11
DA:593,11
DA:638,15
DA:641,15
DA:644,0
DA:645,15
DA:690,2
DA:696,2
LF:249
LH:181
BRDA:34,0,0,0
BRDA:35,1,0,0
BRDA:42,2,0,30
BRDA:42,2,1,0
BRDA:47,3,0,0
BRDA:47,3,1,9
BRDA:48,4,0,0
BRDA:48,4,1,9
BRDA:58,5,0,0
BRDA:58,5,1,41
BRDA:58,6,0,41
BRDA:58,6,1,41
BRDA:59,7,0,0
BRDA:59,7,1,41
BRDA:59,8,0,0
BRDA:59,8,1,0
BRDA:68,9,0,30
BRDA:68,9,1,0
BRDA:105,10,0,10
BRDA:105,10,1,0
BRDA:111,11,0,10
BRDA:111,11,1,9
BRDA:112,12,0,10
BRDA:112,12,1,9
BRDA:113,13,0,10
BRDA:113,13,1,0
BRDA:125,14,0,0
BRDA:125,14,1,30
BRDA:126,15,0,30
BRDA:126,15,1,0
BRDA:127,16,0,30
BRDA:127,16,1,0
BRDA:130,17,0,18
BRDA:130,17,1,0
BRDA:131,18,0,0
BRDA:131,18,1,0
BRDA:135,19,0,29
BRDA:135,19,1,12
BRDA:135,19,2,12
BRDA:137,20,0,29
BRDA:137,20,1,28
BRDA:137,20,2,11
BRDA:138,21,0,29
BRDA:138,21,1,10
BRDA:144,22,0,12
BRDA:144,22,1,0
BRDA:145,23,0,0
BRDA:145,23,1,0
BRDA:154,24,0,12
BRDA:154,24,1,0
BRDA:180,25,0,1
BRDA:180,25,1,8
BRDA:180,26,0,9
BRDA:180,26,1,8
BRDA:186,27,0,8
BRDA:186,27,1,0
BRDA:188,28,0,8
BRDA:188,28,1,0
BRDA:192,29,0,8
BRDA:192,29,1,0
BRDA:219,30,0,8
BRDA:219,30,1,11
BRDA:236,31,0,0
BRDA:236,31,1,0
BRDA:241,32,0,0
BRDA:241,32,1,0
BRDA:247,33,0,0
BRDA:255,34,0,0
BRDA:255,34,1,15
BRDA:257,35,0,0
BRDA:257,35,1,0
BRDA:258,36,0,0
BRDA:258,36,1,0
BRDA:258,36,2,0
BRDA:273,37,0,9
BRDA:273,37,1,14
BRDA:277,38,0,0
BRDA:279,39,0,2
BRDA:279,39,1,0
BRDA:284,40,0,0
BRDA:284,40,1,11
BRDA:300,41,0,0
BRDA:300,41,1,11
BRDA:300,42,0,11
BRDA:300,42,1,11
BRDA:302,43,0,2
BRDA:302,43,1,9
BRDA:305,44,0,2
BRDA:305,44,1,0
BRDA:313,45,0,0
BRDA:313,45,1,9
BRDA:323,46,0,11
BRDA:323,46,1,0
BRDA:330,47,0,0
BRDA:330,47,1,1
BRDA:330,48,0,1
BRDA:330,48,1,1
BRDA:331,49,0,0
BRDA:331,49,1,1
BRDA:331,50,0,1
BRDA:331,50,1,1
BRDA:336,51,0,0
BRDA:336,51,1,1
BRDA:336,52,0,1
BRDA:336,52,1,0
BRDA:339,53,0,0
BRDA:339,53,1,1
BRDA:348,54,0,0
BRDA:348,54,1,1
BRDA:348,55,0,1
BRDA:348,55,1,0
BRDA:353,56,0,0
BRDA:353,56,1,1
BRDA:353,57,0,1
BRDA:353,57,1,0
BRDA:364,58,0,0
BRDA:364,58,1,1
BRDA:368,59,0,0
BRDA:368,59,1,1
BRDA:369,60,0,0
BRDA:369,60,1,0
BRDA:369,61,0,0
BRDA:369,61,1,0
BRDA:377,62,0,0
BRDA:377,62,1,1
BRDA:377,63,0,1
BRDA:377,63,1,0
BRDA:395,64,0,0
BRDA:395,64,1,0
BRDA:421,65,0,0
BRDA:421,65,1,2
BRDA:421,66,0,2
BRDA:421,66,1,2
BRDA:422,67,0,0
BRDA:422,67,1,2
BRDA:422,68,0,2
BRDA:422,68,1,2
BRDA:423,69,0,0
BRDA:423,69,1,2
BRDA:424,70,0,0
BRDA:424,70,1,2
BRDA:455,71,0,0
BRDA:455,71,1,0
BRDA:455,72,0,0
BRDA:455,72,1,0
BRDA:456,73,0,0
BRDA:456,73,1,0
BRDA:456,74,0,0
BRDA:456,74,1,0
BRDA:457,75,0,0
BRDA:457,75,1,0
BRDA:458,76,0,0
BRDA:458,76,1,0
BRDA:488,77,0,0
BRDA:488,77,1,0
BRDA:488,78,0,0
BRDA:488,78,1,0
BRDA:489,79,0,0
BRDA:489,79,1,0
BRDA:489,80,0,0
BRDA:489,80,1,0
BRDA:491,81,0,0
BRDA:491,81,1,0
BRDA:495,82,0,0
BRDA:495,82,1,0
BRDA:500,83,0,0
BRDA:500,83,1,0
BRDA:508,84,0,0
BRDA:508,84,1,0
BRDA:516,85,0,0
BRDA:516,85,1,2
BRDA:535,86,0,0
BRDA:535,86,1,2
BRDA:551,87,0,0
BRDA:551,87,1,2
BRDA:552,88,0,0
BRDA:552,88,1,0
BRDA:555,89,0,0
BRDA:555,89,1,0
BRDA:558,90,0,0
BRDA:558,90,1,2
BRDA:571,91,0,0
BRDA:571,91,1,0
BRDA:577,92,0,19
BRDA:577,92,1,11
BRDA:577,93,0,30
BRDA:577,93,1,13
BRDA:577,93,2,13
BRDA:590,94,0,11
BRDA:590,94,1,0
BRDA:591,95,0,11
BRDA:591,95,1,0
BRDA:610,96,0,11
BRDA:610,96,1,7
BRDA:610,96,2,11
BRDA:617,97,0,11
BRDA:617,97,1,0
BRDA:625,98,0,11
BRDA:625,98,1,0
BRDA:638,99,0,15
BRDA:638,99,1,11
BRDA:638,99,2,4
BRDA:638,99,3,4
BRDA:647,100,0,15
BRDA:647,100,1,11
BRDA:648,101,0,15
BRDA:648,101,1,2
BRDA:649,102,0,15
BRDA:649,102,1,2
BRDA:650,103,0,15
BRDA:650,103,1,11
BRDA:651,104,0,15
BRDA:651,104,1,0
BRDA:654,105,0,15
BRDA:654,105,1,11
BRDA:675,106,0,11
BRDA:675,106,1,10
BRDA:675,106,2,0
BRDA:677,107,0,0
BRDA:677,107,1,11
BRDA:690,108,0,0
BRDA:690,108,1,2
BRDA:705,109,0,0
BRDA:705,109,1,2
BRDA:709,110,0,0
BRDA:709,110,1,2
BRF:226
BRH:112
end_of_record
TN:
SF:screens\AdaptiveTest\PersonalityResultsScreen.js
FN:19,safeNum
FN:24,clamp
FN:28,pct
FN:32,normalizeLang
FN:48,(anonymous_4)
FN:82,(anonymous_5)
FN:116,(anonymous_6)
FN:152,PersonalityResultsScreen
FN:157,(anonymous_8)
FN:159,(anonymous_9)
FN:168,(anonymous_10)
FN:171,load
FN:200,(anonymous_12)
FN:207,(anonymous_13)
FN:208,(anonymous_14)
FN:214,(anonymous_15)
FN:215,(anonymous_16)
FN:216,(anonymous_17)
FN:285,(anonymous_18)
FN:293,(anonymous_19)
FN:294,(anonymous_20)
FN:299,(anonymous_21)
FN:300,(anonymous_22)
FN:311,InfoCard
FNF:24
FNH:21
FNDA:74,safeNum
FNDA:74,clamp
FNDA:74,pct
FNDA:28,normalizeLang
FNDA:6,(anonymous_4)
FNDA:1,(anonymous_5)
FNDA:0,(anonymous_6)
FNDA:14,PersonalityResultsScreen
FNDA:14,(anonymous_8)
FNDA:0,(anonymous_9)
FNDA:7,(anonymous_10)
FNDA:7,load
FNDA:7,(anonymous_12)
FNDA:12,(anonymous_13)
FNDA:60,(anonymous_14)
FNDA:54,(anonymous_15)
FNDA:70,(anonymous_16)
FNDA:70,(anonymous_17)
FNDA:0,(anonymous_18)
FNDA:1,(anonymous_19)
FNDA:7,(anonymous_20)
FNDA:1,(anonymous_21)
FNDA:7,(anonymous_22)
FNDA:21,InfoCard
DA:20,74
DA:21,74
DA:25,74
DA:29,74
DA:33,28
DA:34,28
DA:35,24
DA:36,24
DA:39,1
DA:48,6
DA:82,1
DA:116,0
DA:144,1
DA:153,14
DA:154,14
DA:155,14
DA:156,14
DA:157,14
DA:158,14
DA:159,0
DA:163,14
DA:164,14
DA:165,14
DA:166,14
DA:168,14
DA:169,7
DA:172,7
DA:173,7
DA:174,1
DA:175,1
DA:178,6
DA:179,6
DA:180,6
DA:182,6
DA:183,1
DA:184,1
DA:185,1
DA:186,1
DA:189,5
DA:190,5
DA:192,0
DA:193,0
DA:195,7
DA:199,7
DA:200,7
DA:201,7
DA:205,14
DA:206,14
DA:208,12
DA:209,60
DA:210,60
DA:214,54
DA:215,70
DA:216,70
DA:218,14
DA:220,14
DA:226,14
DA:227,7
DA:235,7
DA:285,0
DA:293,1
DA:294,7
DA:299,1
DA:300,7
DA:312,21
DA:325,1
LF:66
LH:61
BRDA:19,0,0,74
BRDA:21,1,0,21
BRDA:21,1,1,53
BRDA:24,2,0,74
BRDA:24,3,0,74
BRDA:33,4,0,28
BRDA:33,4,1,0
BRDA:34,5,0,4
BRDA:34,5,1,24
BRDA:35,6,0,0
BRDA:35,6,1,24
BRDA:152,7,0,0
BRDA:154,8,0,14
BRDA:154,8,1,0
BRDA:155,9,0,14
BRDA:155,9,1,2
BRDA:158,10,0,0
BRDA:158,10,1,14
BRDA:173,11,0,1
BRDA:173,11,1,6
BRDA:180,12,0,0
BRDA:180,12,1,6
BRDA:182,13,0,1
BRDA:182,13,1,5
BRDA:183,14,0,1
BRDA:183,14,1,0
BRDA:189,15,0,5
BRDA:189,15,1,0
BRDA:190,16,0,5
BRDA:190,16,1,0
BRDA:192,17,0,0
BRDA:192,17,1,0
BRDA:195,18,0,7
BRDA:195,18,1,0
BRDA:218,19,0,0
BRDA:218,19,1,14
BRDA:218,20,0,14
BRDA:218,20,1,0
BRDA:220,21,0,2
BRDA:220,21,1,12
BRDA:222,22,0,0
BRDA:222,22,1,12
BRDA:226,23,0,7
BRDA:226,23,1,7
BRDA:240,24,0,7
BRDA:240,24,1,7
BRDA:245,25,0,7
BRDA:245,25,1,7
BRDA:246,26,0,7
BRDA:246,26,1,7
BRDA:252,27,0,7
BRDA:252,27,1,7
BRDA:255,28,0,7
BRDA:255,28,1,4
BRDA:258,29,0,4
BRDA:258,29,1,3
BRDA:273,30,0,4
BRDA:273,30,1,4
BRDA:276,31,0,3
BRDA:276,31,1,3
BRDA:294,32,0,7
BRDA:294,32,1,0
BRDA:300,33,0,7
BRDA:300,33,1,0
BRDA:314,34,0,21
BRDA:314,34,1,21
BRDA:316,35,0,7
BRDA:316,35,1,14
[...]
BRDA:1052,246,0,1
BRDA:1052,246,1,2
BRDA:1052,247,0,2
BRDA:1052,247,1,1
BRDA:1053,248,0,0
BRDA:1053,248,1,0
BRDA:1054,249,0,0
BRDA:1054,249,1,0
BRDA:1056,250,0,3
BRDA:1056,250,1,0
BRDA:1056,251,0,3
BRDA:1056,251,1,3
BRDA:1057,252,0,1
BRDA:1057,252,1,2
BRDA:1057,253,0,2
BRDA:1057,253,1,1
BRDA:1057,254,0,2
BRDA:1057,254,1,1
BRDA:1057,255,0,3
BRDA:1057,255,1,0
BRDA:1057,256,0,1
BRDA:1057,256,1,2
BRDA:1057,257,0,2
BRDA:1057,257,1,1
BRDA:1058,258,0,0
BRDA:1058,258,1,0
BRDA:1059,259,0,0
BRDA:1059,259,1,0
BRDA:1061,260,0,3
BRDA:1061,260,1,0
BRDA:1061,261,0,3
BRDA:1061,261,1,3
BRDA:1062,262,0,1
BRDA:1062,262,1,2
BRDA:1062,263,0,2
BRDA:1062,263,1,1
BRDA:1062,264,0,2
BRDA:1062,264,1,1
BRDA:1062,265,0,3
BRDA:1062,265,1,0
BRDA:1062,266,0,1
BRDA:1062,266,1,2
BRDA:1062,267,0,2
BRDA:1062,267,1,1
BRDA:1063,268,0,0
BRDA:1063,268,1,0
BRDA:1064,269,0,0
BRDA:1064,269,1,0
BRDA:1093,270,0,3
BRDA:1093,270,1,0
BRDA:1094,271,0,0
BRDA:1094,271,1,0
BRDA:1094,272,0,0
BRDA:1094,272,1,0
BRDA:1095,273,0,0
BRDA:1095,273,1,0
BRDA:1095,274,0,0
BRDA:1095,274,1,0
BRDA:1096,275,0,0
BRDA:1096,275,1,0
BRDA:1096,276,0,0
BRDA:1096,276,1,0
BRDA:1098,277,0,3
BRDA:1098,277,1,3
BRDA:1102,278,0,0
BRDA:1106,279,0,0
BRDA:1106,279,1,0
BRDA:1112,280,0,0
BRDA:1112,280,1,0
BRDA:1112,280,2,0
BRDA:1112,280,3,0
BRDA:1112,280,4,0
BRDA:1121,281,0,0
BRDA:1125,282,0,0
BRDA:1125,282,1,0
BRDA:1126,283,0,0
BRDA:1126,283,1,0
BRDA:1126,283,2,0
BRDA:1126,283,3,0
BRDA:1135,284,0,0
BRDA:1135,284,1,0
BRDA:1135,284,2,0
BRDA:1137,285,0,0
BRDA:1137,285,1,0
BRF:611
BRH:304
end_of_record
TN:
SF:src\theme\typography.js
FN:90,setFontScale
FN:94,getFontScale
FN:98,scaleSize
FN:102,font
FN:107,lh
FN:128,textStyle
FN:144,bumpLegacyFontSize
FNF:7
FNH:3
FNDA:0,setFontScale
FNDA:0,getFontScale
FNDA:63,scaleSize
FNDA:63,font
FNDA:63,lh
FNDA:0,textStyle
FNDA:0,bumpLegacyFontSize
DA:5,11
DA:7,11
DA:13,11
DA:37,11
DA:59,11
DA:72,11
DA:79,11
DA:88,11
DA:91,0
DA:95,0
DA:99,63
DA:103,63
DA:104,63
DA:108,63
DA:109,63
DA:112,11
DA:129,0
DA:131,0
DA:133,0
DA:145,0
DA:153,0
DA:156,11
LF:22
LH:15
BRDA:90,0,0,0
BRDA:91,1,0,0
BRDA:91,1,1,0
BRDA:103,2,0,63
BRDA:103,2,1,0
BRDA:108,3,0,63
BRDA:108,3,1,0
BRDA:128,4,0,0
BRDA:131,5,0,0
BRDA:131,5,1,0
BRDA:131,6,0,0
BRDA:131,6,1,0
BRDA:131,7,0,0
BRDA:131,7,1,0
BRDA:136,8,0,0
BRDA:136,8,1,0
BRDA:138,9,0,0
BRDA:138,9,1,0
BRDA:138,10,0,0
BRDA:138,10,1,0
BRDA:139,11,0,0
BRDA:139,11,1,0
BRDA:140,12,0,0
BRDA:140,12,1,0
BRDA:153,13,0,0
BRDA:153,13,1,0
BRDA:159,14,0,0
BRDA:159,14,1,11
BRF:28
BRH:3
end_of_record
TN:
SF:src\utils\israeliId.js
FN:1,normalizeIsraeliId
FN:6,isValidIsraeliId
FN:16,(anonymous_2)
FN:20,(anonymous_3)
FNF:4
FNH:4
FNDA:28,normalizeIsraeliId
FNDA:10,isValidIsraeliId
FNDA:54,(anonymous_2)
FNDA:54,(anonymous_3)
DA:2,28
DA:3,28
DA:7,10
DA:8,10
DA:10,7
DA:11,7
DA:12,7
DA:14,6
DA:17,54
DA:18,54
DA:20,54
DA:22,6
LF:12
LH:12
BRDA:2,0,0,28
BRDA:2,0,1,15
BRDA:3,1,0,26
BRDA:3,1,1,2
BRDA:7,2,0,10
BRDA:7,2,1,1
BRDA:8,3,0,3
BRDA:8,3,1,7
BRDA:8,4,0,10
BRDA:8,4,1,8
BRDA:11,5,0,0
BRDA:11,5,1,7
BRDA:12,6,0,1
BRDA:12,6,1,6
BRDA:17,7,0,30
BRDA:17,7,1,24
BRDA:18,8,0,8
BRDA:18,8,1,46
BRF:18
BRH:17
end_of_record
TN:
SF:utils\authErrors.js
FN:1,readMessage
FN:7,readCode
FN:11,includesAny
FN:13,(anonymous_3)
FN:18,(anonymous_4)
FN:23,(anonymous_5)
FN:27,(anonymous_6)
FN:31,(anonymous_7)
FN:41,(anonymous_8)
FN:53,(anonymous_9)
FN:63,(anonymous_10)
FN:72,(anonymous_11)
FN:77,(anonymous_12)
FN:87,(anonymous_13)
FN:101,(anonymous_14)
FN:112,(anonymous_15)
FN:117,(anonymous_16)
FN:121,(anonymous_17)
FN:126,(anonymous_18)
FN:131,(anonymous_19)
FN:136,(anonymous_20)
FN:145,(anonymous_21)
FN:156,(anonymous_22)
FN:165,(anonymous_23)
FN:175,resolveAuthErrorMessage
FN:176,(anonymous_25)
FN:193,isEmailValidationMessage
FN:201,isPasswordRequiredMessage
FN:210,resolveLoginFieldErrors
FN:211,(anonymous_29)
FN:256,isDuplicateStudentIdError
FN:271,buildStudentIdExistsError
FNF:32
FNH:16
FNDA:5,readMessage
FNDA:4,readCode
FNDA:8,includesAny
FNDA:19,(anonymous_3)
FNDA:2,(anonymous_4)
FNDA:2,(anonymous_5)
FNDA:1,(anonymous_6)
FNDA:1,(anonymous_7)
FNDA:1,(anonymous_8)
FNDA:0,(anonymous_9)
FNDA:0,(anonymous_10)
FNDA:0,(anonymous_11)
FNDA:0,(anonymous_12)
FNDA:0,(anonymous_13)
FNDA:1,(anonymous_14)
FNDA:0,(anonymous_15)
FNDA:0,(anonymous_16)
FNDA:0,(anonymous_17)
FNDA:0,(anonymous_18)
FNDA:0,(anonymous_19)
FNDA:0,(anonymous_20)
FNDA:0,(anonymous_21)
FNDA:0,(anonymous_22)
FNDA:0,(anonymous_23)
FNDA:3,resolveAuthErrorMessage
FNDA:0,(anonymous_25)
FNDA:1,isEmailValidationMessage
FNDA:1,isPasswordRequiredMessage
FNDA:1,resolveLoginFieldErrors
FNDA:0,(anonymous_29)
FNDA:1,isDuplicateStudentIdError
FNDA:1,buildStudentIdExistsError
DA:2,5
DA:3,5
DA:4,5
DA:8,4
DA:12,8
DA:13,19
DA:16,1
DA:19,2
DA:23,2
DA:27,1
DA:32,1
DA:42,1
DA:54,0
DA:64,0
DA:73,0
DA:78,0
DA:88,0
DA:99,1
DA:102,1
DA:113,0
DA:117,0
DA:122,0
DA:127,0
DA:132,0
DA:137,0
DA:146,0
DA:157,0
DA:166,0
DA:176,3
DA:177,3
DA:178,3
DA:179,3
DA:181,3
DA:183,3
DA:184,8
DA:185,3
DA:189,0
DA:190,0
DA:194,1
DA:195,1
DA:202,1
DA:203,1
DA:211,1
DA:212,1
DA:213,1
DA:215,1
DA:216,0
DA:223,1
DA:224,0
DA:231,1
DA:232,1
DA:239,0
DA:240,0
DA:241,0
DA:248,0
DA:249,0
DA:257,1
DA:258,1
DA:259,1
DA:272,1
DA:273,1
DA:274,1
LF:62
LH:39
BRDA:2,0,0,0
BRDA:2,0,1,5
BRDA:3,1,0,0
BRDA:3,1,1,5
BRDA:4,2,0,5
BRDA:4,2,1,0
BRDA:4,2,2,0
BRDA:4,2,3,0
BRDA:8,3,0,4
BRDA:8,3,1,2
BRDA:8,3,2,2
BRDA:8,3,3,2
BRDA:12,4,0,8
BRDA:12,4,1,0
BRDA:19,5,0,2
BRDA:19,5,1,2
BRDA:102,6,0,1
BRDA:102,6,1,0
BRDA:102,6,2,0
BRDA:175,7,0,0
BRDA:175,8,0,0
BRDA:176,9,0,3
BRDA:176,9,1,0
BRDA:179,10,0,1
BRDA:179,10,1,2
BRDA:181,11,0,1
BRDA:181,11,1,2
BRDA:184,12,0,3
BRDA:184,12,1,5
BRDA:189,13,0,0
BRDA:189,13,1,0
BRDA:194,14,0,1
BRDA:194,14,1,0
BRDA:196,15,0,1
BRDA:196,15,1,0
BRDA:202,16,0,1
BRDA:202,16,1,0
BRDA:204,17,0,1
BRDA:204,17,1,0
BRDA:210,18,0,0
BRDA:211,19,0,1
BRDA:211,19,1,0
BRDA:215,20,0,0
BRDA:215,20,1,1
BRDA:217,21,0,0
BRDA:217,21,1,0
BRDA:223,22,0,0
BRDA:223,22,1,1
BRDA:226,23,0,0
BRDA:226,23,1,0
BRDA:231,24,0,1
BRDA:231,24,1,0
BRDA:239,25,0,0
BRDA:239,25,1,0
BRDA:260,26,0,1
BRDA:260,26,1,0
BRDA:260,26,2,0
BRDA:260,26,3,0
BRF:58
BRH:27
end_of_record
TN:
SF:utils\classSections.js
FN:10,normalizeClassSection
FN:13,(anonymous_1)
FN:23,getClassSectionLabel
FN:25,(anonymous_3)
FN:33,getClassSectionOptions
FN:35,(anonymous_5)
FN:41,buildClassLabel
FNF:7
FNH:6
FNDA:36,normalizeClassSection
FNDA:60,(anonymous_1)
FNDA:16,getClassSectionLabel
FNDA:40,(anonymous_3)
FNDA:53,getClassSectionOptions
FNDA:212,(anonymous_5)
FNDA:0,buildClassLabel
DA:1,2
DA:3,2
DA:11,36
DA:12,36
DA:14,60
DA:20,36
DA:24,16
DA:25,40
DA:26,16
DA:28,16
DA:29,16
DA:30,0
DA:34,53
DA:35,212
DA:42,0
DA:43,0
DA:44,0
DA:46,0
DA:47,0
DA:48,0
LF:20
LH:13
BRDA:11,0,0,36
BRDA:11,0,1,0
BRDA:14,1,0,60
BRDA:14,1,1,24
BRDA:14,1,2,24
BRDA:14,1,3,24
BRDA:20,2,0,36
BRDA:20,2,1,0
BRDA:23,3,0,0
BRDA:25,4,0,16
BRDA:25,4,1,0
BRDA:26,5,0,16
BRDA:26,5,1,0
BRDA:28,6,0,0
BRDA:28,6,1,16
BRDA:29,7,0,16
BRDA:29,7,1,0
BRDA:33,8,0,0
BRDA:34,9,0,53
BRDA:34,9,1,0
BRDA:37,10,0,0
BRDA:37,10,1,212
BRDA:37,11,0,16
BRDA:37,11,1,196
BRDA:41,12,0,0
BRDA:42,13,0,0
BRDA:42,13,1,0
BRDA:44,14,0,0
BRDA:44,14,1,0
BRDA:46,15,0,0
BRDA:46,15,1,0
BRDA:47,16,0,0
BRDA:47,16,1,0
BRF:33
BRH:14
end_of_record
TN:
SF:utils\principalInvitationErrors.js
FN:1,normalizeValue
FN:5,mapPrincipalInvitationError
FNF:2
FNH:2
FNDA:3,normalizeValue
FNDA:3,mapPrincipalInvitationError
DA:2,3
DA:6,3
DA:8,3
DA:9,2
DA:10,1
DA:11,1
DA:12,0
DA:14,1
DA:15,0
DA:16,0
DA:17,0
DA:19,0
DA:20,0
DA:23,0
DA:24,0
DA:27,0
LF:16
LH:7
BRDA:2,0,0,3
BRDA:2,0,1,2
BRDA:2,1,0,3
BRDA:2,1,1,0
BRDA:5,2,0,0
BRDA:8,3,0,1
BRDA:8,3,1,2
BRDA:9,4,0,1
BRDA:9,4,1,1
BRDA:9,5,0,2
BRDA:9,5,1,1
BRDA:10,6,0,0
BRDA:10,6,1,1
BRDA:10,7,0,1
BRDA:10,7,1,1
BRDA:11,8,0,0
BRDA:11,8,1,1
BRDA:11,9,0,1
BRDA:11,9,1,1
BRDA:11,9,2,1
BRDA:14,10,0,1
BRDA:14,10,1,0
BRDA:14,11,0,1
BRDA:14,11,1,0
BRDA:14,12,0,1
BRDA:14,12,1,0
BRDA:15,13,0,0
BRDA:15,13,1,0
BRDA:15,14,0,0
BRDA:15,14,1,0
BRDA:16,15,0,0
BRDA:16,15,1,0
BRDA:16,16,0,0
BRDA:16,16,1,0
BRDA:17,17,0,0
BRDA:17,17,1,0
BRDA:17,18,0,0
BRDA:17,18,1,0
BRDA:19,19,0,0
BRDA:19,19,1,0
BRDA:19,20,0,0
BRDA:19,20,1,0
BRDA:23,21,0,0
BRDA:23,21,1,0
BRDA:23,22,0,0
BRDA:23,22,1,0
BRDA:24,23,0,0
BRDA:24,23,1,0
BRDA:27,24,0,0
BRDA:27,24,1,0
BRF:50
BRH:19
end_of_record
TN:
SF:utils\reportReasons.js
FN:39,reasonKeyFromText
FN:52,normalizeReportLanguage
FN:59,getLocalizedReason
FNF:3
FNH:1
FNDA:0,reasonKeyFromText
FNDA:90,normalizeReportLanguage
FNDA:0,getLocalizedReason
DA:1,1
DA:40,0
DA:41,0
DA:42,0
DA:43,0
DA:44,0
DA:45,0
DA:46,0
DA:47,0
DA:48,0
DA:49,0
DA:53,90
DA:54,90
DA:55,90
DA:56,90
DA:60,0
DA:61,0
DA:62,0
DA:63,0
DA:64,0
DA:65,0
DA:66,0
DA:67,0
DA:69,0
DA:71,0
DA:72,0
LF:26
LH:5
BRDA:40,0,0,0
BRDA:40,0,1,0
BRDA:41,1,0,0
BRDA:41,1,1,0
BRDA:42,2,0,0
BRDA:42,2,1,0
BRDA:42,3,0,0
BRDA:42,3,1,0
BRDA:43,4,0,0
BRDA:43,4,1,0
BRDA:43,5,0,0
BRDA:43,5,1,0
BRDA:44,6,0,0
BRDA:44,6,1,0
BRDA:44,7,0,0
BRDA:44,7,1,0
BRDA:45,8,0,0
BRDA:45,8,1,0
BRDA:45,9,0,0
BRDA:45,9,1,0
BRDA:46,10,0,0
BRDA:46,10,1,0
BRDA:46,11,0,0
BRDA:46,11,1,0
BRDA:47,12,0,0
BRDA:47,12,1,0
BRDA:48,13,0,0
BRDA:48,13,1,0
BRDA:48,14,0,0
BRDA:48,14,1,0
BRDA:53,15,0,90
BRDA:53,15,1,0
BRDA:54,16,0,0
BRDA:54,16,1,90
BRDA:55,17,0,0
BRDA:55,17,1,90
BRDA:62,18,0,0
BRDA:62,18,1,0
BRDA:63,19,0,0
BRDA:63,19,1,0
BRDA:64,20,0,0
BRDA:64,20,1,0
BRDA:67,21,0,0
BRDA:67,21,1,0
BRDA:67,22,0,0
BRDA:67,22,1,0
BRDA:71,23,0,0
BRDA:71,23,1,0
BRDA:71,24,0,0
BRDA:71,24,1,0
BRDA:72,25,0,0
BRDA:72,25,1,0
BRDA:72,26,0,0
BRDA:72,26,1,0
BRF:54
BRH:3
end_of_record
TN:
SF:utils\safeWebFonts.js
FN:9,installSafeWebFontLoading
FN:23,safeLoadAsync
FN:24,(anonymous_2)
FN:39,preloadWebIconFonts
FNF:4
FNH:3
FNDA:2,installSafeWebFontLoading
FNDA:1,safeLoadAsync
FNDA:1,(anonymous_2)
FNDA:0,preloadWebIconFonts
DA:3,2
DA:10,2
DA:11,1
DA:13,1
DA:14,1
DA:15,1
DA:17,1
DA:18,0
DA:21,1
DA:23,1
DA:24,1
DA:25,1
DA:32,1
DA:34,0
DA:40,0
DA:42,0
DA:44,0
DA:45,0
DA:46,0
DA:48,0
DA:49,0
DA:51,0
DA:52,0
DA:55,0
DA:57,0
LF:25
LH:12
BRDA:10,0,0,1
BRDA:10,0,1,1
BRDA:10,1,0,2
BRDA:10,1,1,2
BRDA:17,2,0,0
BRDA:17,2,1,1
BRDA:17,3,0,1
BRDA:17,3,1,1
BRDA:27,4,0,1
BRDA:27,4,1,0
BRDA:34,5,0,0
BRDA:34,5,1,0
BRDA:40,6,0,0
BRDA:40,6,1,0
BRDA:48,7,0,0
BRDA:48,7,1,0
BRDA:51,8,0,0
BRDA:51,8,1,0
BRDA:57,9,0,0
BRDA:57,9,1,0
BRF:20
BRH:8
end_of_record
TN:
SF:utils\studentReportPdfBuilder.js
FN:4,safeNum
FN:9,clamp
FN:13,subjectScore
FN:17,getByLang
FN:24,dir
FN:29,L
FN:36,localizeCopy
FN:42,preserveDegreeCodeDirection
FN:46,normalizeBigFive
FN:74,escapeHtml
FN:83,subjectNameForReport
FN:91,recommendationNameForReport
FN:104,institutionNameForReport
FN:116,institutionCityForReport
FN:128,findMajorCatalogEntry
FN:136,(anonymous_15)
FN:137,(anonymous_16)
FN:140,(anonymous_17)
FN:146,safeFilePart
FN:156,buildStudentReportFilename
FN:162,getImprovementAdvice
FN:171,deriveStrengthBuckets
FN:172,(anonymous_22)
FN:173,(anonymous_23)
FN:174,(anonymous_24)
FN:178,deriveImprovementItems
FN:180,(anonymous_26)
FN:181,(anonymous_27)
FN:183,(anonymous_28)
FN:190,computeOverallScore
FN:202,(anonymous_30)
FN:208,buildExecutiveSummaryParagraph
FN:249,getFitLevelLabel
FN:257,getDifficultyNote
FN:349,getMajorCategory
FN:363,getFallbackInstitutionsForMajor
FN:366,(anonymous_36)
FN:368,(anonymous_37)
FN:370,(anonymous_38)
FN:392,toInstitutionCard
FN:407,(anonymous_40)
FN:455,getInstitutionCardsForMajor
FN:464,(anonymous_42)
FN:478,(anonymous_43)
FN:487,buildInstitutionGroups
FN:488,(anonymous_45)
FN:494,buildPersonalRecommendations
FN:508,buildStudentReportHtml
FN:524,(anonymous_48)
FN:537,(anonymous_49)
FN:542,(anonymous_50)
FN:544,(anonymous_51)
FN:546,(anonymous_52)
FN:547,(anonymous_53)
FN:549,(anonymous_54)
FN:552,(anonymous_55)
FN:566,(anonymous_56)
FN:573,(anonymous_57)
FN:624,(anonymous_58)
FN:629,(anonymous_59)
FN:651,(anonymous_60)
FN:1084,buildReportHtml
FNF:62
FNH:25
FNDA:37,safeNum
FNDA:40,clamp
FNDA:37,subjectScore
FNDA:3,getByLang
FNDA:3,dir
FNDA:75,L
FNDA:0,localizeCopy
FNDA:0,preserveDegreeCodeDirection
FNDA:9,normalizeBigFive
FNDA:87,escapeHtml
FNDA:3,subjectNameForReport
FNDA:0,recommendationNameForReport
FNDA:0,institutionNameForReport
FNDA:0,institutionCityForReport
FNDA:0,findMajorCatalogEntry
FNDA:0,(anonymous_15)
FNDA:0,(anonymous_16)
FNDA:0,(anonymous_17)
FNDA:3,safeFilePart
FNDA:3,buildStudentReportFilename
FNDA:0,getImprovementAdvice
FNDA:18,deriveStrengthBuckets
FNDA:0,(anonymous_22)
FNDA:7,(anonymous_23)
FNDA:7,(anonymous_24)
FNDA:18,deriveImprovementItems
FNDA:7,(anonymous_26)
FNDA:0,(anonymous_27)
FNDA:0,(anonymous_28)
FNDA:3,computeOverallScore
FNDA:0,(anonymous_30)
FNDA:3,buildExecutiveSummaryParagraph
FNDA:0,getFitLevelLabel
FNDA:0,getDifficultyNote
FNDA:0,getMajorCategory
FNDA:0,getFallbackInstitutionsForMajor
FNDA:0,(anonymous_36)
FNDA:0,(anonymous_37)
FNDA:0,(anonymous_38)
FNDA:0,toInstitutionCard
FNDA:0,(anonymous_40)
FNDA:0,getInstitutionCardsForMajor
FNDA:0,(anonymous_42)
FNDA:0,(anonymous_43)
FNDA:3,buildInstitutionGroups
FNDA:0,(anonymous_45)
FNDA:3,buildPersonalRecommendations
FNDA:3,buildStudentReportHtml
FNDA:0,(anonymous_48)
FNDA:0,(anonymous_49)
FNDA:3,(anonymous_50)
FNDA:3,(anonymous_51)
FNDA:3,(anonymous_52)
FNDA:0,(anonymous_53)
FNDA:0,(anonymous_54)
FNDA:0,(anonymous_55)
FNDA:0,(anonymous_56)
FNDA:0,(anonymous_57)
FNDA:0,(anonymous_58)
FNDA:0,(anonymous_59)
FNDA:18,(anonymous_60)
FNDA:0,buildReportHtml
DA:5,37
DA:6,37
DA:10,40
DA:14,37
DA:18,3
DA:19,3
DA:20,0
DA:21,0
DA:25,3
DA:26,3
DA:30,75
DA:31,75
DA:32,75
DA:33,75
DA:37,0
DA:38,0
DA:39,0
DA:43,0
DA:48,9
DA:65,9
DA:75,87
DA:84,3
DA:92,0
DA:105,0
DA:106,0
DA:117,0
DA:118,0
DA:129,0
DA:134,0
DA:135,0
DA:136,0
DA:138,0
DA:140,0
DA:147,3
DA:153,3
DA:157,3
DA:158,3
DA:159,3
DA:163,0
DA:172,18
DA:173,18
DA:174,18
DA:175,18
DA:179,18
DA:180,7
DA:181,0
DA:183,0
DA:191,3
DA:192,3
DA:194,0
DA:195,0
DA:196,0
DA:200,0
DA:201,0
DA:202,0
DA:205,0
DA:217,3
DA:223,3
DA:225,3
DA:226,0
DA:227,0
DA:229,0
DA:230,0
DA:231,0
DA:234,3
DA:235,0
DA:236,0
DA:238,0
DA:241,3
DA:242,0
DA:244,3
DA:245,3
DA:246,3
DA:250,0
DA:251,0
DA:252,0
DA:253,0
DA:254,0
DA:258,0
DA:259,0
DA:260,0
DA:267,0
DA:268,0
DA:275,0
DA:283,1
DA:350,0
DA:351,0
DA:352,0
DA:354,0
DA:355,0
DA:356,0
DA:357,0
DA:358,0
DA:359,0
DA:360,0
DA:364,0
DA:365,0
DA:366,0
DA:368,0
DA:370,0
DA:393,0
DA:394,0
DA:396,0
DA:405,0
DA:407,0
DA:411,0
DA:456,0
DA:457,0
DA:458,0
DA:459,0
DA:461,0
DA:465,0
DA:466,0
DA:470,0
DA:471,0
DA:472,0
DA:473,0
DA:474,0
DA:477,0
DA:478,0
DA:484,0
DA:488,3
DA:495,3
DA:522,3
DA:523,3
DA:524,3
DA:527,3
DA:529,3
DA:535,3
DA:537,3
DA:538,3
DA:539,3
DA:541,3
DA:542,3
DA:544,3
DA:545,3
DA:546,3
DA:547,0
DA:549,0
DA:551,3
DA:552,3
DA:553,3
DA:555,3
DA:564,3
DA:567,0
DA:568,0
DA:569,0
DA:571,0
DA:573,0
DA:587,0
DA:595,0
DA:596,0
DA:601,0
DA:622,3
DA:624,0
DA:629,0
DA:650,3
DA:651,18
DA:654,3
DA:1085,0
LF:160
LH:63
BRDA:4,0,0,0
BRDA:6,1,0,37
BRDA:6,1,1,0
BRDA:14,2,0,37
BRDA:14,2,1,0
BRDA:14,2,2,0
BRDA:19,3,0,3
BRDA:19,3,1,0
BRDA:19,4,0,3
BRDA:19,4,1,0
BRDA:19,4,2,0
BRDA:19,4,3,0
BRDA:20,5,0,0
BRDA:20,5,1,0
BRDA:20,6,0,0
BRDA:20,6,1,0
BRDA:20,6,2,0
BRDA:20,6,3,0
BRDA:21,7,0,0
BRDA:21,7,1,0
BRDA:21,7,2,0
BRDA:21,7,3,0
BRDA:26,8,0,3
BRDA:26,8,1,0
BRDA:26,9,0,3
BRDA:26,9,1,0
BRDA:29,10,0,0
BRDA:31,11,0,0
BRDA:31,11,1,75
BRDA:32,12,0,0
BRDA:32,12,1,75
BRDA:37,13,0,0
BRDA:37,13,1,0
BRDA:39,14,0,0
BRDA:39,14,1,0
BRDA:39,14,2,0
BRDA:39,14,3,0
BRDA:39,14,4,0
BRDA:43,15,0,0
BRDA:43,15,1,0
BRDA:48,16,0,9
BRDA:48,16,1,9
BRDA:48,16,2,9
BRDA:48,16,3,9
BRDA:48,16,4,9
BRDA:48,16,5,9
BRDA:48,16,6,9
BRDA:48,16,7,9
BRDA:48,16,8,9
BRDA:48,16,9,9
BRDA:48,16,10,9
BRDA:48,16,11,9
BRDA:48,16,12,9
BRDA:48,16,13,9
BRDA:48,16,14,9
BRDA:48,16,15,8
BRDA:66,17,0,9
BRDA:66,17,1,8
BRDA:66,17,2,8
BRDA:66,17,3,8
BRDA:67,18,0,9
BRDA:67,18,1,8
BRDA:67,18,2,8
BRDA:68,19,0,9
BRDA:68,19,1,8
BRDA:68,19,2,8
BRDA:69,20,0,9
BRDA:69,20,1,8
BRDA:69,20,2,8
BRDA:70,21,0,9
BRDA:70,21,1,8
BRDA:70,21,2,8
BRDA:75,22,0,87
BRDA:75,22,1,0
BRDA:84,23,0,3
BRDA:84,23,1,0
BRDA:84,23,2,0
BRDA:84,23,3,0
BRDA:85,24,0,3
BRDA:85,24,1,0
BRDA:85,24,2,0
BRDA:86,25,0,3
BRDA:86,25,1,0
BRDA:86,25,2,0
BRDA:87,26,0,3
BRDA:87,26,1,0
BRDA:87,26,2,0
BRDA:93,27,0,0
BRDA:93,27,1,0
BRDA:93,27,2,0
BRDA:93,27,3,0
BRDA:105,28,0,0
BRDA:105,28,1,0
BRDA:105,28,2,0
BRDA:106,29,0,0
BRDA:106,29,1,0
BRDA:106,29,2,0
BRDA:106,29,3,0
BRDA:106,29,4,0
BRDA:108,30,0,0
BRDA:108,30,1,0
BRDA:108,30,2,0
BRDA:109,31,0,0
BRDA:109,31,1,0
BRDA:109,31,2,0
BRDA:110,32,0,0
BRDA:110,32,1,0
BRDA:110,32,2,0
BRDA:117,33,0,0
BRDA:117,33,1,0
BRDA:117,33,2,0
BRDA:118,34,0,0
BRDA:118,34,1,0
BRDA:118,34,2,0
BRDA:118,34,3,0
BRDA:118,34,4,0
BRDA:120,35,0,0
BRDA:120,35,1,0
BRDA:120,35,2,0
BRDA:121,36,0,0
BRDA:121,36,1,0
BRDA:121,36,2,0
BRDA:122,37,0,0
BRDA:122,37,1,0
BRDA:122,37,2,0
BRDA:130,38,0,0
BRDA:130,38,1,0
BRDA:130,38,2,0
BRDA:130,38,3,0
BRDA:134,39,0,0
BRDA:134,39,1,0
BRDA:136,40,0,0
BRDA:136,40,1,0
BRDA:136,40,2,0
BRDA:146,41,0,3
BRDA:147,42,0,3
BRDA:147,42,1,0
BRDA:153,43,0,3
BRDA:153,43,1,0
BRDA:157,44,0,3
BRDA:157,44,1,0
BRDA:171,45,0,0
BRDA:174,46,0,7
BRDA:174,46,1,7
BRDA:178,47,0,0
BRDA:178,48,0,0
BRDA:191,49,0,3
BRDA:191,49,1,0
BRDA:195,50,0,0
BRDA:195,50,1,0
BRDA:200,51,0,0
BRDA:200,51,1,0
BRDA:212,52,0,0
BRDA:213,53,0,0
BRDA:214,54,0,0
BRDA:217,55,0,0
BRDA:217,55,1,3
BRDA:219,56,0,0
BRDA:219,56,1,3
BRDA:225,57,0,0
BRDA:225,57,1,3
BRDA:226,58,0,0
BRDA:226,58,1,0
BRDA:231,59,0,0
BRDA:231,59,1,0
BRDA:234,60,0,0
BRDA:234,60,1,3
BRDA:235,61,0,0
BRDA:235,61,1,0
BRDA:238,62,0,0
BRDA:238,62,1,0
BRDA:241,63,0,0
BRDA:241,63,1,3
BRDA:246,64,0,0
BRDA:246,64,1,3
BRDA:251,65,0,0
BRDA:251,65,1,0
BRDA:252,66,0,0
BRDA:252,66,1,0
BRDA:253,67,0,0
BRDA:253,67,1,0
BRDA:259,68,0,0
BRDA:259,68,1,0
BRDA:267,69,0,0
BRDA:267,69,1,0
BRDA:350,70,0,0
BRDA:350,70,1,0
BRDA:350,70,2,0
BRDA:351,71,0,0
BRDA:351,71,1,0
BRDA:351,72,0,0
BRDA:351,72,1,0
BRDA:351,73,0,0
BRDA:351,73,1,0
BRDA:354,74,0,0
BRDA:354,74,1,0
BRDA:355,75,0,0
BRDA:355,75,1,0
BRDA:356,76,0,0
BRDA:356,76,1,0
BRDA:357,77,0,0
BRDA:357,77,1,0
BRDA:358,78,0,0
BRDA:358,78,1,0
BRDA:359,79,0,0
BRDA:359,79,1,0
BRDA:366,80,0,0
BRDA:366,80,1,0
BRDA:366,80,2,0
BRDA:368,81,0,0
BRDA:368,81,1,0
BRDA:368,82,0,0
BRDA:368,82,1,0
BRDA:394,83,0,0
BRDA:394,83,1,0
BRDA:398,84,0,0
BRDA:398,84,1,0
BRDA:399,85,0,0
BRDA:399,85,1,0
BRDA:400,86,0,0
BRDA:400,86,1,0
BRDA:405,87,0,0
BRDA:405,87,1,0
BRDA:409,88,0,0
BRDA:409,88,1,0
BRDA:412,89,0,0
BRDA:412,89,1,0
BRDA:412,89,2,0
BRDA:416,90,0,0
BRDA:416,90,1,0
BRDA:416,90,2,0
BRDA:416,90,3,0
BRDA:419,91,0,0
BRDA:419,91,1,0
BRDA:420,92,0,0
BRDA:420,92,1,0
BRDA:421,93,0,0
BRDA:421,93,1,0
BRDA:428,94,0,0
BRDA:428,94,1,0
BRDA:428,94,2,0
BRDA:429,95,0,0
BRDA:429,95,1,0
BRDA:439,96,0,0
BRDA:439,96,1,0
BRDA:441,97,0,0
BRDA:441,97,1,0
BRDA:443,98,0,0
BRDA:443,98,1,0
BRDA:450,99,0,0
BRDA:450,99,1,0
BRDA:450,99,2,0
BRDA:450,99,3,0
BRDA:457,100,0,0
BRDA:457,100,1,0
BRDA:462,101,0,0
BRDA:462,101,1,0
BRDA:463,102,0,0
BRDA:463,102,1,0
BRDA:464,103,0,0
BRDA:464,103,1,0
BRDA:465,104,0,0
BRDA:465,104,1,0
BRDA:465,104,2,0
BRDA:466,105,0,0
BRDA:466,105,1,0
BRDA:472,106,0,0
BRDA:472,106,1,0
BRDA:472,107,0,0
BRDA:472,107,1,0
BRDA:477,108,0,0
BRDA:477,108,1,0
BRDA:510,109,0,0
BRDA:512,110,0,0
BRDA:513,111,0,0
BRDA:514,112,0,0
BRDA:515,113,0,0
BRDA:516,114,0,0
BRDA:517,115,0,0
BRDA:518,116,0,0
BRDA:519,117,0,0
BRDA:524,118,0,3
BRDA:524,118,1,0
BRDA:527,119,0,3
BRDA:527,119,1,0
BRDA:527,119,2,0
BRDA:529,120,0,0
BRDA:529,120,1,3
BRDA:529,121,0,3
BRDA:529,121,1,0
BRDA:535,122,0,0
BRDA:535,122,1,3
BRDA:535,123,0,3
BRDA:535,123,1,0
BRDA:546,124,0,3
BRDA:546,124,1,3
BRDA:564,125,0,0
BRDA:564,125,1,3
BRDA:571,126,0,0
BRDA:571,126,1,0
BRDA:571,126,2,0
BRDA:571,127,0,0
BRDA:571,127,1,0
BRDA:575,128,0,0
BRDA:575,128,1,0
BRDA:576,129,0,0
BRDA:576,129,1,0
BRDA:587,130,0,0
BRDA:587,130,1,0
BRDA:596,131,0,0
BRDA:596,131,1,0
BRDA:597,132,0,0
BRDA:597,132,1,0
BRDA:598,133,0,0
BRDA:598,133,1,0
BRDA:630,134,0,0
BRDA:630,134,1,0
BRDA:633,135,0,0
BRDA:633,135,1,0
BRDA:636,136,0,0
BRDA:636,136,1,0
BRDA:638,137,0,0
BRDA:638,137,1,0
BRDA:642,138,0,0
BRDA:642,138,1,0
BRDA:1018,139,0,3
BRDA:1018,139,1,0
BRDA:1018,139,2,0
BRDA:1049,140,0,0
BRDA:1049,140,1,3
BRF:330
BRH:69
end_of_record
